
Due to MODULEPATH changes, the following have been reloaded:
  1) openmpi/2.1.1

validation accuracy: 0.7689999938011169
Checkpoint saved
Epoch 0, Train Accuracy: 0.7914444804191589 , TrainLoss: 0.47926421144273545 , validate Accuracy: 0.7689999938011169
validation accuracy: 0.7356666326522827
Epoch 1, Train Accuracy: 0.795555591583252 , TrainLoss: 0.47656069310506183 , validate Accuracy: 0.7356666326522827
validation accuracy: 0.7739999890327454
Checkpoint saved
Epoch 2, Train Accuracy: 0.7968888878822327 , TrainLoss: 0.4724522882037693 , validate Accuracy: 0.7739999890327454
validation accuracy: 0.7776666879653931
Checkpoint saved
Epoch 3, Train Accuracy: 0.7900000214576721 , TrainLoss: 0.479818656762441 , validate Accuracy: 0.7776666879653931
validation accuracy: 0.7799999713897705
Checkpoint saved
Epoch 4, Train Accuracy: 0.7890000343322754 , TrainLoss: 0.4698505783610874 , validate Accuracy: 0.7799999713897705
validation accuracy: 0.7856666445732117
Checkpoint saved
Epoch 5, Train Accuracy: 0.7988889217376709 , TrainLoss: 0.46457016801834106 , validate Accuracy: 0.7856666445732117
validation accuracy: 0.7683333158493042
Epoch 6, Train Accuracy: 0.7978888750076294 , TrainLoss: 0.4664345321655273 , validate Accuracy: 0.7683333158493042
validation accuracy: 0.762333333492279
Epoch 7, Train Accuracy: 0.7990000247955322 , TrainLoss: 0.46682837012079026 , validate Accuracy: 0.762333333492279
validation accuracy: 0.7720000147819519
Epoch 8, Train Accuracy: 0.8034444451332092 , TrainLoss: 0.45999141195085314 , validate Accuracy: 0.7720000147819519
validation accuracy: 0.7743332982063293
Epoch 9, Train Accuracy: 0.8055555820465088 , TrainLoss: 0.4560726309352451 , validate Accuracy: 0.7743332982063293
validation accuracy: 0.7759999632835388
Epoch 10, Train Accuracy: 0.799666702747345 , TrainLoss: 0.462103629483117 , validate Accuracy: 0.7759999632835388
validation accuracy: 0.7716666460037231
Epoch 11, Train Accuracy: 0.8033333420753479 , TrainLoss: 0.45578729142083063 , validate Accuracy: 0.7716666460037231
validation accuracy: 0.7826666831970215
Epoch 12, Train Accuracy: 0.8050000071525574 , TrainLoss: 0.4563429004881117 , validate Accuracy: 0.7826666831970215
validation accuracy: 0.7509999871253967
Epoch 13, Train Accuracy: 0.7951111197471619 , TrainLoss: 0.46550787745581734 , validate Accuracy: 0.7509999871253967
validation accuracy: 0.7676666378974915
Epoch 14, Train Accuracy: 0.8056666851043701 , TrainLoss: 0.4584827857547336 , validate Accuracy: 0.7676666378974915
validation accuracy: 0.7680000066757202
Epoch 15, Train Accuracy: 0.807888925075531 , TrainLoss: 0.4509048208925459 , validate Accuracy: 0.7680000066757202
validation accuracy: 0.784333348274231
Epoch 16, Train Accuracy: 0.8061110973358154 , TrainLoss: 0.44941514049635994 , validate Accuracy: 0.784333348274231
validation accuracy: 0.7720000147819519
Epoch 17, Train Accuracy: 0.8098888993263245 , TrainLoss: 0.44051913119686975 , validate Accuracy: 0.7720000147819519
validation accuracy: 0.7876666784286499
Checkpoint saved
Epoch 18, Train Accuracy: 0.8051111102104187 , TrainLoss: 0.4518507089085049 , validate Accuracy: 0.7876666784286499
validation accuracy: 0.7766666412353516
Epoch 19, Train Accuracy: 0.8136667013168335 , TrainLoss: 0.4420662847624885 , validate Accuracy: 0.7766666412353516
validation accuracy: 0.7910000085830688
Checkpoint saved
Epoch 20, Train Accuracy: 0.8063333630561829 , TrainLoss: 0.44769015084372626 , validate Accuracy: 0.7910000085830688
validation accuracy: 0.7803333401679993
Epoch 21, Train Accuracy: 0.8067777752876282 , TrainLoss: 0.44843670792049833 , validate Accuracy: 0.7803333401679993
validation accuracy: 0.7836666703224182
Epoch 22, Train Accuracy: 0.8068888783454895 , TrainLoss: 0.4460931178728739 , validate Accuracy: 0.7836666703224182
validation accuracy: 0.7926666736602783
Checkpoint saved
Epoch 23, Train Accuracy: 0.8140000104904175 , TrainLoss: 0.436247107134925 , validate Accuracy: 0.7926666736602783
validation accuracy: 0.7776666879653931
Epoch 24, Train Accuracy: 0.8118888735771179 , TrainLoss: 0.4390655172533459 , validate Accuracy: 0.7776666879653931
validation accuracy: 0.7770000100135803
Epoch 25, Train Accuracy: 0.8088889122009277 , TrainLoss: 0.43751181676652695 , validate Accuracy: 0.7770000100135803
validation accuracy: 0.7903333306312561
Epoch 26, Train Accuracy: 0.8081111311912537 , TrainLoss: 0.44571080422401427 , validate Accuracy: 0.7903333306312561
validation accuracy: 0.7593333125114441
Epoch 27, Train Accuracy: 0.8096666932106018 , TrainLoss: 0.4420839507314894 , validate Accuracy: 0.7593333125114441
validation accuracy: 0.7793333530426025
Epoch 28, Train Accuracy: 0.8136667013168335 , TrainLoss: 0.43322956471972995 , validate Accuracy: 0.7793333530426025
validation accuracy: 0.7860000133514404
Epoch 29, Train Accuracy: 0.8132222294807434 , TrainLoss: 0.43205356380674576 , validate Accuracy: 0.7860000133514404
validation accuracy: 0.7879999876022339
Epoch 30, Train Accuracy: 0.820555567741394 , TrainLoss: 0.42536872646543716 , validate Accuracy: 0.7879999876022339
validation accuracy: 0.7833333015441895
Epoch 31, Train Accuracy: 0.8090000152587891 , TrainLoss: 0.433797113749716 , validate Accuracy: 0.7833333015441895
validation accuracy: 0.7923333048820496
Epoch 32, Train Accuracy: 0.8281111121177673 , TrainLoss: 0.40468120182885065 , validate Accuracy: 0.7923333048820496
validation accuracy: 0.7963333129882812
Checkpoint saved
Epoch 33, Train Accuracy: 0.8338888883590698 , TrainLoss: 0.39838830200831093 , validate Accuracy: 0.7963333129882812
validation accuracy: 0.7986666560173035
Checkpoint saved
Epoch 34, Train Accuracy: 0.831333339214325 , TrainLoss: 0.39187853580050996 , validate Accuracy: 0.7986666560173035
validation accuracy: 0.796999990940094
Epoch 35, Train Accuracy: 0.8400000333786011 , TrainLoss: 0.3865690152645111 , validate Accuracy: 0.796999990940094
validation accuracy: 0.7986666560173035
Epoch 36, Train Accuracy: 0.8339999914169312 , TrainLoss: 0.3941518557336595 , validate Accuracy: 0.7986666560173035
validation accuracy: 0.7960000038146973
Epoch 37, Train Accuracy: 0.8405555486679077 , TrainLoss: 0.3819957399368286 , validate Accuracy: 0.7960000038146973
validation accuracy: 0.7963333129882812
Epoch 38, Train Accuracy: 0.8368889093399048 , TrainLoss: 0.38631514710850184 , validate Accuracy: 0.7963333129882812
validation accuracy: 0.793999969959259
Epoch 39, Train Accuracy: 0.8328889012336731 , TrainLoss: 0.39401803737216523 , validate Accuracy: 0.793999969959259
validation accuracy: 0.7983333468437195
Epoch 40, Train Accuracy: 0.8391111493110657 , TrainLoss: 0.3808058722813924 , validate Accuracy: 0.7983333468437195
validation accuracy: 0.800000011920929
Checkpoint saved
Epoch 41, Train Accuracy: 0.8328889012336731 , TrainLoss: 0.3926917496787177 , validate Accuracy: 0.800000011920929
validation accuracy: 0.7976666688919067
Epoch 42, Train Accuracy: 0.8355555534362793 , TrainLoss: 0.3891741832362281 , validate Accuracy: 0.7976666688919067
validation accuracy: 0.7996666431427002
Epoch 43, Train Accuracy: 0.8352222442626953 , TrainLoss: 0.384362536377377 , validate Accuracy: 0.7996666431427002
validation accuracy: 0.793999969959259
Epoch 44, Train Accuracy: 0.8363333344459534 , TrainLoss: 0.37989649603101944 , validate Accuracy: 0.793999969959259
validation accuracy: 0.7960000038146973
Epoch 45, Train Accuracy: 0.8394444584846497 , TrainLoss: 0.3829080191453298 , validate Accuracy: 0.7960000038146973
validation accuracy: 0.7956666350364685
Epoch 46, Train Accuracy: 0.8345555663108826 , TrainLoss: 0.3949363866911994 , validate Accuracy: 0.7956666350364685
validation accuracy: 0.7963333129882812
Epoch 47, Train Accuracy: 0.8417778015136719 , TrainLoss: 0.3835879248513116 , validate Accuracy: 0.7963333129882812
validation accuracy: 0.7953333258628845
Epoch 48, Train Accuracy: 0.8413333296775818 , TrainLoss: 0.38159137508604263 , validate Accuracy: 0.7953333258628845
validation accuracy: 0.7953333258628845
Epoch 49, Train Accuracy: 0.8360000252723694 , TrainLoss: 0.38318756930033365 , validate Accuracy: 0.7953333258628845
validation accuracy: 0.7979999780654907
Epoch 50, Train Accuracy: 0.8401111364364624 , TrainLoss: 0.3825040230486128 , validate Accuracy: 0.7979999780654907
validation accuracy: 0.796999990940094
Epoch 51, Train Accuracy: 0.8416666984558105 , TrainLoss: 0.3817957125769721 , validate Accuracy: 0.796999990940094
validation accuracy: 0.8013333082199097
Checkpoint saved
Epoch 52, Train Accuracy: 0.8377777934074402 , TrainLoss: 0.38091526381174723 , validate Accuracy: 0.8013333082199097
validation accuracy: 0.7986666560173035
Epoch 53, Train Accuracy: 0.839555561542511 , TrainLoss: 0.3826955012745327 , validate Accuracy: 0.7986666560173035
validation accuracy: 0.7983333468437195
Epoch 54, Train Accuracy: 0.8389999866485596 , TrainLoss: 0.3817246700392829 , validate Accuracy: 0.7983333468437195
validation accuracy: 0.7986666560173035
Epoch 55, Train Accuracy: 0.8391111493110657 , TrainLoss: 0.38349972886509365 , validate Accuracy: 0.7986666560173035
validation accuracy: 0.7986666560173035
Epoch 56, Train Accuracy: 0.8427777886390686 , TrainLoss: 0.3784785570833418 , validate Accuracy: 0.7986666560173035
validation accuracy: 0.800000011920929
Epoch 57, Train Accuracy: 0.8441111445426941 , TrainLoss: 0.3729330434269375 , validate Accuracy: 0.800000011920929
validation accuracy: 0.7986666560173035
Epoch 58, Train Accuracy: 0.8418889045715332 , TrainLoss: 0.38087593139542475 , validate Accuracy: 0.7986666560173035
validation accuracy: 0.7996666431427002
Epoch 59, Train Accuracy: 0.8405555486679077 , TrainLoss: 0.37897705472840204 , validate Accuracy: 0.7996666431427002
validation accuracy: 0.7989999651908875
Epoch 60, Train Accuracy: 0.840666651725769 , TrainLoss: 0.37477954716152617 , validate Accuracy: 0.7989999651908875
validation accuracy: 0.8006666302680969
Epoch 61, Train Accuracy: 0.8444444537162781 , TrainLoss: 0.37568900373246933 , validate Accuracy: 0.8006666302680969
validation accuracy: 0.79666668176651
Epoch 62, Train Accuracy: 0.8475555777549744 , TrainLoss: 0.3663796535200543 , validate Accuracy: 0.79666668176651
validation accuracy: 0.8009999990463257
Epoch 63, Train Accuracy: 0.846666693687439 , TrainLoss: 0.36857428222232397 , validate Accuracy: 0.8009999990463257
validation accuracy: 0.7983333468437195
Epoch 64, Train Accuracy: 0.8491111397743225 , TrainLoss: 0.3665312583711412 , validate Accuracy: 0.7983333468437195
validation accuracy: 0.7976666688919067
Epoch 65, Train Accuracy: 0.8462222218513489 , TrainLoss: 0.3697986164887746 , validate Accuracy: 0.7976666688919067
validation accuracy: 0.7983333468437195
Epoch 66, Train Accuracy: 0.8443333506584167 , TrainLoss: 0.3742443933222029 , validate Accuracy: 0.7983333468437195
validation accuracy: 0.797333300113678
Epoch 67, Train Accuracy: 0.8437777757644653 , TrainLoss: 0.3686311978234185 , validate Accuracy: 0.797333300113678
validation accuracy: 0.7983333468437195
Epoch 68, Train Accuracy: 0.8454444408416748 , TrainLoss: 0.36759657230642107 , validate Accuracy: 0.7983333468437195
validation accuracy: 0.7950000166893005
Epoch 69, Train Accuracy: 0.8417778015136719 , TrainLoss: 0.3753549213144514 , validate Accuracy: 0.7950000166893005
validation accuracy: 0.7979999780654907
Epoch 70, Train Accuracy: 0.8451111316680908 , TrainLoss: 0.3713600548373328 , validate Accuracy: 0.7979999780654907
validation accuracy: 0.7976666688919067
Epoch 71, Train Accuracy: 0.8457778096199036 , TrainLoss: 0.3666124260160658 , validate Accuracy: 0.7976666688919067
validation accuracy: 0.7979999780654907
Epoch 72, Train Accuracy: 0.8435555696487427 , TrainLoss: 0.3673483395046658 , validate Accuracy: 0.7979999780654907
validation accuracy: 0.8016666769981384
Checkpoint saved
Epoch 73, Train Accuracy: 0.8462222218513489 , TrainLoss: 0.366750307559967 , validate Accuracy: 0.8016666769981384
validation accuracy: 0.7996666431427002
Epoch 74, Train Accuracy: 0.8488888740539551 , TrainLoss: 0.36862782012091744 , validate Accuracy: 0.7996666431427002
validation accuracy: 0.7979999780654907
Epoch 75, Train Accuracy: 0.8422222137451172 , TrainLoss: 0.3720859488911099 , validate Accuracy: 0.7979999780654907
validation accuracy: 0.7986666560173035
Epoch 76, Train Accuracy: 0.8421111106872559 , TrainLoss: 0.374739357246293 , validate Accuracy: 0.7986666560173035
validation accuracy: 0.800000011920929
Epoch 77, Train Accuracy: 0.840666651725769 , TrainLoss: 0.3749436093436347 , validate Accuracy: 0.800000011920929
validation accuracy: 0.7996666431427002
Epoch 78, Train Accuracy: 0.8448889255523682 , TrainLoss: 0.3729059440294902 , validate Accuracy: 0.7996666431427002
validation accuracy: 0.7996666431427002
Epoch 79, Train Accuracy: 0.8450000286102295 , TrainLoss: 0.3677697720527649 , validate Accuracy: 0.7996666431427002
validation accuracy: 0.8013333082199097
Epoch 80, Train Accuracy: 0.8453333377838135 , TrainLoss: 0.36809308626916676 , validate Accuracy: 0.8013333082199097
validation accuracy: 0.7976666688919067
Epoch 81, Train Accuracy: 0.848111093044281 , TrainLoss: 0.3680971511734856 , validate Accuracy: 0.7976666688919067
validation accuracy: 0.797333300113678
Epoch 82, Train Accuracy: 0.8438888788223267 , TrainLoss: 0.3721551014847226 , validate Accuracy: 0.797333300113678
validation accuracy: 0.797333300113678
Epoch 83, Train Accuracy: 0.8468888998031616 , TrainLoss: 0.3670473890569475 , validate Accuracy: 0.797333300113678
validation accuracy: 0.7996666431427002
Epoch 84, Train Accuracy: 0.8431110978126526 , TrainLoss: 0.3755752237108019 , validate Accuracy: 0.7996666431427002
validation accuracy: 0.796999990940094
Epoch 85, Train Accuracy: 0.8487777709960938 , TrainLoss: 0.3706438806851705 , validate Accuracy: 0.796999990940094
validation accuracy: 0.796999990940094
Epoch 86, Train Accuracy: 0.8463333249092102 , TrainLoss: 0.36692892085181344 , validate Accuracy: 0.796999990940094
validation accuracy: 0.797333300113678
Epoch 87, Train Accuracy: 0.8479999899864197 , TrainLoss: 0.36607227312193974 , validate Accuracy: 0.797333300113678
validation accuracy: 0.7979999780654907
Epoch 88, Train Accuracy: 0.8464444279670715 , TrainLoss: 0.3678927663167318 , validate Accuracy: 0.7979999780654907
validation accuracy: 0.7989999651908875
Epoch 89, Train Accuracy: 0.8448889255523682 , TrainLoss: 0.3672994956175486 , validate Accuracy: 0.7989999651908875
validation accuracy: 0.8016666769981384
Epoch 90, Train Accuracy: 0.8463333249092102 , TrainLoss: 0.36534930928548176 , validate Accuracy: 0.8016666769981384
validation accuracy: 0.8013333082199097
Epoch 91, Train Accuracy: 0.8437777757644653 , TrainLoss: 0.36796999634636773 , validate Accuracy: 0.8013333082199097
validation accuracy: 0.7996666431427002
Epoch 92, Train Accuracy: 0.8467777967453003 , TrainLoss: 0.3646103698942396 , validate Accuracy: 0.7996666431427002
validation accuracy: 0.8009999990463257
Epoch 93, Train Accuracy: 0.8424444794654846 , TrainLoss: 0.36776201742225223 , validate Accuracy: 0.8009999990463257
validation accuracy: 0.8016666769981384
Epoch 94, Train Accuracy: 0.8435555696487427 , TrainLoss: 0.37054573492209114 , validate Accuracy: 0.8016666769981384
validation accuracy: 0.8006666302680969
Epoch 95, Train Accuracy: 0.8473333716392517 , TrainLoss: 0.3706206391122606 , validate Accuracy: 0.8006666302680969
validation accuracy: 0.7996666431427002
Epoch 96, Train Accuracy: 0.8467777967453003 , TrainLoss: 0.36270291821161904 , validate Accuracy: 0.7996666431427002
validation accuracy: 0.7993333339691162
Epoch 97, Train Accuracy: 0.8493333458900452 , TrainLoss: 0.3695637037886514 , validate Accuracy: 0.7993333339691162
validation accuracy: 0.8006666302680969
Epoch 98, Train Accuracy: 0.8473333716392517 , TrainLoss: 0.3678828221956889 , validate Accuracy: 0.8006666302680969
validation accuracy: 0.7983333468437195
Epoch 99, Train Accuracy: 0.8437777757644653 , TrainLoss: 0.36969862794876096 , validate Accuracy: 0.7983333468437195
