
Due to MODULEPATH changes, the following have been reloaded:
  1) openmpi/2.1.1

validation accuracy: 0.7543333172798157
Checkpoint saved
Epoch 0, Train Accuracy: 0.7933333516120911 , TrainLoss: 0.4781333057615492 , validate Accuracy: 0.7543333172798157
validation accuracy: 0.7546666860580444
Checkpoint saved
Epoch 1, Train Accuracy: 0.7893333435058594 , TrainLoss: 0.4763052208158705 , validate Accuracy: 0.7546666860580444
validation accuracy: 0.777999997138977
Checkpoint saved
Epoch 2, Train Accuracy: 0.7950000166893005 , TrainLoss: 0.47152343808280095 , validate Accuracy: 0.777999997138977
validation accuracy: 0.7833333015441895
Checkpoint saved
Epoch 3, Train Accuracy: 0.7948889136314392 , TrainLoss: 0.4707322352197435 , validate Accuracy: 0.7833333015441895
validation accuracy: 0.7766666412353516
Epoch 4, Train Accuracy: 0.8019999861717224 , TrainLoss: 0.4603109827041626 , validate Accuracy: 0.7766666412353516
validation accuracy: 0.7756666541099548
Epoch 5, Train Accuracy: 0.7972222566604614 , TrainLoss: 0.4656251305739085 , validate Accuracy: 0.7756666541099548
validation accuracy: 0.781333327293396
Epoch 6, Train Accuracy: 0.7993333339691162 , TrainLoss: 0.4629304951032003 , validate Accuracy: 0.781333327293396
validation accuracy: 0.7796666622161865
Epoch 7, Train Accuracy: 0.7954444289207458 , TrainLoss: 0.4738668036990695 , validate Accuracy: 0.7796666622161865
validation accuracy: 0.7556666731834412
Epoch 8, Train Accuracy: 0.8014444708824158 , TrainLoss: 0.4654548887146844 , validate Accuracy: 0.7556666731834412
validation accuracy: 0.7856666445732117
Checkpoint saved
Epoch 9, Train Accuracy: 0.7978888750076294 , TrainLoss: 0.46404137131902906 , validate Accuracy: 0.7856666445732117
validation accuracy: 0.7889999747276306
Checkpoint saved
Epoch 10, Train Accuracy: 0.8051111102104187 , TrainLoss: 0.46558713987138534 , validate Accuracy: 0.7889999747276306
validation accuracy: 0.7829999923706055
Epoch 11, Train Accuracy: 0.8027777671813965 , TrainLoss: 0.45709527153438995 , validate Accuracy: 0.7829999923706055
validation accuracy: 0.7789999842643738
Epoch 12, Train Accuracy: 0.8063333630561829 , TrainLoss: 0.44879346828990513 , validate Accuracy: 0.7789999842643738
validation accuracy: 0.7723333239555359
Epoch 13, Train Accuracy: 0.8035555481910706 , TrainLoss: 0.4559788865513272 , validate Accuracy: 0.7723333239555359
validation accuracy: 0.784333348274231
Epoch 14, Train Accuracy: 0.8056666851043701 , TrainLoss: 0.4537731578151385 , validate Accuracy: 0.784333348274231
validation accuracy: 0.7826666831970215
Epoch 15, Train Accuracy: 0.8033333420753479 , TrainLoss: 0.4557333937221103 , validate Accuracy: 0.7826666831970215
validation accuracy: 0.7889999747276306
Epoch 16, Train Accuracy: 0.8094444274902344 , TrainLoss: 0.4499119142823749 , validate Accuracy: 0.7889999747276306
validation accuracy: 0.7846666574478149
Epoch 17, Train Accuracy: 0.8054444789886475 , TrainLoss: 0.45195190948910186 , validate Accuracy: 0.7846666574478149
validation accuracy: 0.7680000066757202
Epoch 18, Train Accuracy: 0.8084444403648376 , TrainLoss: 0.4507871198654175 , validate Accuracy: 0.7680000066757202
validation accuracy: 0.7913333177566528
Checkpoint saved
Epoch 19, Train Accuracy: 0.8086666464805603 , TrainLoss: 0.4422879729270935 , validate Accuracy: 0.7913333177566528
validation accuracy: 0.7536666393280029
Epoch 20, Train Accuracy: 0.8115555644035339 , TrainLoss: 0.4399955950313144 , validate Accuracy: 0.7536666393280029
validation accuracy: 0.7749999761581421
Epoch 21, Train Accuracy: 0.807888925075531 , TrainLoss: 0.44575249152713353 , validate Accuracy: 0.7749999761581421
validation accuracy: 0.778333306312561
Epoch 22, Train Accuracy: 0.8068888783454895 , TrainLoss: 0.4454199943741163 , validate Accuracy: 0.778333306312561
validation accuracy: 0.7836666703224182
Epoch 23, Train Accuracy: 0.8107777833938599 , TrainLoss: 0.4371673689418369 , validate Accuracy: 0.7836666703224182
validation accuracy: 0.7746666669845581
Epoch 24, Train Accuracy: 0.8107777833938599 , TrainLoss: 0.4392034420437283 , validate Accuracy: 0.7746666669845581
validation accuracy: 0.7703333497047424
Epoch 25, Train Accuracy: 0.8148888945579529 , TrainLoss: 0.4269878913031684 , validate Accuracy: 0.7703333497047424
validation accuracy: 0.7789999842643738
Epoch 26, Train Accuracy: 0.8155555725097656 , TrainLoss: 0.4312957746717665 , validate Accuracy: 0.7789999842643738
validation accuracy: 0.7829999923706055
Epoch 27, Train Accuracy: 0.8138889074325562 , TrainLoss: 0.43388343164655896 , validate Accuracy: 0.7829999923706055
validation accuracy: 0.7770000100135803
Epoch 28, Train Accuracy: 0.8124444484710693 , TrainLoss: 0.43681916046142577 , validate Accuracy: 0.7770000100135803
validation accuracy: 0.777999997138977
Epoch 29, Train Accuracy: 0.8075555562973022 , TrainLoss: 0.43962603465716044 , validate Accuracy: 0.777999997138977
validation accuracy: 0.7953333258628845
Checkpoint saved
Epoch 30, Train Accuracy: 0.8143333196640015 , TrainLoss: 0.43105451986524795 , validate Accuracy: 0.7953333258628845
validation accuracy: 0.7706666588783264
Epoch 31, Train Accuracy: 0.8136667013168335 , TrainLoss: 0.43588523711098565 , validate Accuracy: 0.7706666588783264
validation accuracy: 0.8026666641235352
Checkpoint saved
Epoch 32, Train Accuracy: 0.8353333473205566 , TrainLoss: 0.3977724891901016 , validate Accuracy: 0.8026666641235352
validation accuracy: 0.8013333082199097
Epoch 33, Train Accuracy: 0.8333333134651184 , TrainLoss: 0.39629394833246867 , validate Accuracy: 0.8013333082199097
validation accuracy: 0.8050000071525574
Checkpoint saved
Epoch 34, Train Accuracy: 0.8358889222145081 , TrainLoss: 0.3945026429494222 , validate Accuracy: 0.8050000071525574
validation accuracy: 0.8016666769981384
Epoch 35, Train Accuracy: 0.8355555534362793 , TrainLoss: 0.38666137023766833 , validate Accuracy: 0.8016666769981384
validation accuracy: 0.7993333339691162
Epoch 36, Train Accuracy: 0.835111141204834 , TrainLoss: 0.39152465460035535 , validate Accuracy: 0.7993333339691162
validation accuracy: 0.7963333129882812
Epoch 37, Train Accuracy: 0.8341110944747925 , TrainLoss: 0.38718128146065606 , validate Accuracy: 0.7963333129882812
validation accuracy: 0.7976666688919067
Epoch 38, Train Accuracy: 0.8393333554267883 , TrainLoss: 0.3812487755351596 , validate Accuracy: 0.7976666688919067
validation accuracy: 0.796999990940094
Epoch 39, Train Accuracy: 0.8364444375038147 , TrainLoss: 0.3809273802174462 , validate Accuracy: 0.796999990940094
validation accuracy: 0.7983333468437195
Epoch 40, Train Accuracy: 0.8393333554267883 , TrainLoss: 0.3805804089970059 , validate Accuracy: 0.7983333468437195
validation accuracy: 0.8043333292007446
Epoch 41, Train Accuracy: 0.8383333683013916 , TrainLoss: 0.3846030104955037 , validate Accuracy: 0.8043333292007446
validation accuracy: 0.8003333210945129
Epoch 42, Train Accuracy: 0.8295555710792542 , TrainLoss: 0.39004683383305866 , validate Accuracy: 0.8003333210945129
validation accuracy: 0.8016666769981384
Epoch 43, Train Accuracy: 0.8417778015136719 , TrainLoss: 0.37670582654741075 , validate Accuracy: 0.8016666769981384
validation accuracy: 0.8043333292007446
Epoch 44, Train Accuracy: 0.8400000333786011 , TrainLoss: 0.3804148616724544 , validate Accuracy: 0.8043333292007446
validation accuracy: 0.797333300113678
Epoch 45, Train Accuracy: 0.8356666564941406 , TrainLoss: 0.38772117047839694 , validate Accuracy: 0.797333300113678
validation accuracy: 0.8013333082199097
Epoch 46, Train Accuracy: 0.839222252368927 , TrainLoss: 0.37966266446643404 , validate Accuracy: 0.8013333082199097
validation accuracy: 0.8006666302680969
Epoch 47, Train Accuracy: 0.836222231388092 , TrainLoss: 0.3827116481728024 , validate Accuracy: 0.8006666302680969
validation accuracy: 0.8033333420753479
Epoch 48, Train Accuracy: 0.8421111106872559 , TrainLoss: 0.37515941505961947 , validate Accuracy: 0.8033333420753479
validation accuracy: 0.8016666769981384
Epoch 49, Train Accuracy: 0.8421111106872559 , TrainLoss: 0.3809558887879054 , validate Accuracy: 0.8016666769981384
validation accuracy: 0.8063333034515381
Checkpoint saved
Epoch 50, Train Accuracy: 0.8363333344459534 , TrainLoss: 0.3782924201753404 , validate Accuracy: 0.8063333034515381
validation accuracy: 0.8013333082199097
Epoch 51, Train Accuracy: 0.8382222056388855 , TrainLoss: 0.3775509672694736 , validate Accuracy: 0.8013333082199097
validation accuracy: 0.8009999990463257
Epoch 52, Train Accuracy: 0.8418889045715332 , TrainLoss: 0.38186448633670805 , validate Accuracy: 0.8009999990463257
validation accuracy: 0.8019999861717224
Epoch 53, Train Accuracy: 0.8394444584846497 , TrainLoss: 0.38072877825631035 , validate Accuracy: 0.8019999861717224
validation accuracy: 0.8019999861717224
Epoch 54, Train Accuracy: 0.8417778015136719 , TrainLoss: 0.3734999103546143 , validate Accuracy: 0.8019999861717224
validation accuracy: 0.7989999651908875
Epoch 55, Train Accuracy: 0.8381111025810242 , TrainLoss: 0.37798897139231363 , validate Accuracy: 0.7989999651908875
validation accuracy: 0.8029999732971191
Epoch 56, Train Accuracy: 0.8355555534362793 , TrainLoss: 0.3814999646345774 , validate Accuracy: 0.8029999732971191
validation accuracy: 0.8053333163261414
Epoch 57, Train Accuracy: 0.8407778143882751 , TrainLoss: 0.37473923495080735 , validate Accuracy: 0.8053333163261414
validation accuracy: 0.7996666431427002
Epoch 58, Train Accuracy: 0.8402222394943237 , TrainLoss: 0.3764446054564582 , validate Accuracy: 0.7996666431427002
validation accuracy: 0.8026666641235352
Epoch 59, Train Accuracy: 0.84333336353302 , TrainLoss: 0.3728161542614301 , validate Accuracy: 0.8026666641235352
validation accuracy: 0.8033333420753479
Epoch 60, Train Accuracy: 0.8366667032241821 , TrainLoss: 0.3748876731660631 , validate Accuracy: 0.8033333420753479
validation accuracy: 0.8013333082199097
Epoch 61, Train Accuracy: 0.8364444375038147 , TrainLoss: 0.38212205449740094 , validate Accuracy: 0.8013333082199097
validation accuracy: 0.8050000071525574
Epoch 62, Train Accuracy: 0.8454444408416748 , TrainLoss: 0.36752940571308135 , validate Accuracy: 0.8050000071525574
validation accuracy: 0.8013333082199097
Epoch 63, Train Accuracy: 0.8426666855812073 , TrainLoss: 0.3737042068640391 , validate Accuracy: 0.8013333082199097
validation accuracy: 0.8033333420753479
Epoch 64, Train Accuracy: 0.8382222056388855 , TrainLoss: 0.3743964064386156 , validate Accuracy: 0.8033333420753479
validation accuracy: 0.8016666769981384
Epoch 65, Train Accuracy: 0.8446666598320007 , TrainLoss: 0.36582266081704035 , validate Accuracy: 0.8016666769981384
validation accuracy: 0.8040000200271606
Epoch 66, Train Accuracy: 0.8460000157356262 , TrainLoss: 0.3702444937494066 , validate Accuracy: 0.8040000200271606
validation accuracy: 0.8023332953453064
Epoch 67, Train Accuracy: 0.8437777757644653 , TrainLoss: 0.36855721293555366 , validate Accuracy: 0.8023332953453064
validation accuracy: 0.8040000200271606
Epoch 68, Train Accuracy: 0.8443333506584167 , TrainLoss: 0.3720435394181146 , validate Accuracy: 0.8040000200271606
validation accuracy: 0.8013333082199097
Epoch 69, Train Accuracy: 0.8402222394943237 , TrainLoss: 0.37367208120558 , validate Accuracy: 0.8013333082199097
validation accuracy: 0.800000011920929
Epoch 70, Train Accuracy: 0.8448889255523682 , TrainLoss: 0.3712210723294152 , validate Accuracy: 0.800000011920929
validation accuracy: 0.7993333339691162
Epoch 71, Train Accuracy: 0.8426666855812073 , TrainLoss: 0.37245419459872775 , validate Accuracy: 0.7993333339691162
validation accuracy: 0.8023332953453064
Epoch 72, Train Accuracy: 0.8475555777549744 , TrainLoss: 0.3669942561255561 , validate Accuracy: 0.8023332953453064
validation accuracy: 0.79666668176651
Epoch 73, Train Accuracy: 0.8443333506584167 , TrainLoss: 0.3730293708377414 , validate Accuracy: 0.79666668176651
validation accuracy: 0.8040000200271606
Epoch 74, Train Accuracy: 0.8443333506584167 , TrainLoss: 0.37301286851035226 , validate Accuracy: 0.8040000200271606
validation accuracy: 0.8003333210945129
Epoch 75, Train Accuracy: 0.8431110978126526 , TrainLoss: 0.37218692753050064 , validate Accuracy: 0.8003333210945129
validation accuracy: 0.8016666769981384
Epoch 76, Train Accuracy: 0.8454444408416748 , TrainLoss: 0.3697851441701253 , validate Accuracy: 0.8016666769981384
validation accuracy: 0.8009999990463257
Epoch 77, Train Accuracy: 0.847444474697113 , TrainLoss: 0.36586137498749627 , validate Accuracy: 0.8009999990463257
validation accuracy: 0.8019999861717224
Epoch 78, Train Accuracy: 0.8451111316680908 , TrainLoss: 0.3656543418036567 , validate Accuracy: 0.8019999861717224
validation accuracy: 0.7993333339691162
Epoch 79, Train Accuracy: 0.8445555567741394 , TrainLoss: 0.36752724912431506 , validate Accuracy: 0.7993333339691162
validation accuracy: 0.8019999861717224
Epoch 80, Train Accuracy: 0.839555561542511 , TrainLoss: 0.3708755440182156 , validate Accuracy: 0.8019999861717224
validation accuracy: 0.8036666512489319
Epoch 81, Train Accuracy: 0.847777783870697 , TrainLoss: 0.3620265934732225 , validate Accuracy: 0.8036666512489319
validation accuracy: 0.8026666641235352
Epoch 82, Train Accuracy: 0.8494444489479065 , TrainLoss: 0.3646187421480815 , validate Accuracy: 0.8026666641235352
validation accuracy: 0.8013333082199097
Epoch 83, Train Accuracy: 0.8471111059188843 , TrainLoss: 0.36818409654829237 , validate Accuracy: 0.8013333082199097
validation accuracy: 0.8003333210945129
Epoch 84, Train Accuracy: 0.8461111187934875 , TrainLoss: 0.369625785668691 , validate Accuracy: 0.8003333210945129
validation accuracy: 0.8019999861717224
Epoch 85, Train Accuracy: 0.8429999947547913 , TrainLoss: 0.368435875415802 , validate Accuracy: 0.8019999861717224
validation accuracy: 0.8009999990463257
Epoch 86, Train Accuracy: 0.8454444408416748 , TrainLoss: 0.3656280483139886 , validate Accuracy: 0.8009999990463257
validation accuracy: 0.8023332953453064
Epoch 87, Train Accuracy: 0.847000002861023 , TrainLoss: 0.36526491448614334 , validate Accuracy: 0.8023332953453064
validation accuracy: 0.8009999990463257
Epoch 88, Train Accuracy: 0.8401111364364624 , TrainLoss: 0.3699332750108507 , validate Accuracy: 0.8009999990463257
validation accuracy: 0.8003333210945129
Epoch 89, Train Accuracy: 0.8434444665908813 , TrainLoss: 0.36833883465660944 , validate Accuracy: 0.8003333210945129
validation accuracy: 0.8026666641235352
Epoch 90, Train Accuracy: 0.84333336353302 , TrainLoss: 0.3707441986931695 , validate Accuracy: 0.8026666641235352
validation accuracy: 0.8056666851043701
Epoch 91, Train Accuracy: 0.8410000205039978 , TrainLoss: 0.3769851789474487 , validate Accuracy: 0.8056666851043701
validation accuracy: 0.8059999942779541
Epoch 92, Train Accuracy: 0.847444474697113 , TrainLoss: 0.36603830597135756 , validate Accuracy: 0.8059999942779541
validation accuracy: 0.8003333210945129
Epoch 93, Train Accuracy: 0.842555582523346 , TrainLoss: 0.3687078790134854 , validate Accuracy: 0.8003333210945129
validation accuracy: 0.8026666641235352
Epoch 94, Train Accuracy: 0.8438888788223267 , TrainLoss: 0.3718819732268651 , validate Accuracy: 0.8026666641235352
validation accuracy: 0.8033333420753479
Epoch 95, Train Accuracy: 0.8464444279670715 , TrainLoss: 0.36706555541356406 , validate Accuracy: 0.8033333420753479
validation accuracy: 0.8023332953453064
Epoch 96, Train Accuracy: 0.8460000157356262 , TrainLoss: 0.3672550146049923 , validate Accuracy: 0.8023332953453064
validation accuracy: 0.7996666431427002
Epoch 97, Train Accuracy: 0.8465555906295776 , TrainLoss: 0.37078722132576836 , validate Accuracy: 0.7996666431427002
validation accuracy: 0.7993333339691162
Epoch 98, Train Accuracy: 0.8412222266197205 , TrainLoss: 0.3678144738939073 , validate Accuracy: 0.7993333339691162
validation accuracy: 0.7989999651908875
Epoch 99, Train Accuracy: 0.8441111445426941 , TrainLoss: 0.37105850246217514 , validate Accuracy: 0.7989999651908875
