augmenting++++++++++++++
validation accuracy: 0.4039999842643738
checkpoint saved
Epoch 0, Train Accuracy: 0.20444445312023163 , TrainLoss: 1.3855399673249986 , validate Accuracy: 0.4039999842643738
validation accuracy: 0.6416666507720947
checkpoint saved
Epoch 1, Train Accuracy: 0.5243333578109741 , TrainLoss: 1.1652275794347127 , validate Accuracy: 0.6416666507720947
validation accuracy: 0.643666684627533
checkpoint saved
Epoch 2, Train Accuracy: 0.6567777991294861 , TrainLoss: 1.0730754749510023 , validate Accuracy: 0.643666684627533
validation accuracy: 0.6433333158493042
Epoch 3, Train Accuracy: 0.6508889198303223 , TrainLoss: 0.9717606964641147 , validate Accuracy: 0.6433333158493042
validation accuracy: 0.7720000147819519
checkpoint saved
Epoch 4, Train Accuracy: 0.7166666984558105 , TrainLoss: 0.8826270143720839 , validate Accuracy: 0.7720000147819519
validation accuracy: 0.7829999923706055
checkpoint saved
Epoch 5, Train Accuracy: 0.784333348274231 , TrainLoss: 0.8233215845955743 , validate Accuracy: 0.7829999923706055
validation accuracy: 0.7846666574478149
checkpoint saved
Epoch 6, Train Accuracy: 0.8031111359596252 , TrainLoss: 0.7702624086274041 , validate Accuracy: 0.7846666574478149
validation accuracy: 0.7896666526794434
checkpoint saved
Epoch 7, Train Accuracy: 0.7992222309112549 , TrainLoss: 0.7449226801660326 , validate Accuracy: 0.7896666526794434
validation accuracy: 0.7926666736602783
checkpoint saved
Epoch 8, Train Accuracy: 0.8115555644035339 , TrainLoss: 0.7072802341779073 , validate Accuracy: 0.7926666736602783
validation accuracy: 0.7916666865348816
Epoch 9, Train Accuracy: 0.8176666498184204 , TrainLoss: 0.6864401032659743 , validate Accuracy: 0.7916666865348816
validation accuracy: 0.7903333306312561
Epoch 10, Train Accuracy: 0.8088889122009277 , TrainLoss: 0.6748761541048686 , validate Accuracy: 0.7903333306312561
validation accuracy: 0.7873333096504211
Epoch 11, Train Accuracy: 0.8091111183166504 , TrainLoss: 0.6666648474799263 , validate Accuracy: 0.7873333096504211
validation accuracy: 0.7956666350364685
checkpoint saved
Epoch 12, Train Accuracy: 0.8159999847412109 , TrainLoss: 0.648183694044749 , validate Accuracy: 0.7956666350364685
validation accuracy: 0.793666660785675
Epoch 13, Train Accuracy: 0.8101111054420471 , TrainLoss: 0.6395545836554634 , validate Accuracy: 0.793666660785675
validation accuracy: 0.7963333129882812
checkpoint saved
Epoch 14, Train Accuracy: 0.8124444484710693 , TrainLoss: 0.640756311946445 , validate Accuracy: 0.7963333129882812
validation accuracy: 0.796999990940094
checkpoint saved
Epoch 15, Train Accuracy: 0.820555567741394 , TrainLoss: 0.6263347633679708 , validate Accuracy: 0.796999990940094
validation accuracy: 0.7946666479110718
Epoch 16, Train Accuracy: 0.8155555725097656 , TrainLoss: 0.6283569802178277 , validate Accuracy: 0.7946666479110718
validation accuracy: 0.7953333258628845
Epoch 17, Train Accuracy: 0.8130000233650208 , TrainLoss: 0.6259442486233181 , validate Accuracy: 0.7953333258628845
validation accuracy: 0.796999990940094
Epoch 18, Train Accuracy: 0.8174444437026978 , TrainLoss: 0.6179738526874118 , validate Accuracy: 0.796999990940094
validation accuracy: 0.7933333516120911
Epoch 19, Train Accuracy: 0.8171111345291138 , TrainLoss: 0.6141887747446696 , validate Accuracy: 0.7933333516120911
validation accuracy: 0.7929999828338623
Epoch 20, Train Accuracy: 0.819444477558136 , TrainLoss: 0.6123276869455974 , validate Accuracy: 0.7929999828338623
validation accuracy: 0.7943333387374878
Epoch 21, Train Accuracy: 0.8199999928474426 , TrainLoss: 0.6097167637083265 , validate Accuracy: 0.7943333387374878
validation accuracy: 0.7923333048820496
Epoch 22, Train Accuracy: 0.8211111426353455 , TrainLoss: 0.6048063056204054 , validate Accuracy: 0.7923333048820496
validation accuracy: 0.796999990940094
Epoch 23, Train Accuracy: 0.815666675567627 , TrainLoss: 0.6094967397583856 , validate Accuracy: 0.796999990940094
validation accuracy: 0.7993333339691162
checkpoint saved
Epoch 24, Train Accuracy: 0.8143333196640015 , TrainLoss: 0.6047632462448544 , validate Accuracy: 0.7993333339691162
validation accuracy: 0.7943333387374878
Epoch 25, Train Accuracy: 0.8143333196640015 , TrainLoss: 0.607815651787652 , validate Accuracy: 0.7943333387374878
validation accuracy: 0.7989999651908875
Epoch 26, Train Accuracy: 0.8158888816833496 , TrainLoss: 0.6069290648566352 , validate Accuracy: 0.7989999651908875
validation accuracy: 0.7976666688919067
Epoch 27, Train Accuracy: 0.8154444694519043 , TrainLoss: 0.6056076842414009 , validate Accuracy: 0.7976666688919067
validation accuracy: 0.7956666350364685
Epoch 28, Train Accuracy: 0.8148888945579529 , TrainLoss: 0.6056767861048381 , validate Accuracy: 0.7956666350364685
validation accuracy: 0.79666668176651
Epoch 29, Train Accuracy: 0.8107777833938599 , TrainLoss: 0.6023760496775309 , validate Accuracy: 0.79666668176651
validation accuracy: 0.7899999618530273
Epoch 30, Train Accuracy: 0.8188889026641846 , TrainLoss: 0.5988067465888129 , validate Accuracy: 0.7899999618530273
validation accuracy: 0.7933333516120911
Epoch 31, Train Accuracy: 0.8196666836738586 , TrainLoss: 0.5933056843545702 , validate Accuracy: 0.7933333516120911
validation accuracy: 0.7956666350364685
Epoch 32, Train Accuracy: 0.8204444646835327 , TrainLoss: 0.5557524729569753 , validate Accuracy: 0.7956666350364685
validation accuracy: 0.7943333387374878
Epoch 33, Train Accuracy: 0.8192222118377686 , TrainLoss: 0.5304770448472764 , validate Accuracy: 0.7943333387374878
validation accuracy: 0.7956666350364685
Epoch 34, Train Accuracy: 0.8183333277702332 , TrainLoss: 0.5201972763008541 , validate Accuracy: 0.7956666350364685
validation accuracy: 0.7943333387374878
Epoch 35, Train Accuracy: 0.8184444308280945 , TrainLoss: 0.5124450628492567 , validate Accuracy: 0.7943333387374878
validation accuracy: 0.7960000038146973
Epoch 36, Train Accuracy: 0.8209999799728394 , TrainLoss: 0.5137449222935571 , validate Accuracy: 0.7960000038146973
validation accuracy: 0.797333300113678
Epoch 37, Train Accuracy: 0.8198888897895813 , TrainLoss: 0.5089731469154358 , validate Accuracy: 0.797333300113678
validation accuracy: 0.7953333258628845
Epoch 38, Train Accuracy: 0.8193333148956299 , TrainLoss: 0.510585760725869 , validate Accuracy: 0.7953333258628845
validation accuracy: 0.7953333258628845
Epoch 39, Train Accuracy: 0.8228889107704163 , TrainLoss: 0.5107016995218066 , validate Accuracy: 0.7953333258628845
validation accuracy: 0.7950000166893005
Epoch 40, Train Accuracy: 0.81977778673172 , TrainLoss: 0.5053744177553389 , validate Accuracy: 0.7950000166893005
validation accuracy: 0.7943333387374878
Epoch 41, Train Accuracy: 0.8185555934906006 , TrainLoss: 0.5145433000988431 , validate Accuracy: 0.7943333387374878
validation accuracy: 0.7963333129882812
Epoch 42, Train Accuracy: 0.8172222375869751 , TrainLoss: 0.5104631915092468 , validate Accuracy: 0.7963333129882812
validation accuracy: 0.7976666688919067
Epoch 43, Train Accuracy: 0.820111095905304 , TrainLoss: 0.5090385829872556 , validate Accuracy: 0.7976666688919067
validation accuracy: 0.7950000166893005
Epoch 44, Train Accuracy: 0.819444477558136 , TrainLoss: 0.5095174896452161 , validate Accuracy: 0.7950000166893005
validation accuracy: 0.7950000166893005
Epoch 45, Train Accuracy: 0.8177778124809265 , TrainLoss: 0.511962809615665 , validate Accuracy: 0.7950000166893005
validation accuracy: 0.7943333387374878
Epoch 46, Train Accuracy: 0.8175555467605591 , TrainLoss: 0.5129772080315484 , validate Accuracy: 0.7943333387374878
validation accuracy: 0.7950000166893005
Epoch 47, Train Accuracy: 0.8158888816833496 , TrainLoss: 0.5128664266930686 , validate Accuracy: 0.7950000166893005
validation accuracy: 0.7956666350364685
Epoch 48, Train Accuracy: 0.8196666836738586 , TrainLoss: 0.5104984980689155 , validate Accuracy: 0.7956666350364685
validation accuracy: 0.7976666688919067
Epoch 49, Train Accuracy: 0.8185555934906006 , TrainLoss: 0.5154040345085992 , validate Accuracy: 0.7976666688919067
validation accuracy: 0.796999990940094
Epoch 50, Train Accuracy: 0.8177778124809265 , TrainLoss: 0.5158588870366414 , validate Accuracy: 0.796999990940094
validation accuracy: 0.793999969959259
Epoch 51, Train Accuracy: 0.8147777915000916 , TrainLoss: 0.5210445678366555 , validate Accuracy: 0.793999969959259
validation accuracy: 0.796999990940094
Epoch 52, Train Accuracy: 0.8204444646835327 , TrainLoss: 0.5113494882583618 , validate Accuracy: 0.796999990940094
validation accuracy: 0.7953333258628845
Epoch 53, Train Accuracy: 0.8165555596351624 , TrainLoss: 0.5136981884638468 , validate Accuracy: 0.7953333258628845
validation accuracy: 0.7953333258628845
Epoch 54, Train Accuracy: 0.8180000185966492 , TrainLoss: 0.5177818435033162 , validate Accuracy: 0.7953333258628845
validation accuracy: 0.7996666431427002
checkpoint saved
Epoch 55, Train Accuracy: 0.8224444389343262 , TrainLoss: 0.5093956613540649 , validate Accuracy: 0.7996666431427002
validation accuracy: 0.7960000038146973
Epoch 56, Train Accuracy: 0.8196666836738586 , TrainLoss: 0.5081175092061361 , validate Accuracy: 0.7960000038146973
validation accuracy: 0.796999990940094
Epoch 57, Train Accuracy: 0.8199999928474426 , TrainLoss: 0.5152523077329 , validate Accuracy: 0.796999990940094
validation accuracy: 0.7983333468437195
Epoch 58, Train Accuracy: 0.8176666498184204 , TrainLoss: 0.5138617077403599 , validate Accuracy: 0.7983333468437195
validation accuracy: 0.7960000038146973
Epoch 59, Train Accuracy: 0.8228889107704163 , TrainLoss: 0.5098685344590081 , validate Accuracy: 0.7960000038146973
validation accuracy: 0.7956666350364685
Epoch 60, Train Accuracy: 0.8203333616256714 , TrainLoss: 0.5148347802162171 , validate Accuracy: 0.7956666350364685
validation accuracy: 0.7976666688919067
Epoch 61, Train Accuracy: 0.8175555467605591 , TrainLoss: 0.5157367500729031 , validate Accuracy: 0.7976666688919067
validation accuracy: 0.7933333516120911
Epoch 62, Train Accuracy: 0.815666675567627 , TrainLoss: 0.5217523551517063 , validate Accuracy: 0.7933333516120911
validation accuracy: 0.7986666560173035
Epoch 63, Train Accuracy: 0.8192222118377686 , TrainLoss: 0.5149691511260138 , validate Accuracy: 0.7986666560173035
validation accuracy: 0.7960000038146973
Epoch 64, Train Accuracy: 0.8199999928474426 , TrainLoss: 0.509402283668518 , validate Accuracy: 0.7960000038146973
validation accuracy: 0.7960000038146973
Epoch 65, Train Accuracy: 0.8148888945579529 , TrainLoss: 0.5183091449737549 , validate Accuracy: 0.7960000038146973
validation accuracy: 0.7956666350364685
Epoch 66, Train Accuracy: 0.8151111006736755 , TrainLoss: 0.5138969473308987 , validate Accuracy: 0.7956666350364685
validation accuracy: 0.7933333516120911
Epoch 67, Train Accuracy: 0.8192222118377686 , TrainLoss: 0.5119029881689283 , validate Accuracy: 0.7933333516120911
validation accuracy: 0.7986666560173035
Epoch 68, Train Accuracy: 0.8171111345291138 , TrainLoss: 0.5139974371592204 , validate Accuracy: 0.7986666560173035
validation accuracy: 0.4000000059604645
Epoch 69, Train Accuracy: 0.6076666712760925 , TrainLoss: nan , validate Accuracy: 0.4000000059604645
validation accuracy: 0.4000000059604645
Epoch 70, Train Accuracy: 0.4000000059604645 , TrainLoss: nan , validate Accuracy: 0.4000000059604645
validation accuracy: 0.4000000059604645
Epoch 71, Train Accuracy: 0.4000000059604645 , TrainLoss: nan , validate Accuracy: 0.4000000059604645
validation accuracy: 0.4000000059604645
Epoch 72, Train Accuracy: 0.4000000059604645 , TrainLoss: nan , validate Accuracy: 0.4000000059604645
validation accuracy: 0.4000000059604645
Epoch 73, Train Accuracy: 0.4000000059604645 , TrainLoss: nan , validate Accuracy: 0.4000000059604645
validation accuracy: 0.4000000059604645
Epoch 74, Train Accuracy: 0.4000000059604645 , TrainLoss: nan , validate Accuracy: 0.4000000059604645
validation accuracy: 0.4000000059604645
Epoch 75, Train Accuracy: 0.4000000059604645 , TrainLoss: nan , validate Accuracy: 0.4000000059604645
validation accuracy: 0.4000000059604645
Epoch 76, Train Accuracy: 0.4000000059604645 , TrainLoss: nan , validate Accuracy: 0.4000000059604645
validation accuracy: 0.4000000059604645
Epoch 77, Train Accuracy: 0.4000000059604645 , TrainLoss: nan , validate Accuracy: 0.4000000059604645
validation accuracy: 0.4000000059604645
Epoch 78, Train Accuracy: 0.4000000059604645 , TrainLoss: nan , validate Accuracy: 0.4000000059604645
validation accuracy: 0.4000000059604645
Epoch 79, Train Accuracy: 0.4000000059604645 , TrainLoss: nan , validate Accuracy: 0.4000000059604645
validation accuracy: 0.4000000059604645
Epoch 80, Train Accuracy: 0.4000000059604645 , TrainLoss: nan , validate Accuracy: 0.4000000059604645
validation accuracy: 0.4000000059604645
Epoch 81, Train Accuracy: 0.4000000059604645 , TrainLoss: nan , validate Accuracy: 0.4000000059604645
validation accuracy: 0.4000000059604645
Epoch 82, Train Accuracy: 0.4000000059604645 , TrainLoss: nan , validate Accuracy: 0.4000000059604645
validation accuracy: 0.4000000059604645
Epoch 83, Train Accuracy: 0.4000000059604645 , TrainLoss: nan , validate Accuracy: 0.4000000059604645
validation accuracy: 0.4000000059604645
Epoch 84, Train Accuracy: 0.4000000059604645 , TrainLoss: nan , validate Accuracy: 0.4000000059604645
validation accuracy: 0.4000000059604645
Epoch 85, Train Accuracy: 0.4000000059604645 , TrainLoss: nan , validate Accuracy: 0.4000000059604645
validation accuracy: 0.4000000059604645
Epoch 86, Train Accuracy: 0.4000000059604645 , TrainLoss: nan , validate Accuracy: 0.4000000059604645
validation accuracy: 0.4000000059604645
Epoch 87, Train Accuracy: 0.4000000059604645 , TrainLoss: nan , validate Accuracy: 0.4000000059604645
validation accuracy: 0.4000000059604645
Epoch 88, Train Accuracy: 0.4000000059604645 , TrainLoss: nan , validate Accuracy: 0.4000000059604645
validation accuracy: 0.4000000059604645
Epoch 89, Train Accuracy: 0.4000000059604645 , TrainLoss: nan , validate Accuracy: 0.4000000059604645
validation accuracy: 0.4000000059604645
Epoch 90, Train Accuracy: 0.4000000059604645 , TrainLoss: nan , validate Accuracy: 0.4000000059604645
validation accuracy: 0.4000000059604645
Epoch 91, Train Accuracy: 0.4000000059604645 , TrainLoss: nan , validate Accuracy: 0.4000000059604645
validation accuracy: 0.4000000059604645
Epoch 92, Train Accuracy: 0.4000000059604645 , TrainLoss: nan , validate Accuracy: 0.4000000059604645
validation accuracy: 0.4000000059604645
Epoch 93, Train Accuracy: 0.4000000059604645 , TrainLoss: nan , validate Accuracy: 0.4000000059604645
validation accuracy: 0.4000000059604645
Epoch 94, Train Accuracy: 0.4000000059604645 , TrainLoss: nan , validate Accuracy: 0.4000000059604645
validation accuracy: 0.4000000059604645
Epoch 95, Train Accuracy: 0.4000000059604645 , TrainLoss: nan , validate Accuracy: 0.4000000059604645
validation accuracy: 0.4000000059604645
Epoch 96, Train Accuracy: 0.4000000059604645 , TrainLoss: nan , validate Accuracy: 0.4000000059604645
validation accuracy: 0.4000000059604645
Epoch 97, Train Accuracy: 0.4000000059604645 , TrainLoss: nan , validate Accuracy: 0.4000000059604645
validation accuracy: 0.4000000059604645
Epoch 98, Train Accuracy: 0.4000000059604645 , TrainLoss: nan , validate Accuracy: 0.4000000059604645
validation accuracy: 0.4000000059604645
Epoch 99, Train Accuracy: 0.4000000059604645 , TrainLoss: nan , validate Accuracy: 0.4000000059604645
validation accuracy: 0.4000000059604645
Epoch 100, Train Accuracy: 0.4000000059604645 , TrainLoss: nan , validate Accuracy: 0.4000000059604645
validation accuracy: 0.4000000059604645
Epoch 101, Train Accuracy: 0.4000000059604645 , TrainLoss: nan , validate Accuracy: 0.4000000059604645
validation accuracy: 0.4000000059604645
Epoch 102, Train Accuracy: 0.4000000059604645 , TrainLoss: nan , validate Accuracy: 0.4000000059604645
validation accuracy: 0.4000000059604645
Epoch 103, Train Accuracy: 0.4000000059604645 , TrainLoss: nan , validate Accuracy: 0.4000000059604645
validation accuracy: 0.4000000059604645
Epoch 104, Train Accuracy: 0.4000000059604645 , TrainLoss: nan , validate Accuracy: 0.4000000059604645
validation accuracy: 0.4000000059604645
Epoch 105, Train Accuracy: 0.4000000059604645 , TrainLoss: nan , validate Accuracy: 0.4000000059604645
validation accuracy: 0.4000000059604645
Epoch 106, Train Accuracy: 0.4000000059604645 , TrainLoss: nan , validate Accuracy: 0.4000000059604645
validation accuracy: 0.4000000059604645
Epoch 107, Train Accuracy: 0.4000000059604645 , TrainLoss: nan , validate Accuracy: 0.4000000059604645
validation accuracy: 0.4000000059604645
Epoch 108, Train Accuracy: 0.4000000059604645 , TrainLoss: nan , validate Accuracy: 0.4000000059604645
validation accuracy: 0.4000000059604645
Epoch 109, Train Accuracy: 0.4000000059604645 , TrainLoss: nan , validate Accuracy: 0.4000000059604645
validation accuracy: 0.4000000059604645
Epoch 110, Train Accuracy: 0.4000000059604645 , TrainLoss: nan , validate Accuracy: 0.4000000059604645
validation accuracy: 0.4000000059604645
Epoch 111, Train Accuracy: 0.4000000059604645 , TrainLoss: nan , validate Accuracy: 0.4000000059604645
validation accuracy: 0.4000000059604645
Epoch 112, Train Accuracy: 0.4000000059604645 , TrainLoss: nan , validate Accuracy: 0.4000000059604645
validation accuracy: 0.4000000059604645
Epoch 113, Train Accuracy: 0.4000000059604645 , TrainLoss: nan , validate Accuracy: 0.4000000059604645
validation accuracy: 0.4000000059604645
Epoch 114, Train Accuracy: 0.4000000059604645 , TrainLoss: nan , validate Accuracy: 0.4000000059604645
validation accuracy: 0.4000000059604645
Epoch 115, Train Accuracy: 0.4000000059604645 , TrainLoss: nan , validate Accuracy: 0.4000000059604645
validation accuracy: 0.4000000059604645
Epoch 116, Train Accuracy: 0.4000000059604645 , TrainLoss: nan , validate Accuracy: 0.4000000059604645
validation accuracy: 0.4000000059604645
Epoch 117, Train Accuracy: 0.4000000059604645 , TrainLoss: nan , validate Accuracy: 0.4000000059604645
validation accuracy: 0.4000000059604645
Epoch 118, Train Accuracy: 0.4000000059604645 , TrainLoss: nan , validate Accuracy: 0.4000000059604645
validation accuracy: 0.4000000059604645
Epoch 119, Train Accuracy: 0.4000000059604645 , TrainLoss: nan , validate Accuracy: 0.4000000059604645
