augmenting++++++++++++++
validation accuracy: 0.5873333215713501
checkpoint saved
Epoch 0, Train Accuracy: 0.48488888144493103 , TrainLoss: 2.163312059402466 , validate Accuracy: 0.5873333215713501
validation accuracy: 0.6463333368301392
checkpoint saved
Epoch 1, Train Accuracy: 0.5797777771949768 , TrainLoss: 2.174067979388767 , validate Accuracy: 0.6463333368301392
validation accuracy: 0.6449999809265137
Epoch 2, Train Accuracy: 0.6575555801391602 , TrainLoss: 2.159087319691976 , validate Accuracy: 0.6449999809265137
validation accuracy: 0.7759999632835388
checkpoint saved
Epoch 3, Train Accuracy: 0.7244444489479065 , TrainLoss: 2.1050102712843155 , validate Accuracy: 0.7759999632835388
validation accuracy: 0.7853333353996277
checkpoint saved
Epoch 4, Train Accuracy: 0.8004444241523743 , TrainLoss: 2.0350610868665906 , validate Accuracy: 0.7853333353996277
validation accuracy: 0.7899999618530273
checkpoint saved
Epoch 5, Train Accuracy: 0.8151111006736755 , TrainLoss: 1.9661549807654486 , validate Accuracy: 0.7899999618530273
validation accuracy: 0.7899999618530273
Epoch 6, Train Accuracy: 0.816777765750885 , TrainLoss: 1.9184843686421713 , validate Accuracy: 0.7899999618530273
validation accuracy: 0.7906666398048401
checkpoint saved
Epoch 7, Train Accuracy: 0.8163333535194397 , TrainLoss: 1.895961692068312 , validate Accuracy: 0.7906666398048401
validation accuracy: 0.7946666479110718
checkpoint saved
Epoch 8, Train Accuracy: 0.8168888688087463 , TrainLoss: 1.8788496593899198 , validate Accuracy: 0.7946666479110718
validation accuracy: 0.7943333387374878
Epoch 9, Train Accuracy: 0.8176666498184204 , TrainLoss: 1.8312234670850966 , validate Accuracy: 0.7943333387374878
validation accuracy: 0.7923333048820496
Epoch 10, Train Accuracy: 0.8144444823265076 , TrainLoss: 1.8333793853123983 , validate Accuracy: 0.7923333048820496
validation accuracy: 0.793666660785675
Epoch 11, Train Accuracy: 0.8177778124809265 , TrainLoss: 1.811993155585395 , validate Accuracy: 0.793666660785675
validation accuracy: 0.793999969959259
Epoch 12, Train Accuracy: 0.816111147403717 , TrainLoss: 1.8139545832739936 , validate Accuracy: 0.793999969959259
validation accuracy: 0.793666660785675
Epoch 13, Train Accuracy: 0.8237777948379517 , TrainLoss: 1.7968455038070679 , validate Accuracy: 0.793666660785675
validation accuracy: 0.793999969959259
Epoch 14, Train Accuracy: 0.8206666707992554 , TrainLoss: 1.7956640582614476 , validate Accuracy: 0.793999969959259
validation accuracy: 0.7929999828338623
Epoch 15, Train Accuracy: 0.81977778673172 , TrainLoss: 1.8015148131052654 , validate Accuracy: 0.7929999828338623
validation accuracy: 0.7946666479110718
Epoch 16, Train Accuracy: 0.8216666579246521 , TrainLoss: 1.8107618590460883 , validate Accuracy: 0.7946666479110718
validation accuracy: 0.7946666479110718
Epoch 17, Train Accuracy: 0.8245555758476257 , TrainLoss: 1.7944910250769721 , validate Accuracy: 0.7946666479110718
validation accuracy: 0.797333300113678
checkpoint saved
Epoch 18, Train Accuracy: 0.8185555934906006 , TrainLoss: 1.795185359425015 , validate Accuracy: 0.797333300113678
validation accuracy: 0.793999969959259
Epoch 19, Train Accuracy: 0.8225555419921875 , TrainLoss: 1.8092826742596095 , validate Accuracy: 0.793999969959259
validation accuracy: 0.793999969959259
Epoch 20, Train Accuracy: 0.8174444437026978 , TrainLoss: 1.8202165035671658 , validate Accuracy: 0.793999969959259
validation accuracy: 0.7933333516120911
Epoch 21, Train Accuracy: 0.8154444694519043 , TrainLoss: 1.8130571332507663 , validate Accuracy: 0.7933333516120911
validation accuracy: 0.7926666736602783
Epoch 22, Train Accuracy: 0.8198888897895813 , TrainLoss: 1.804510318014357 , validate Accuracy: 0.7926666736602783
validation accuracy: 0.7946666479110718
Epoch 23, Train Accuracy: 0.8203333616256714 , TrainLoss: 1.800866058561537 , validate Accuracy: 0.7946666479110718
validation accuracy: 0.7943333387374878
Epoch 24, Train Accuracy: 0.820111095905304 , TrainLoss: 1.7902233522203232 , validate Accuracy: 0.7943333387374878
validation accuracy: 0.793666660785675
Epoch 25, Train Accuracy: 0.8190000057220459 , TrainLoss: 1.796660632663303 , validate Accuracy: 0.793666660785675
validation accuracy: 0.7933333516120911
Epoch 26, Train Accuracy: 0.8247777819633484 , TrainLoss: 1.7899573522143895 , validate Accuracy: 0.7933333516120911
validation accuracy: 0.793999969959259
Epoch 27, Train Accuracy: 0.8253333568572998 , TrainLoss: 1.7988339144388834 , validate Accuracy: 0.793999969959259
validation accuracy: 0.793666660785675
Epoch 28, Train Accuracy: 0.8241111040115356 , TrainLoss: 1.8015180473327637 , validate Accuracy: 0.793666660785675
validation accuracy: 0.7910000085830688
Epoch 29, Train Accuracy: 0.8125555515289307 , TrainLoss: 1.8081306353674995 , validate Accuracy: 0.7910000085830688
validation accuracy: 0.7946666479110718
Epoch 30, Train Accuracy: 0.8177778124809265 , TrainLoss: 1.8128506047990587 , validate Accuracy: 0.7946666479110718
validation accuracy: 0.7929999828338623
Epoch 31, Train Accuracy: 0.8188889026641846 , TrainLoss: 1.8023593377007379 , validate Accuracy: 0.7929999828338623
validation accuracy: 0.7953333258628845
Epoch 32, Train Accuracy: 0.8212222456932068 , TrainLoss: 1.4356213728586833 , validate Accuracy: 0.7953333258628845
validation accuracy: 0.7950000166893005
Epoch 33, Train Accuracy: 0.8207777738571167 , TrainLoss: 1.1458269802729288 , validate Accuracy: 0.7950000166893005
validation accuracy: 0.7950000166893005
Epoch 34, Train Accuracy: 0.8185555934906006 , TrainLoss: 1.01970186969969 , validate Accuracy: 0.7950000166893005
validation accuracy: 0.7946666479110718
Epoch 35, Train Accuracy: 0.8175555467605591 , TrainLoss: 0.9877584789064195 , validate Accuracy: 0.7946666479110718
validation accuracy: 0.79666668176651
Epoch 36, Train Accuracy: 0.8240000009536743 , TrainLoss: 0.9671957403818766 , validate Accuracy: 0.79666668176651
validation accuracy: 0.7943333387374878
Epoch 37, Train Accuracy: 0.820111095905304 , TrainLoss: 0.9590704002380371 , validate Accuracy: 0.7943333387374878
validation accuracy: 0.79666668176651
Epoch 38, Train Accuracy: 0.8190000057220459 , TrainLoss: 0.9639652654329935 , validate Accuracy: 0.79666668176651
validation accuracy: 0.7950000166893005
Epoch 39, Train Accuracy: 0.8192222118377686 , TrainLoss: 0.9652046364678277 , validate Accuracy: 0.7950000166893005
validation accuracy: 0.7976666688919067
checkpoint saved
Epoch 40, Train Accuracy: 0.8175555467605591 , TrainLoss: 0.9668262445661757 , validate Accuracy: 0.7976666688919067
validation accuracy: 0.793666660785675
Epoch 41, Train Accuracy: 0.8172222375869751 , TrainLoss: 0.9691055384741889 , validate Accuracy: 0.793666660785675
validation accuracy: 0.7943333387374878
Epoch 42, Train Accuracy: 0.8193333148956299 , TrainLoss: 0.9614558679792616 , validate Accuracy: 0.7943333387374878
validation accuracy: 0.7926666736602783
Epoch 43, Train Accuracy: 0.8211111426353455 , TrainLoss: 0.9613370522393121 , validate Accuracy: 0.7926666736602783
validation accuracy: 0.793999969959259
Epoch 44, Train Accuracy: 0.8185555934906006 , TrainLoss: 0.9622226619720459 , validate Accuracy: 0.793999969959259
validation accuracy: 0.7943333387374878
Epoch 45, Train Accuracy: 0.8173333406448364 , TrainLoss: 0.9647187772856818 , validate Accuracy: 0.7943333387374878
validation accuracy: 0.793999969959259
Epoch 46, Train Accuracy: 0.8193333148956299 , TrainLoss: 0.9643782985475329 , validate Accuracy: 0.793999969959259
validation accuracy: 0.793666660785675
Epoch 47, Train Accuracy: 0.8146666884422302 , TrainLoss: 0.971905086464352 , validate Accuracy: 0.793666660785675
validation accuracy: 0.7946666479110718
Epoch 48, Train Accuracy: 0.8087778091430664 , TrainLoss: 0.9774088361528185 , validate Accuracy: 0.7946666479110718
validation accuracy: 0.793999969959259
Epoch 49, Train Accuracy: 0.8186666965484619 , TrainLoss: 0.9664596682654487 , validate Accuracy: 0.793999969959259
validation accuracy: 0.7963333129882812
Epoch 50, Train Accuracy: 0.819444477558136 , TrainLoss: 0.964030586136712 , validate Accuracy: 0.7963333129882812
validation accuracy: 0.7933333516120911
Epoch 51, Train Accuracy: 0.819444477558136 , TrainLoss: 0.9634095715416803 , validate Accuracy: 0.7933333516120911
validation accuracy: 0.79666668176651
Epoch 52, Train Accuracy: 0.8230000138282776 , TrainLoss: 0.9619478548897638 , validate Accuracy: 0.79666668176651
validation accuracy: 0.7956666350364685
Epoch 53, Train Accuracy: 0.8134444355964661 , TrainLoss: 0.9749881256421407 , validate Accuracy: 0.7956666350364685
validation accuracy: 0.7956666350364685
Epoch 54, Train Accuracy: 0.8222222328186035 , TrainLoss: 0.9644131197929382 , validate Accuracy: 0.7956666350364685
validation accuracy: 0.7943333387374878
Epoch 55, Train Accuracy: 0.8188889026641846 , TrainLoss: 0.9703181455400255 , validate Accuracy: 0.7943333387374878
validation accuracy: 0.79666668176651
Epoch 56, Train Accuracy: 0.8184444308280945 , TrainLoss: 0.9648175767262777 , validate Accuracy: 0.79666668176651
validation accuracy: 0.7923333048820496
Epoch 57, Train Accuracy: 0.820111095905304 , TrainLoss: 0.9656086610158284 , validate Accuracy: 0.7923333048820496
validation accuracy: 0.7903333306312561
Epoch 58, Train Accuracy: 0.8178889155387878 , TrainLoss: 0.9655736316045125 , validate Accuracy: 0.7903333306312561
validation accuracy: 0.7953333258628845
Epoch 59, Train Accuracy: 0.8220000267028809 , TrainLoss: 0.9604587455325656 , validate Accuracy: 0.7953333258628845
validation accuracy: 0.7953333258628845
Epoch 60, Train Accuracy: 0.8178889155387878 , TrainLoss: 0.968094106886122 , validate Accuracy: 0.7953333258628845
validation accuracy: 0.7933333516120911
Epoch 61, Train Accuracy: 0.8190000057220459 , TrainLoss: 0.9667182191742791 , validate Accuracy: 0.7933333516120911
validation accuracy: 0.7926666736602783
Epoch 62, Train Accuracy: 0.8141111135482788 , TrainLoss: 0.9680279619428847 , validate Accuracy: 0.7926666736602783
validation accuracy: 0.796999990940094
Epoch 63, Train Accuracy: 0.8178889155387878 , TrainLoss: 0.9674738124741449 , validate Accuracy: 0.796999990940094
validation accuracy: 0.7946666479110718
Epoch 64, Train Accuracy: 0.8188889026641846 , TrainLoss: 0.968125862121582 , validate Accuracy: 0.7946666479110718
validation accuracy: 0.7953333258628845
Epoch 65, Train Accuracy: 0.820111095905304 , TrainLoss: 0.9669562768406338 , validate Accuracy: 0.7953333258628845
validation accuracy: 0.793999969959259
Epoch 66, Train Accuracy: 0.8152222037315369 , TrainLoss: 0.966317732281155 , validate Accuracy: 0.793999969959259
validation accuracy: 0.7956666350364685
Epoch 67, Train Accuracy: 0.8181111216545105 , TrainLoss: 0.9658942902882894 , validate Accuracy: 0.7956666350364685
validation accuracy: 0.7929999828338623
Epoch 68, Train Accuracy: 0.8185555934906006 , TrainLoss: 0.9698149686919318 , validate Accuracy: 0.7929999828338623
validation accuracy: 0.4000000059604645
Epoch 69, Train Accuracy: 0.7007777690887451 , TrainLoss: nan , validate Accuracy: 0.4000000059604645
validation accuracy: 0.4000000059604645
Epoch 70, Train Accuracy: 0.4000000059604645 , TrainLoss: nan , validate Accuracy: 0.4000000059604645
validation accuracy: 0.4000000059604645
Epoch 71, Train Accuracy: 0.4000000059604645 , TrainLoss: nan , validate Accuracy: 0.4000000059604645
validation accuracy: 0.4000000059604645
Epoch 72, Train Accuracy: 0.4000000059604645 , TrainLoss: nan , validate Accuracy: 0.4000000059604645
validation accuracy: 0.4000000059604645
Epoch 73, Train Accuracy: 0.4000000059604645 , TrainLoss: nan , validate Accuracy: 0.4000000059604645
validation accuracy: 0.4000000059604645
Epoch 74, Train Accuracy: 0.4000000059604645 , TrainLoss: nan , validate Accuracy: 0.4000000059604645
validation accuracy: 0.4000000059604645
Epoch 75, Train Accuracy: 0.4000000059604645 , TrainLoss: nan , validate Accuracy: 0.4000000059604645
validation accuracy: 0.4000000059604645
Epoch 76, Train Accuracy: 0.4000000059604645 , TrainLoss: nan , validate Accuracy: 0.4000000059604645
validation accuracy: 0.4000000059604645
Epoch 77, Train Accuracy: 0.4000000059604645 , TrainLoss: nan , validate Accuracy: 0.4000000059604645
validation accuracy: 0.4000000059604645
Epoch 78, Train Accuracy: 0.4000000059604645 , TrainLoss: nan , validate Accuracy: 0.4000000059604645
validation accuracy: 0.4000000059604645
Epoch 79, Train Accuracy: 0.4000000059604645 , TrainLoss: nan , validate Accuracy: 0.4000000059604645
validation accuracy: 0.4000000059604645
Epoch 80, Train Accuracy: 0.4000000059604645 , TrainLoss: nan , validate Accuracy: 0.4000000059604645
validation accuracy: 0.4000000059604645
Epoch 81, Train Accuracy: 0.4000000059604645 , TrainLoss: nan , validate Accuracy: 0.4000000059604645
validation accuracy: 0.4000000059604645
Epoch 82, Train Accuracy: 0.4000000059604645 , TrainLoss: nan , validate Accuracy: 0.4000000059604645
validation accuracy: 0.4000000059604645
Epoch 83, Train Accuracy: 0.4000000059604645 , TrainLoss: nan , validate Accuracy: 0.4000000059604645
validation accuracy: 0.4000000059604645
Epoch 84, Train Accuracy: 0.4000000059604645 , TrainLoss: nan , validate Accuracy: 0.4000000059604645
validation accuracy: 0.4000000059604645
Epoch 85, Train Accuracy: 0.4000000059604645 , TrainLoss: nan , validate Accuracy: 0.4000000059604645
validation accuracy: 0.4000000059604645
Epoch 86, Train Accuracy: 0.4000000059604645 , TrainLoss: nan , validate Accuracy: 0.4000000059604645
validation accuracy: 0.4000000059604645
Epoch 87, Train Accuracy: 0.4000000059604645 , TrainLoss: nan , validate Accuracy: 0.4000000059604645
validation accuracy: 0.4000000059604645
Epoch 88, Train Accuracy: 0.4000000059604645 , TrainLoss: nan , validate Accuracy: 0.4000000059604645
validation accuracy: 0.4000000059604645
Epoch 89, Train Accuracy: 0.4000000059604645 , TrainLoss: nan , validate Accuracy: 0.4000000059604645
validation accuracy: 0.4000000059604645
Epoch 90, Train Accuracy: 0.4000000059604645 , TrainLoss: nan , validate Accuracy: 0.4000000059604645
validation accuracy: 0.4000000059604645
Epoch 91, Train Accuracy: 0.4000000059604645 , TrainLoss: nan , validate Accuracy: 0.4000000059604645
validation accuracy: 0.4000000059604645
Epoch 92, Train Accuracy: 0.4000000059604645 , TrainLoss: nan , validate Accuracy: 0.4000000059604645
validation accuracy: 0.4000000059604645
Epoch 93, Train Accuracy: 0.4000000059604645 , TrainLoss: nan , validate Accuracy: 0.4000000059604645
validation accuracy: 0.4000000059604645
Epoch 94, Train Accuracy: 0.4000000059604645 , TrainLoss: nan , validate Accuracy: 0.4000000059604645
validation accuracy: 0.4000000059604645
Epoch 95, Train Accuracy: 0.4000000059604645 , TrainLoss: nan , validate Accuracy: 0.4000000059604645
validation accuracy: 0.4000000059604645
Epoch 96, Train Accuracy: 0.4000000059604645 , TrainLoss: nan , validate Accuracy: 0.4000000059604645
validation accuracy: 0.4000000059604645
Epoch 97, Train Accuracy: 0.4000000059604645 , TrainLoss: nan , validate Accuracy: 0.4000000059604645
validation accuracy: 0.4000000059604645
Epoch 98, Train Accuracy: 0.4000000059604645 , TrainLoss: nan , validate Accuracy: 0.4000000059604645
validation accuracy: 0.4000000059604645
Epoch 99, Train Accuracy: 0.4000000059604645 , TrainLoss: nan , validate Accuracy: 0.4000000059604645
validation accuracy: 0.4000000059604645
Epoch 100, Train Accuracy: 0.4000000059604645 , TrainLoss: nan , validate Accuracy: 0.4000000059604645
validation accuracy: 0.4000000059604645
Epoch 101, Train Accuracy: 0.4000000059604645 , TrainLoss: nan , validate Accuracy: 0.4000000059604645
validation accuracy: 0.4000000059604645
Epoch 102, Train Accuracy: 0.4000000059604645 , TrainLoss: nan , validate Accuracy: 0.4000000059604645
validation accuracy: 0.4000000059604645
Epoch 103, Train Accuracy: 0.4000000059604645 , TrainLoss: nan , validate Accuracy: 0.4000000059604645
validation accuracy: 0.4000000059604645
Epoch 104, Train Accuracy: 0.4000000059604645 , TrainLoss: nan , validate Accuracy: 0.4000000059604645
validation accuracy: 0.4000000059604645
Epoch 105, Train Accuracy: 0.4000000059604645 , TrainLoss: nan , validate Accuracy: 0.4000000059604645
validation accuracy: 0.4000000059604645
Epoch 106, Train Accuracy: 0.4000000059604645 , TrainLoss: nan , validate Accuracy: 0.4000000059604645
validation accuracy: 0.4000000059604645
Epoch 107, Train Accuracy: 0.4000000059604645 , TrainLoss: nan , validate Accuracy: 0.4000000059604645
validation accuracy: 0.4000000059604645
Epoch 108, Train Accuracy: 0.4000000059604645 , TrainLoss: nan , validate Accuracy: 0.4000000059604645
validation accuracy: 0.4000000059604645
Epoch 109, Train Accuracy: 0.4000000059604645 , TrainLoss: nan , validate Accuracy: 0.4000000059604645
validation accuracy: 0.4000000059604645
Epoch 110, Train Accuracy: 0.4000000059604645 , TrainLoss: nan , validate Accuracy: 0.4000000059604645
validation accuracy: 0.4000000059604645
Epoch 111, Train Accuracy: 0.4000000059604645 , TrainLoss: nan , validate Accuracy: 0.4000000059604645
validation accuracy: 0.4000000059604645
Epoch 112, Train Accuracy: 0.4000000059604645 , TrainLoss: nan , validate Accuracy: 0.4000000059604645
validation accuracy: 0.4000000059604645
Epoch 113, Train Accuracy: 0.4000000059604645 , TrainLoss: nan , validate Accuracy: 0.4000000059604645
validation accuracy: 0.4000000059604645
Epoch 114, Train Accuracy: 0.4000000059604645 , TrainLoss: nan , validate Accuracy: 0.4000000059604645
validation accuracy: 0.4000000059604645
Epoch 115, Train Accuracy: 0.4000000059604645 , TrainLoss: nan , validate Accuracy: 0.4000000059604645
validation accuracy: 0.4000000059604645
Epoch 116, Train Accuracy: 0.4000000059604645 , TrainLoss: nan , validate Accuracy: 0.4000000059604645
validation accuracy: 0.4000000059604645
Epoch 117, Train Accuracy: 0.4000000059604645 , TrainLoss: nan , validate Accuracy: 0.4000000059604645
validation accuracy: 0.4000000059604645
Epoch 118, Train Accuracy: 0.4000000059604645 , TrainLoss: nan , validate Accuracy: 0.4000000059604645
validation accuracy: 0.4000000059604645
Epoch 119, Train Accuracy: 0.4000000059604645 , TrainLoss: nan , validate Accuracy: 0.4000000059604645
