
Due to MODULEPATH changes, the following have been reloaded:
  1) openmpi/2.1.1

CCCCCCCC
Checkpoint saved
Epoch 0, Train Accuracy: 0.5502222180366516 , TrainLoss: 0.8855506656434801 , Test Accuracy: 0.6003333330154419
Checkpoint saved
Epoch 1, Train Accuracy: 0.61644446849823 , TrainLoss: 0.7801517568164401 , Test Accuracy: 0.6069999933242798
Checkpoint saved
Epoch 2, Train Accuracy: 0.6483333110809326 , TrainLoss: 0.7358100782500373 , Test Accuracy: 0.6176666617393494
Checkpoint saved
Epoch 3, Train Accuracy: 0.660444438457489 , TrainLoss: 0.7108611560397678 , Test Accuracy: 0.6676666736602783
Epoch 4, Train Accuracy: 0.6813333630561829 , TrainLoss: 0.6908188994990455 , Test Accuracy: 0.6303333044052124
Checkpoint saved
Epoch 5, Train Accuracy: 0.690666675567627 , TrainLoss: 0.6710670330259535 , Test Accuracy: 0.684333324432373
Epoch 6, Train Accuracy: 0.6996666789054871 , TrainLoss: 0.653224351035224 , Test Accuracy: 0.6620000004768372
Checkpoint saved
Epoch 7, Train Accuracy: 0.7094444632530212 , TrainLoss: 0.6397014311684502 , Test Accuracy: 0.7093333005905151
Epoch 8, Train Accuracy: 0.7154444456100464 , TrainLoss: 0.6298046949174669 , Test Accuracy: 0.6850000023841858
Epoch 9, Train Accuracy: 0.7185555696487427 , TrainLoss: 0.6209293122291565 , Test Accuracy: 0.6779999732971191
Epoch 10, Train Accuracy: 0.7176666855812073 , TrainLoss: 0.6178084031211005 , Test Accuracy: 0.6956666707992554
Checkpoint saved
Epoch 11, Train Accuracy: 0.7264444231987 , TrainLoss: 0.6040943695969052 , Test Accuracy: 0.7166666388511658
Epoch 12, Train Accuracy: 0.7365555763244629 , TrainLoss: 0.5901543889575535 , Test Accuracy: 0.7113333344459534
Epoch 13, Train Accuracy: 0.7419999837875366 , TrainLoss: 0.5841768363051945 , Test Accuracy: 0.7146666646003723
Epoch 14, Train Accuracy: 0.7398889064788818 , TrainLoss: 0.5818198121918572 , Test Accuracy: 0.715666651725769
Epoch 15, Train Accuracy: 0.7475555539131165 , TrainLoss: 0.5698998365402221 , Test Accuracy: 0.7059999704360962
Epoch 16, Train Accuracy: 0.7473333477973938 , TrainLoss: 0.5609541140927209 , Test Accuracy: 0.7136666774749756
Checkpoint saved
Epoch 17, Train Accuracy: 0.7536666989326477 , TrainLoss: 0.5582988893720838 , Test Accuracy: 0.7229999899864197
Epoch 18, Train Accuracy: 0.7616666555404663 , TrainLoss: 0.5503346620135837 , Test Accuracy: 0.7166666388511658
Epoch 19, Train Accuracy: 0.7593333125114441 , TrainLoss: 0.5465800976223416 , Test Accuracy: 0.6146666407585144
Epoch 20, Train Accuracy: 0.7594444751739502 , TrainLoss: 0.5485113960901896 , Test Accuracy: 0.6940000057220459
Checkpoint saved
Epoch 21, Train Accuracy: 0.7622222304344177 , TrainLoss: 0.5363903424739838 , Test Accuracy: 0.7546666860580444
Epoch 22, Train Accuracy: 0.7672222256660461 , TrainLoss: 0.5303397371901406 , Test Accuracy: 0.7170000076293945
Epoch 23, Train Accuracy: 0.7637777924537659 , TrainLoss: 0.5360768646664089 , Test Accuracy: 0.7276666760444641
Epoch 24, Train Accuracy: 0.7641111016273499 , TrainLoss: 0.5309863939020368 , Test Accuracy: 0.6983333230018616
Epoch 25, Train Accuracy: 0.7712222337722778 , TrainLoss: 0.5182887829144796 , Test Accuracy: 0.7446666359901428
Epoch 26, Train Accuracy: 0.7787777781486511 , TrainLoss: 0.5103148920271132 , Test Accuracy: 0.7443333268165588
Epoch 27, Train Accuracy: 0.7773333191871643 , TrainLoss: 0.5106728105545044 , Test Accuracy: 0.6333333253860474
Epoch 28, Train Accuracy: 0.7750000357627869 , TrainLoss: 0.516278112411499 , Test Accuracy: 0.7383333444595337
Epoch 29, Train Accuracy: 0.7781111001968384 , TrainLoss: 0.5097112761603462 , Test Accuracy: 0.7389999628067017
Epoch 30, Train Accuracy: 0.7758889198303223 , TrainLoss: 0.5046157511605157 , Test Accuracy: 0.7266666293144226
Epoch 31, Train Accuracy: 0.7835555672645569 , TrainLoss: 0.5039053194257949 , Test Accuracy: 0.7509999871253967
Checkpoint saved
Epoch 32, Train Accuracy: 0.7975555658340454 , TrainLoss: 0.4635964535077413 , Test Accuracy: 0.7649999856948853
Checkpoint saved
Epoch 33, Train Accuracy: 0.8031111359596252 , TrainLoss: 0.46271108473671807 , Test Accuracy: 0.7689999938011169
Epoch 34, Train Accuracy: 0.8122222423553467 , TrainLoss: 0.45330330186420015 , Test Accuracy: 0.7673333287239075
Checkpoint saved
Epoch 35, Train Accuracy: 0.8074444532394409 , TrainLoss: 0.45230564477708607 , Test Accuracy: 0.7803333401679993
Epoch 36, Train Accuracy: 0.8006666898727417 , TrainLoss: 0.46139224274953206 , Test Accuracy: 0.7673333287239075
Epoch 37, Train Accuracy: 0.8053333163261414 , TrainLoss: 0.4539163858095805 , Test Accuracy: 0.7696666717529297
Epoch 38, Train Accuracy: 0.8073333501815796 , TrainLoss: 0.4483105336560143 , Test Accuracy: 0.7696666717529297
Epoch 39, Train Accuracy: 0.8053333163261414 , TrainLoss: 0.45100146065817937 , Test Accuracy: 0.7709999680519104
Epoch 40, Train Accuracy: 0.8095555901527405 , TrainLoss: 0.4491726338068644 , Test Accuracy: 0.7643333077430725
Epoch 41, Train Accuracy: 0.8030000329017639 , TrainLoss: 0.4474220228989919 , Test Accuracy: 0.7720000147819519
Epoch 42, Train Accuracy: 0.808222234249115 , TrainLoss: 0.44605477884080674 , Test Accuracy: 0.7680000066757202
Epoch 43, Train Accuracy: 0.807888925075531 , TrainLoss: 0.4424266246424781 , Test Accuracy: 0.7670000195503235
Epoch 44, Train Accuracy: 0.8151111006736755 , TrainLoss: 0.44172301965289645 , Test Accuracy: 0.7706666588783264
Epoch 45, Train Accuracy: 0.8101111054420471 , TrainLoss: 0.4436592630015479 , Test Accuracy: 0.7736666798591614
Epoch 46, Train Accuracy: 0.8105555772781372 , TrainLoss: 0.44474237150616114 , Test Accuracy: 0.7709999680519104
Epoch 47, Train Accuracy: 0.8131111264228821 , TrainLoss: 0.4401790403789944 , Test Accuracy: 0.7799999713897705
Epoch 48, Train Accuracy: 0.8142222166061401 , TrainLoss: 0.4372037463453081 , Test Accuracy: 0.7709999680519104
Epoch 49, Train Accuracy: 0.81122225522995 , TrainLoss: 0.43974560538927715 , Test Accuracy: 0.7689999938011169
Checkpoint saved
Epoch 50, Train Accuracy: 0.8073333501815796 , TrainLoss: 0.4465365888542599 , Test Accuracy: 0.781333327293396
Epoch 51, Train Accuracy: 0.8176666498184204 , TrainLoss: 0.4392517066531711 , Test Accuracy: 0.7736666798591614
Epoch 52, Train Accuracy: 0.8101111054420471 , TrainLoss: 0.43660823414060806 , Test Accuracy: 0.7666666507720947
Epoch 53, Train Accuracy: 0.8152222037315369 , TrainLoss: 0.43274821578131784 , Test Accuracy: 0.7746666669845581
Epoch 54, Train Accuracy: 0.809333324432373 , TrainLoss: 0.4357169025209215 , Test Accuracy: 0.7749999761581421
Epoch 55, Train Accuracy: 0.8114444613456726 , TrainLoss: 0.4392909116215176 , Test Accuracy: 0.7730000019073486
Epoch 56, Train Accuracy: 0.8137778043746948 , TrainLoss: 0.43889736665619744 , Test Accuracy: 0.7743332982063293
Epoch 57, Train Accuracy: 0.8177778124809265 , TrainLoss: 0.43009712420569524 , Test Accuracy: 0.7756666541099548
Epoch 58, Train Accuracy: 0.8157777786254883 , TrainLoss: 0.43584767532348634 , Test Accuracy: 0.7756666541099548
Epoch 59, Train Accuracy: 0.8117777705192566 , TrainLoss: 0.4406619624959098 , Test Accuracy: 0.7666666507720947
Epoch 60, Train Accuracy: 0.8108888864517212 , TrainLoss: 0.4344674852424198 , Test Accuracy: 0.7803333401679993
Epoch 61, Train Accuracy: 0.8154444694519043 , TrainLoss: 0.4327396964497036 , Test Accuracy: 0.7720000147819519
Epoch 62, Train Accuracy: 0.8145555853843689 , TrainLoss: 0.4265786577330695 , Test Accuracy: 0.7663333415985107
Epoch 63, Train Accuracy: 0.8158888816833496 , TrainLoss: 0.4282977680100335 , Test Accuracy: 0.7803333401679993
Epoch 64, Train Accuracy: 0.8136667013168335 , TrainLoss: 0.43220986604690553 , Test Accuracy: 0.7749999761581421
Epoch 65, Train Accuracy: 0.8177778124809265 , TrainLoss: 0.42315057961146035 , Test Accuracy: 0.7696666717529297
Epoch 66, Train Accuracy: 0.8172222375869751 , TrainLoss: 0.4283924405309889 , Test Accuracy: 0.7703333497047424
Epoch 67, Train Accuracy: 0.816444456577301 , TrainLoss: 0.42343306318918866 , Test Accuracy: 0.7713333368301392
Epoch 68, Train Accuracy: 0.8134444355964661 , TrainLoss: 0.4282007591989305 , Test Accuracy: 0.7663333415985107
Epoch 69, Train Accuracy: 0.8192222118377686 , TrainLoss: 0.4207461085319519 , Test Accuracy: 0.7663333415985107
Epoch 70, Train Accuracy: 0.8190000057220459 , TrainLoss: 0.42809146099620393 , Test Accuracy: 0.7670000195503235
Checkpoint saved
Epoch 71, Train Accuracy: 0.819444477558136 , TrainLoss: 0.42433437690469955 , Test Accuracy: 0.7849999666213989
Epoch 72, Train Accuracy: 0.8206666707992554 , TrainLoss: 0.4245231533050537 , Test Accuracy: 0.7759999632835388
Epoch 73, Train Accuracy: 0.8148888945579529 , TrainLoss: 0.4263963204489814 , Test Accuracy: 0.7713333368301392
Epoch 74, Train Accuracy: 0.8203333616256714 , TrainLoss: 0.4278819653060701 , Test Accuracy: 0.781333327293396
Epoch 75, Train Accuracy: 0.8220000267028809 , TrainLoss: 0.41813798594474794 , Test Accuracy: 0.7733333110809326
Epoch 76, Train Accuracy: 0.8227778077125549 , TrainLoss: 0.42564751370747883 , Test Accuracy: 0.7796666622161865
Epoch 77, Train Accuracy: 0.8115555644035339 , TrainLoss: 0.43465141995747886 , Test Accuracy: 0.7739999890327454
Epoch 78, Train Accuracy: 0.8191111087799072 , TrainLoss: 0.4232514874405331 , Test Accuracy: 0.7703333497047424
Epoch 79, Train Accuracy: 0.8191111087799072 , TrainLoss: 0.42543920359346604 , Test Accuracy: 0.7776666879653931
