
Due to MODULEPATH changes, the following have been reloaded:
  1) openmpi/2.1.1

augmenting++++++++++++++
validation accuracy: 0.5146666765213013
checkpoint saved
Epoch 0, Train Accuracy: 0.5551111102104187 , TrainLoss: 0.8837525064680312 , validate Accuracy: 0.5146666765213013
validation accuracy: 0.5929999947547913
checkpoint saved
Epoch 1, Train Accuracy: 0.6171111464500427 , TrainLoss: 0.7890081020461188 , validate Accuracy: 0.5929999947547913
validation accuracy: 0.6116666793823242
checkpoint saved
Epoch 2, Train Accuracy: 0.6443333625793457 , TrainLoss: 0.7373271640141805 , validate Accuracy: 0.6116666793823242
validation accuracy: 0.6523333191871643
checkpoint saved
Epoch 3, Train Accuracy: 0.6581110954284668 , TrainLoss: 0.7132947757509019 , validate Accuracy: 0.6523333191871643
validation accuracy: 0.6596666574478149
checkpoint saved
Epoch 4, Train Accuracy: 0.6707777976989746 , TrainLoss: 0.6935630306667752 , validate Accuracy: 0.6596666574478149
validation accuracy: 0.6453333497047424
Epoch 5, Train Accuracy: 0.6890000104904175 , TrainLoss: 0.6635354561805725 , validate Accuracy: 0.6453333497047424
validation accuracy: 0.6736666560173035
checkpoint saved
Epoch 6, Train Accuracy: 0.6930000185966492 , TrainLoss: 0.6625707727538215 , validate Accuracy: 0.6736666560173035
validation accuracy: 0.7009999752044678
checkpoint saved
Epoch 7, Train Accuracy: 0.6996666789054871 , TrainLoss: 0.6477333949406942 , validate Accuracy: 0.7009999752044678
validation accuracy: 0.6793333292007446
Epoch 8, Train Accuracy: 0.7097777724266052 , TrainLoss: 0.6300600280761719 , validate Accuracy: 0.6793333292007446
validation accuracy: 0.7246666550636292
checkpoint saved
Epoch 9, Train Accuracy: 0.7226666808128357 , TrainLoss: 0.6143255423439874 , validate Accuracy: 0.7246666550636292
validation accuracy: 0.7269999980926514
checkpoint saved
Epoch 10, Train Accuracy: 0.7274444699287415 , TrainLoss: 0.606243733962377 , validate Accuracy: 0.7269999980926514
validation accuracy: 0.7423333525657654
checkpoint saved
Epoch 11, Train Accuracy: 0.7291111350059509 , TrainLoss: 0.5971530310312907 , validate Accuracy: 0.7423333525657654
validation accuracy: 0.6836666464805603
Epoch 12, Train Accuracy: 0.738777756690979 , TrainLoss: 0.5800130710601806 , validate Accuracy: 0.6836666464805603
validation accuracy: 0.734666645526886
Epoch 13, Train Accuracy: 0.7431111335754395 , TrainLoss: 0.5721324644618564 , validate Accuracy: 0.734666645526886
validation accuracy: 0.7419999837875366
Epoch 14, Train Accuracy: 0.7542222142219543 , TrainLoss: 0.557487872812483 , validate Accuracy: 0.7419999837875366
validation accuracy: 0.7526666522026062
checkpoint saved
Epoch 15, Train Accuracy: 0.7567777633666992 , TrainLoss: 0.5585203903251225 , validate Accuracy: 0.7526666522026062
validation accuracy: 0.7423333525657654
Epoch 16, Train Accuracy: 0.7581111192703247 , TrainLoss: 0.5511709115770128 , validate Accuracy: 0.7423333525657654
validation accuracy: 0.7643333077430725
checkpoint saved
Epoch 17, Train Accuracy: 0.7559999823570251 , TrainLoss: 0.5459721208943261 , validate Accuracy: 0.7643333077430725
validation accuracy: 0.7490000128746033
Epoch 18, Train Accuracy: 0.7565555572509766 , TrainLoss: 0.5433747309048971 , validate Accuracy: 0.7490000128746033
validation accuracy: 0.7300000190734863
Epoch 19, Train Accuracy: 0.765666663646698 , TrainLoss: 0.5336550438139174 , validate Accuracy: 0.7300000190734863
validation accuracy: 0.7423333525657654
Epoch 20, Train Accuracy: 0.7645555734634399 , TrainLoss: 0.530579546795951 , validate Accuracy: 0.7423333525657654
validation accuracy: 0.7536666393280029
Epoch 21, Train Accuracy: 0.769444465637207 , TrainLoss: 0.5244607745011648 , validate Accuracy: 0.7536666393280029
validation accuracy: 0.7536666393280029
Epoch 22, Train Accuracy: 0.7707777619361877 , TrainLoss: 0.5159269952774048 , validate Accuracy: 0.7536666393280029
validation accuracy: 0.7276666760444641
Epoch 23, Train Accuracy: 0.773888885974884 , TrainLoss: 0.520290163093143 , validate Accuracy: 0.7276666760444641
validation accuracy: 0.7796666622161865
checkpoint saved
Epoch 24, Train Accuracy: 0.7844444513320923 , TrainLoss: 0.5003208032184177 , validate Accuracy: 0.7796666622161865
validation accuracy: 0.7516666650772095
Epoch 25, Train Accuracy: 0.7802222371101379 , TrainLoss: 0.5047200946145588 , validate Accuracy: 0.7516666650772095
validation accuracy: 0.7766666412353516
Epoch 26, Train Accuracy: 0.7839999794960022 , TrainLoss: 0.4972910118897756 , validate Accuracy: 0.7766666412353516
validation accuracy: 0.762666642665863
Epoch 27, Train Accuracy: 0.7876666784286499 , TrainLoss: 0.49298864640129936 , validate Accuracy: 0.762666642665863
validation accuracy: 0.7680000066757202
Epoch 28, Train Accuracy: 0.788777768611908 , TrainLoss: 0.4958291108343336 , validate Accuracy: 0.7680000066757202
validation accuracy: 0.7663333415985107
Epoch 29, Train Accuracy: 0.7848889231681824 , TrainLoss: 0.4944421903822157 , validate Accuracy: 0.7663333415985107
validation accuracy: 0.7683333158493042
Epoch 30, Train Accuracy: 0.7898889183998108 , TrainLoss: 0.4878272795677185 , validate Accuracy: 0.7683333158493042
validation accuracy: 0.7786666750907898
Epoch 31, Train Accuracy: 0.7883333563804626 , TrainLoss: 0.490441951168908 , validate Accuracy: 0.7786666750907898
validation accuracy: 0.7953333258628845
checkpoint saved
Epoch 32, Train Accuracy: 0.8103333711624146 , TrainLoss: 0.45512926075193616 , validate Accuracy: 0.7953333258628845
validation accuracy: 0.7910000085830688
Epoch 33, Train Accuracy: 0.808222234249115 , TrainLoss: 0.44775682420200774 , validate Accuracy: 0.7910000085830688
validation accuracy: 0.7926666736602783
Epoch 34, Train Accuracy: 0.8142222166061401 , TrainLoss: 0.444053404490153 , validate Accuracy: 0.7926666736602783
validation accuracy: 0.7926666736602783
Epoch 35, Train Accuracy: 0.8118888735771179 , TrainLoss: 0.44241875383589 , validate Accuracy: 0.7926666736602783
validation accuracy: 0.7926666736602783
Epoch 36, Train Accuracy: 0.8137778043746948 , TrainLoss: 0.4456316804356045 , validate Accuracy: 0.7926666736602783
validation accuracy: 0.7950000166893005
Epoch 37, Train Accuracy: 0.8088889122009277 , TrainLoss: 0.4461694542831845 , validate Accuracy: 0.7950000166893005
validation accuracy: 0.7953333258628845
Epoch 38, Train Accuracy: 0.8043333292007446 , TrainLoss: 0.45240610196855335 , validate Accuracy: 0.7953333258628845
validation accuracy: 0.7946666479110718
Epoch 39, Train Accuracy: 0.8137778043746948 , TrainLoss: 0.44053912772072684 , validate Accuracy: 0.7946666479110718
validation accuracy: 0.7956666350364685
checkpoint saved
Epoch 40, Train Accuracy: 0.8140000104904175 , TrainLoss: 0.44167808209525217 , validate Accuracy: 0.7956666350364685
validation accuracy: 0.7943333387374878
Epoch 41, Train Accuracy: 0.807888925075531 , TrainLoss: 0.4441773330900404 , validate Accuracy: 0.7943333387374878
validation accuracy: 0.7946666479110718
Epoch 42, Train Accuracy: 0.8118888735771179 , TrainLoss: 0.44345792463090683 , validate Accuracy: 0.7946666479110718
validation accuracy: 0.7950000166893005
Epoch 43, Train Accuracy: 0.8166666626930237 , TrainLoss: 0.4395370491610633 , validate Accuracy: 0.7950000166893005
validation accuracy: 0.7923333048820496
Epoch 44, Train Accuracy: 0.8138889074325562 , TrainLoss: 0.4428459186024136 , validate Accuracy: 0.7923333048820496
validation accuracy: 0.7919999957084656
Epoch 45, Train Accuracy: 0.8107777833938599 , TrainLoss: 0.44355603747897676 , validate Accuracy: 0.7919999957084656
validation accuracy: 0.7903333306312561
Epoch 46, Train Accuracy: 0.81122225522995 , TrainLoss: 0.44438232644399006 , validate Accuracy: 0.7903333306312561
validation accuracy: 0.7923333048820496
Epoch 47, Train Accuracy: 0.8107777833938599 , TrainLoss: 0.44556429648399354 , validate Accuracy: 0.7923333048820496
validation accuracy: 0.793666660785675
Epoch 48, Train Accuracy: 0.8100000023841858 , TrainLoss: 0.44515503194597034 , validate Accuracy: 0.793666660785675
validation accuracy: 0.7913333177566528
Epoch 49, Train Accuracy: 0.8118888735771179 , TrainLoss: 0.44256661507818434 , validate Accuracy: 0.7913333177566528
validation accuracy: 0.793666660785675
Epoch 50, Train Accuracy: 0.8065555691719055 , TrainLoss: 0.4461200929482778 , validate Accuracy: 0.793666660785675
validation accuracy: 0.797333300113678
checkpoint saved
Epoch 51, Train Accuracy: 0.8094444274902344 , TrainLoss: 0.44226100720299616 , validate Accuracy: 0.797333300113678
validation accuracy: 0.7933333516120911
Epoch 52, Train Accuracy: 0.8072222471237183 , TrainLoss: 0.4536072185834249 , validate Accuracy: 0.7933333516120911
validation accuracy: 0.7926666736602783
Epoch 53, Train Accuracy: 0.8058888912200928 , TrainLoss: 0.4515055514971415 , validate Accuracy: 0.7926666736602783
validation accuracy: 0.7883332967758179
Epoch 54, Train Accuracy: 0.8138889074325562 , TrainLoss: 0.44374223221672904 , validate Accuracy: 0.7883332967758179
validation accuracy: 0.7946666479110718
Epoch 55, Train Accuracy: 0.8098888993263245 , TrainLoss: 0.44143112256791855 , validate Accuracy: 0.7946666479110718
validation accuracy: 0.7976666688919067
checkpoint saved
Epoch 56, Train Accuracy: 0.8084444403648376 , TrainLoss: 0.44644117159313623 , validate Accuracy: 0.7976666688919067
validation accuracy: 0.7929999828338623
Epoch 57, Train Accuracy: 0.8121111392974854 , TrainLoss: 0.44416752558284334 , validate Accuracy: 0.7929999828338623
validation accuracy: 0.793666660785675
Epoch 58, Train Accuracy: 0.8090000152587891 , TrainLoss: 0.4497565828429328 , validate Accuracy: 0.793666660785675
validation accuracy: 0.7929999828338623
Epoch 59, Train Accuracy: 0.8122222423553467 , TrainLoss: 0.44107312154769895 , validate Accuracy: 0.7929999828338623
validation accuracy: 0.7943333387374878
Epoch 60, Train Accuracy: 0.807888925075531 , TrainLoss: 0.45024946551852757 , validate Accuracy: 0.7943333387374878
validation accuracy: 0.7933333516120911
Epoch 61, Train Accuracy: 0.8111110925674438 , TrainLoss: 0.4449462932480706 , validate Accuracy: 0.7933333516120911
validation accuracy: 0.7916666865348816
Epoch 62, Train Accuracy: 0.8136667013168335 , TrainLoss: 0.44474241495132444 , validate Accuracy: 0.7916666865348816
validation accuracy: 0.7943333387374878
Epoch 63, Train Accuracy: 0.8069999814033508 , TrainLoss: 0.44755627404318915 , validate Accuracy: 0.7943333387374878
validation accuracy: 0.79666668176651
Epoch 64, Train Accuracy: 0.812333345413208 , TrainLoss: 0.4374420511722565 , validate Accuracy: 0.79666668176651
validation accuracy: 0.7910000085830688
Epoch 65, Train Accuracy: 0.8087778091430664 , TrainLoss: 0.4476856893963284 , validate Accuracy: 0.7910000085830688
validation accuracy: 0.7933333516120911
Epoch 66, Train Accuracy: 0.8121111392974854 , TrainLoss: 0.4401604195170932 , validate Accuracy: 0.7933333516120911
validation accuracy: 0.7963333129882812
Epoch 67, Train Accuracy: 0.8128889203071594 , TrainLoss: 0.4412975721094343 , validate Accuracy: 0.7963333129882812
validation accuracy: 0.7926666736602783
Epoch 68, Train Accuracy: 0.8087778091430664 , TrainLoss: 0.4493857690758175 , validate Accuracy: 0.7926666736602783
validation accuracy: 0.793666660785675
Epoch 69, Train Accuracy: 0.8092222213745117 , TrainLoss: 0.44460296312967934 , validate Accuracy: 0.793666660785675
validation accuracy: 0.7960000038146973
Epoch 70, Train Accuracy: 0.816777765750885 , TrainLoss: 0.44010164957576325 , validate Accuracy: 0.7960000038146973
validation accuracy: 0.7946666479110718
Epoch 71, Train Accuracy: 0.8095555901527405 , TrainLoss: 0.4456474833753374 , validate Accuracy: 0.7946666479110718
validation accuracy: 0.7926666736602783
Epoch 72, Train Accuracy: 0.8105555772781372 , TrainLoss: 0.443488586001926 , validate Accuracy: 0.7926666736602783
validation accuracy: 0.7953333258628845
Epoch 73, Train Accuracy: 0.8081111311912537 , TrainLoss: 0.44955045964982776 , validate Accuracy: 0.7953333258628845
validation accuracy: 0.793666660785675
Epoch 74, Train Accuracy: 0.8111110925674438 , TrainLoss: 0.4453529203600354 , validate Accuracy: 0.793666660785675
validation accuracy: 0.7913333177566528
Epoch 75, Train Accuracy: 0.8134444355964661 , TrainLoss: 0.4396520950264401 , validate Accuracy: 0.7913333177566528
validation accuracy: 0.7963333129882812
Epoch 76, Train Accuracy: 0.8101111054420471 , TrainLoss: 0.44498348183102077 , validate Accuracy: 0.7963333129882812
validation accuracy: 0.7960000038146973
Epoch 77, Train Accuracy: 0.8097777962684631 , TrainLoss: 0.44400901370578344 , validate Accuracy: 0.7960000038146973
validation accuracy: 0.793999969959259
Epoch 78, Train Accuracy: 0.8066666722297668 , TrainLoss: 0.44299658113055757 , validate Accuracy: 0.793999969959259
validation accuracy: 0.7916666865348816
Epoch 79, Train Accuracy: 0.8073333501815796 , TrainLoss: 0.44584192864100136 , validate Accuracy: 0.7916666865348816
validation accuracy: 0.7933333516120911
Epoch 80, Train Accuracy: 0.8114444613456726 , TrainLoss: 0.44150297770235275 , validate Accuracy: 0.7933333516120911
validation accuracy: 0.7943333387374878
Epoch 81, Train Accuracy: 0.8109999895095825 , TrainLoss: 0.44193154939015705 , validate Accuracy: 0.7943333387374878
validation accuracy: 0.793666660785675
Epoch 82, Train Accuracy: 0.809333324432373 , TrainLoss: 0.44433706556426156 , validate Accuracy: 0.793666660785675
validation accuracy: 0.7943333387374878
Epoch 83, Train Accuracy: 0.8033333420753479 , TrainLoss: 0.4477368819978502 , validate Accuracy: 0.7943333387374878
validation accuracy: 0.7950000166893005
Epoch 84, Train Accuracy: 0.8100000023841858 , TrainLoss: 0.4477993246714274 , validate Accuracy: 0.7950000166893005
validation accuracy: 0.793666660785675
Epoch 85, Train Accuracy: 0.8104444742202759 , TrainLoss: 0.4399854102664524 , validate Accuracy: 0.793666660785675
validation accuracy: 0.7946666479110718
Epoch 86, Train Accuracy: 0.8111110925674438 , TrainLoss: 0.44027671490775216 , validate Accuracy: 0.7946666479110718
validation accuracy: 0.7926666736602783
Epoch 87, Train Accuracy: 0.81122225522995 , TrainLoss: 0.44356181512938603 , validate Accuracy: 0.7926666736602783
validation accuracy: 0.7946666479110718
Epoch 88, Train Accuracy: 0.8127777576446533 , TrainLoss: 0.4472800175613827 , validate Accuracy: 0.7946666479110718
validation accuracy: 0.7916666865348816
Epoch 89, Train Accuracy: 0.8067777752876282 , TrainLoss: 0.446362287097507 , validate Accuracy: 0.7916666865348816
validation accuracy: 0.7943333387374878
Epoch 90, Train Accuracy: 0.8146666884422302 , TrainLoss: 0.44294855970806546 , validate Accuracy: 0.7943333387374878
validation accuracy: 0.7933333516120911
Epoch 91, Train Accuracy: 0.815333366394043 , TrainLoss: 0.444403700404697 , validate Accuracy: 0.7933333516120911
validation accuracy: 0.7933333516120911
Epoch 92, Train Accuracy: 0.8111110925674438 , TrainLoss: 0.4459810993671417 , validate Accuracy: 0.7933333516120911
validation accuracy: 0.7923333048820496
Epoch 93, Train Accuracy: 0.8108888864517212 , TrainLoss: 0.4445222170088026 , validate Accuracy: 0.7923333048820496
validation accuracy: 0.7926666736602783
Epoch 94, Train Accuracy: 0.8072222471237183 , TrainLoss: 0.4471153636508518 , validate Accuracy: 0.7926666736602783
validation accuracy: 0.7953333258628845
Epoch 95, Train Accuracy: 0.8083333373069763 , TrainLoss: 0.44796837706036036 , validate Accuracy: 0.7953333258628845
validation accuracy: 0.7956666350364685
Epoch 96, Train Accuracy: 0.804888904094696 , TrainLoss: 0.4457741345299615 , validate Accuracy: 0.7956666350364685
validation accuracy: 0.7950000166893005
Epoch 97, Train Accuracy: 0.8137778043746948 , TrainLoss: 0.4470244181950887 , validate Accuracy: 0.7950000166893005
validation accuracy: 0.7923333048820496
Epoch 98, Train Accuracy: 0.8091111183166504 , TrainLoss: 0.4458878075281779 , validate Accuracy: 0.7923333048820496
validation accuracy: 0.7946666479110718
Epoch 99, Train Accuracy: 0.812333345413208 , TrainLoss: 0.4413208719359504 , validate Accuracy: 0.7946666479110718
validation accuracy: 0.7929999828338623
Epoch 100, Train Accuracy: 0.812666654586792 , TrainLoss: 0.44027185816235015 , validate Accuracy: 0.7929999828338623
validation accuracy: 0.7916666865348816
Epoch 101, Train Accuracy: 0.8031111359596252 , TrainLoss: 0.4507842117945353 , validate Accuracy: 0.7916666865348816
validation accuracy: 0.7950000166893005
Epoch 102, Train Accuracy: 0.8122222423553467 , TrainLoss: 0.44707400064998204 , validate Accuracy: 0.7950000166893005
validation accuracy: 0.7950000166893005
Epoch 103, Train Accuracy: 0.8132222294807434 , TrainLoss: 0.44238479699028865 , validate Accuracy: 0.7950000166893005
validation accuracy: 0.793999969959259
Epoch 104, Train Accuracy: 0.8090000152587891 , TrainLoss: 0.44045787482791476 , validate Accuracy: 0.793999969959259
validation accuracy: 0.793666660785675
Epoch 105, Train Accuracy: 0.812000036239624 , TrainLoss: 0.4442061135503981 , validate Accuracy: 0.793666660785675
validation accuracy: 0.7946666479110718
Epoch 106, Train Accuracy: 0.8087778091430664 , TrainLoss: 0.4517834375434452 , validate Accuracy: 0.7946666479110718
validation accuracy: 0.793999969959259
Epoch 107, Train Accuracy: 0.8131111264228821 , TrainLoss: 0.44517695336871677 , validate Accuracy: 0.793999969959259
validation accuracy: 0.79666668176651
Epoch 108, Train Accuracy: 0.8170000314712524 , TrainLoss: 0.44155253844790987 , validate Accuracy: 0.79666668176651
validation accuracy: 0.7953333258628845
Epoch 109, Train Accuracy: 0.8098888993263245 , TrainLoss: 0.4470450465944078 , validate Accuracy: 0.7953333258628845
validation accuracy: 0.7956666350364685
Epoch 110, Train Accuracy: 0.8105555772781372 , TrainLoss: 0.44648206832673815 , validate Accuracy: 0.7956666350364685
validation accuracy: 0.7956666350364685
Epoch 111, Train Accuracy: 0.8100000023841858 , TrainLoss: 0.44331584480073716 , validate Accuracy: 0.7956666350364685
validation accuracy: 0.793666660785675
Epoch 112, Train Accuracy: 0.8071111440658569 , TrainLoss: 0.4441674434343974 , validate Accuracy: 0.793666660785675
validation accuracy: 0.7933333516120911
Epoch 113, Train Accuracy: 0.8144444823265076 , TrainLoss: 0.441446190489663 , validate Accuracy: 0.7933333516120911
validation accuracy: 0.7929999828338623
Epoch 114, Train Accuracy: 0.8046666979789734 , TrainLoss: 0.4472676250139872 , validate Accuracy: 0.7929999828338623
validation accuracy: 0.7929999828338623
Epoch 115, Train Accuracy: 0.8102222084999084 , TrainLoss: 0.44871130522092184 , validate Accuracy: 0.7929999828338623
validation accuracy: 0.7946666479110718
Epoch 116, Train Accuracy: 0.8092222213745117 , TrainLoss: 0.4430232610702515 , validate Accuracy: 0.7946666479110718
validation accuracy: 0.7933333516120911
Epoch 117, Train Accuracy: 0.8096666932106018 , TrainLoss: 0.4432166263659795 , validate Accuracy: 0.7933333516120911
validation accuracy: 0.796999990940094
Epoch 118, Train Accuracy: 0.8122222423553467 , TrainLoss: 0.44183615244759455 , validate Accuracy: 0.796999990940094
validation accuracy: 0.7946666479110718
Epoch 119, Train Accuracy: 0.8087778091430664 , TrainLoss: 0.4487080053223504 , validate Accuracy: 0.7946666479110718
