
Due to MODULEPATH changes, the following have been reloaded:
  1) openmpi/2.1.1

CCCCCCCC
Checkpoint saved
Epoch 0, Train Accuracy: 0.5596666932106018 , TrainLoss: 0.8799076519012451 , Test Accuracy: 0.5873333215713501
Epoch 1, Train Accuracy: 0.6302222013473511 , TrainLoss: 0.7708730407290989 , Test Accuracy: 0.5866666436195374
Epoch 2, Train Accuracy: 0.6465555429458618 , TrainLoss: 0.7392252554363674 , Test Accuracy: 0.4736666679382324
Checkpoint saved
Epoch 3, Train Accuracy: 0.6651111245155334 , TrainLoss: 0.7119404437806871 , Test Accuracy: 0.6729999780654907
Checkpoint saved
Epoch 4, Train Accuracy: 0.6818888783454895 , TrainLoss: 0.6873162789874606 , Test Accuracy: 0.6739999651908875
Epoch 5, Train Accuracy: 0.691444456577301 , TrainLoss: 0.6667932560178969 , Test Accuracy: 0.6733333468437195
Checkpoint saved
Epoch 6, Train Accuracy: 0.7064444422721863 , TrainLoss: 0.6397009250852796 , Test Accuracy: 0.7053333520889282
Checkpoint saved
Epoch 7, Train Accuracy: 0.7125555872917175 , TrainLoss: 0.6256538367271424 , Test Accuracy: 0.7170000076293945
Checkpoint saved
Epoch 8, Train Accuracy: 0.7187777757644653 , TrainLoss: 0.6203360226949056 , Test Accuracy: 0.7289999723434448
Epoch 9, Train Accuracy: 0.7252222299575806 , TrainLoss: 0.6081746759414672 , Test Accuracy: 0.7249999642372131
Epoch 10, Train Accuracy: 0.7322222590446472 , TrainLoss: 0.5950181260903676 , Test Accuracy: 0.6986666321754456
Checkpoint saved
Epoch 11, Train Accuracy: 0.7394444346427917 , TrainLoss: 0.5818566592534383 , Test Accuracy: 0.7450000047683716
Checkpoint saved
Epoch 12, Train Accuracy: 0.7396667003631592 , TrainLoss: 0.5744086023436652 , Test Accuracy: 0.7493333220481873
Epoch 13, Train Accuracy: 0.7471111416816711 , TrainLoss: 0.5632705816162957 , Test Accuracy: 0.7296666502952576
Epoch 14, Train Accuracy: 0.7534444332122803 , TrainLoss: 0.5589503995047675 , Test Accuracy: 0.7486666440963745
Epoch 15, Train Accuracy: 0.7532222270965576 , TrainLoss: 0.5518042762147056 , Test Accuracy: 0.7479999661445618
Epoch 16, Train Accuracy: 0.7542222142219543 , TrainLoss: 0.5530172562069363 , Test Accuracy: 0.7400000095367432
Checkpoint saved
Epoch 17, Train Accuracy: 0.7616666555404663 , TrainLoss: 0.5435285038948059 , Test Accuracy: 0.762333333492279
Checkpoint saved
Epoch 18, Train Accuracy: 0.7641111016273499 , TrainLoss: 0.5322177837689718 , Test Accuracy: 0.7630000114440918
Epoch 19, Train Accuracy: 0.7678889036178589 , TrainLoss: 0.5365112154218885 , Test Accuracy: 0.7576666474342346
Epoch 20, Train Accuracy: 0.769777774810791 , TrainLoss: 0.5279134921895133 , Test Accuracy: 0.734666645526886
Epoch 21, Train Accuracy: 0.7683333158493042 , TrainLoss: 0.5254617018169827 , Test Accuracy: 0.7580000162124634
Epoch 22, Train Accuracy: 0.7732222080230713 , TrainLoss: 0.5121095402505663 , Test Accuracy: 0.7596666812896729
Epoch 23, Train Accuracy: 0.7788888812065125 , TrainLoss: 0.5131067518658108 , Test Accuracy: 0.7553333044052124
Checkpoint saved
Epoch 24, Train Accuracy: 0.7797777652740479 , TrainLoss: 0.5021671613587273 , Test Accuracy: 0.7720000147819519
Checkpoint saved
Epoch 25, Train Accuracy: 0.7803333401679993 , TrainLoss: 0.5060573604901631 , Test Accuracy: 0.7796666622161865
Epoch 26, Train Accuracy: 0.7872222065925598 , TrainLoss: 0.5004680343733894 , Test Accuracy: 0.7246666550636292
Epoch 27, Train Accuracy: 0.7858889102935791 , TrainLoss: 0.49092907751931086 , Test Accuracy: 0.7456666827201843
Epoch 28, Train Accuracy: 0.7824444770812988 , TrainLoss: 0.5007591838306851 , Test Accuracy: 0.7723333239555359
Epoch 29, Train Accuracy: 0.7870000004768372 , TrainLoss: 0.49371615340974595 , Test Accuracy: 0.7743332982063293
Epoch 30, Train Accuracy: 0.7915555834770203 , TrainLoss: 0.4811795029640198 , Test Accuracy: 0.7663333415985107
Checkpoint saved
Epoch 31, Train Accuracy: 0.7956666946411133 , TrainLoss: 0.48349245863490636 , Test Accuracy: 0.7820000052452087
Checkpoint saved
Epoch 32, Train Accuracy: 0.808222234249115 , TrainLoss: 0.45319999014006723 , Test Accuracy: 0.7886666655540466
Checkpoint saved
Epoch 33, Train Accuracy: 0.812333345413208 , TrainLoss: 0.4435360981623332 , Test Accuracy: 0.793666660785675
Checkpoint saved
Epoch 34, Train Accuracy: 0.80522221326828 , TrainLoss: 0.4479182817141215 , Test Accuracy: 0.7956666350364685
Epoch 35, Train Accuracy: 0.8144444823265076 , TrainLoss: 0.43977674094835917 , Test Accuracy: 0.7956666350364685
Epoch 36, Train Accuracy: 0.8087778091430664 , TrainLoss: 0.44655954551696775 , Test Accuracy: 0.7943333387374878
Epoch 37, Train Accuracy: 0.8122222423553467 , TrainLoss: 0.4372620245085822 , Test Accuracy: 0.793999969959259
Epoch 38, Train Accuracy: 0.8215555548667908 , TrainLoss: 0.4314704154332479 , Test Accuracy: 0.7943333387374878
Epoch 39, Train Accuracy: 0.8081111311912537 , TrainLoss: 0.4373846380975511 , Test Accuracy: 0.7926666736602783
Epoch 40, Train Accuracy: 0.8132222294807434 , TrainLoss: 0.43647505995962355 , Test Accuracy: 0.7956666350364685
Epoch 41, Train Accuracy: 0.8213333487510681 , TrainLoss: 0.42736422549353703 , Test Accuracy: 0.793666660785675
Epoch 42, Train Accuracy: 0.8173333406448364 , TrainLoss: 0.4278706529405382 , Test Accuracy: 0.7883332967758179
Checkpoint saved
Epoch 43, Train Accuracy: 0.8218889236450195 , TrainLoss: 0.4283570854928758 , Test Accuracy: 0.79666668176651
Epoch 44, Train Accuracy: 0.8199999928474426 , TrainLoss: 0.42717700852288143 , Test Accuracy: 0.7896666526794434
Epoch 45, Train Accuracy: 0.8198888897895813 , TrainLoss: 0.43005220365524294 , Test Accuracy: 0.7929999828338623
Checkpoint saved
Epoch 46, Train Accuracy: 0.8188889026641846 , TrainLoss: 0.42490948380364313 , Test Accuracy: 0.797333300113678
Epoch 47, Train Accuracy: 0.820111095905304 , TrainLoss: 0.4288755067454444 , Test Accuracy: 0.7933333516120911
Checkpoint saved
Epoch 48, Train Accuracy: 0.820555567741394 , TrainLoss: 0.431058001226849 , Test Accuracy: 0.7976666688919067
Epoch 49, Train Accuracy: 0.816444456577301 , TrainLoss: 0.42703976458973353 , Test Accuracy: 0.79666668176651
Checkpoint saved
Epoch 50, Train Accuracy: 0.8232222199440002 , TrainLoss: 0.42390668678945964 , Test Accuracy: 0.7983333468437195
Checkpoint saved
Epoch 51, Train Accuracy: 0.8188889026641846 , TrainLoss: 0.42695909754435224 , Test Accuracy: 0.7986666560173035
Epoch 52, Train Accuracy: 0.8198888897895813 , TrainLoss: 0.4260631052652995 , Test Accuracy: 0.7963333129882812
Epoch 53, Train Accuracy: 0.8224444389343262 , TrainLoss: 0.42331252898110283 , Test Accuracy: 0.7983333468437195
Epoch 54, Train Accuracy: 0.8175555467605591 , TrainLoss: 0.4270212037828234 , Test Accuracy: 0.7956666350364685
Epoch 55, Train Accuracy: 0.820888876914978 , TrainLoss: 0.4246836468113793 , Test Accuracy: 0.7979999780654907
Checkpoint saved
Epoch 56, Train Accuracy: 0.8170000314712524 , TrainLoss: 0.4262390698856778 , Test Accuracy: 0.8006666302680969
Epoch 57, Train Accuracy: 0.8223333358764648 , TrainLoss: 0.4185221640268962 , Test Accuracy: 0.7979999780654907
Epoch 58, Train Accuracy: 0.8214444518089294 , TrainLoss: 0.4224321840074327 , Test Accuracy: 0.793666660785675
Epoch 59, Train Accuracy: 0.8183333277702332 , TrainLoss: 0.42421850299835206 , Test Accuracy: 0.7913333177566528
Epoch 60, Train Accuracy: 0.8207777738571167 , TrainLoss: 0.4209368444018894 , Test Accuracy: 0.7986666560173035
Epoch 61, Train Accuracy: 0.8216666579246521 , TrainLoss: 0.4225301510228051 , Test Accuracy: 0.8003333210945129
Epoch 62, Train Accuracy: 0.8272222280502319 , TrainLoss: 0.4113691795137194 , Test Accuracy: 0.797333300113678
Epoch 63, Train Accuracy: 0.8262222409248352 , TrainLoss: 0.4141575170358022 , Test Accuracy: 0.7979999780654907
Epoch 64, Train Accuracy: 0.8233333230018616 , TrainLoss: 0.41708030711279975 , Test Accuracy: 0.79666668176651
Epoch 65, Train Accuracy: 0.8278889060020447 , TrainLoss: 0.41392084783977934 , Test Accuracy: 0.7983333468437195
Epoch 66, Train Accuracy: 0.8218889236450195 , TrainLoss: 0.4161877020729913 , Test Accuracy: 0.7983333468437195
Epoch 67, Train Accuracy: 0.820111095905304 , TrainLoss: 0.4234883589744568 , Test Accuracy: 0.8006666302680969
Epoch 68, Train Accuracy: 0.8271111249923706 , TrainLoss: 0.4141528262562222 , Test Accuracy: 0.79666668176651
Checkpoint saved
Epoch 69, Train Accuracy: 0.8256666660308838 , TrainLoss: 0.4113680973317888 , Test Accuracy: 0.8019999861717224
Epoch 70, Train Accuracy: 0.8265555500984192 , TrainLoss: 0.41861615308125816 , Test Accuracy: 0.79666668176651
Epoch 71, Train Accuracy: 0.8301111459732056 , TrainLoss: 0.41077616951200696 , Test Accuracy: 0.79666668176651
Epoch 72, Train Accuracy: 0.8265555500984192 , TrainLoss: 0.41129296414057415 , Test Accuracy: 0.800000011920929
Epoch 73, Train Accuracy: 0.8308889269828796 , TrainLoss: 0.41072466810544334 , Test Accuracy: 0.7989999651908875
Epoch 74, Train Accuracy: 0.8267778158187866 , TrainLoss: 0.41225377919938827 , Test Accuracy: 0.7986666560173035
Epoch 75, Train Accuracy: 0.8314444422721863 , TrainLoss: 0.4125849011739095 , Test Accuracy: 0.8013333082199097
Epoch 76, Train Accuracy: 0.8223333358764648 , TrainLoss: 0.4204266501532661 , Test Accuracy: 0.7976666688919067
Epoch 77, Train Accuracy: 0.8301111459732056 , TrainLoss: 0.41027819543414645 , Test Accuracy: 0.7983333468437195
Epoch 78, Train Accuracy: 0.8258888721466064 , TrainLoss: 0.41451050882869295 , Test Accuracy: 0.7993333339691162
Epoch 79, Train Accuracy: 0.8287777900695801 , TrainLoss: 0.4083583592043983 , Test Accuracy: 0.7976666688919067
Epoch 80, Train Accuracy: 0.8258888721466064 , TrainLoss: 0.41681536599000296 , Test Accuracy: 0.7923333048820496
Epoch 81, Train Accuracy: 0.8261111378669739 , TrainLoss: 0.41180131146642895 , Test Accuracy: 0.796999990940094
Epoch 82, Train Accuracy: 0.8253333568572998 , TrainLoss: 0.4145446638531155 , Test Accuracy: 0.7976666688919067
Epoch 83, Train Accuracy: 0.8246666789054871 , TrainLoss: 0.4080715498394436 , Test Accuracy: 0.7989999651908875
Epoch 84, Train Accuracy: 0.8230000138282776 , TrainLoss: 0.41946198903189763 , Test Accuracy: 0.7983333468437195
Epoch 85, Train Accuracy: 0.8285555839538574 , TrainLoss: 0.4105773375564151 , Test Accuracy: 0.7979999780654907
Epoch 86, Train Accuracy: 0.8228889107704163 , TrainLoss: 0.4156826326847076 , Test Accuracy: 0.7963333129882812
Epoch 87, Train Accuracy: 0.8248888850212097 , TrainLoss: 0.41389036814371744 , Test Accuracy: 0.8013333082199097
Epoch 88, Train Accuracy: 0.8225555419921875 , TrainLoss: 0.4149805603557163 , Test Accuracy: 0.797333300113678
Epoch 89, Train Accuracy: 0.8286666870117188 , TrainLoss: 0.4093021327124702 , Test Accuracy: 0.8009999990463257
Epoch 90, Train Accuracy: 0.8299999833106995 , TrainLoss: 0.4114635707007514 , Test Accuracy: 0.796999990940094
Epoch 91, Train Accuracy: 0.823555588722229 , TrainLoss: 0.41279286776648627 , Test Accuracy: 0.7960000038146973
Epoch 92, Train Accuracy: 0.8327777981758118 , TrainLoss: 0.40266285893652176 , Test Accuracy: 0.7960000038146973
Epoch 93, Train Accuracy: 0.8225555419921875 , TrainLoss: 0.4123453795115153 , Test Accuracy: 0.79666668176651
Epoch 94, Train Accuracy: 0.8278889060020447 , TrainLoss: 0.40918289550145465 , Test Accuracy: 0.7996666431427002
Epoch 95, Train Accuracy: 0.8311111330986023 , TrainLoss: 0.4067490254773034 , Test Accuracy: 0.8013333082199097
Epoch 96, Train Accuracy: 0.8267778158187866 , TrainLoss: 0.4075175347858005 , Test Accuracy: 0.7976666688919067
Epoch 97, Train Accuracy: 0.8266666531562805 , TrainLoss: 0.4143674334949917 , Test Accuracy: 0.7996666431427002
Epoch 98, Train Accuracy: 0.8252222537994385 , TrainLoss: 0.41694264886114335 , Test Accuracy: 0.7979999780654907
Epoch 99, Train Accuracy: 0.8285555839538574 , TrainLoss: 0.4082386769188775 , Test Accuracy: 0.7950000166893005
Epoch 100, Train Accuracy: 0.8260000348091125 , TrainLoss: 0.41254944525824655 , Test Accuracy: 0.7983333468437195
Epoch 101, Train Accuracy: 0.8226667046546936 , TrainLoss: 0.41375923840204876 , Test Accuracy: 0.797333300113678
Epoch 102, Train Accuracy: 0.8303333520889282 , TrainLoss: 0.40702639031410215 , Test Accuracy: 0.8009999990463257
Epoch 103, Train Accuracy: 0.8326666951179504 , TrainLoss: 0.40807297506597306 , Test Accuracy: 0.7953333258628845
Epoch 104, Train Accuracy: 0.8296666741371155 , TrainLoss: 0.4108369314405653 , Test Accuracy: 0.797333300113678
Epoch 105, Train Accuracy: 0.8316666483879089 , TrainLoss: 0.40826214673784045 , Test Accuracy: 0.796999990940094
Epoch 106, Train Accuracy: 0.826888918876648 , TrainLoss: 0.4139663854704963 , Test Accuracy: 0.8013333082199097
Epoch 107, Train Accuracy: 0.8237777948379517 , TrainLoss: 0.41681554953257244 , Test Accuracy: 0.7963333129882812
Epoch 108, Train Accuracy: 0.826888918876648 , TrainLoss: 0.40839502080281576 , Test Accuracy: 0.800000011920929
Epoch 109, Train Accuracy: 0.8302222490310669 , TrainLoss: 0.4069483608669705 , Test Accuracy: 0.800000011920929
Epoch 110, Train Accuracy: 0.8265555500984192 , TrainLoss: 0.41181997566752965 , Test Accuracy: 0.7976666688919067
Epoch 111, Train Accuracy: 0.827666699886322 , TrainLoss: 0.41160034947925145 , Test Accuracy: 0.7976666688919067
Epoch 112, Train Accuracy: 0.8237777948379517 , TrainLoss: 0.4169827740457323 , Test Accuracy: 0.7963333129882812
Epoch 113, Train Accuracy: 0.8254444599151611 , TrainLoss: 0.41598942812283835 , Test Accuracy: 0.800000011920929
Epoch 114, Train Accuracy: 0.8248888850212097 , TrainLoss: 0.41762627416186865 , Test Accuracy: 0.7996666431427002
Epoch 115, Train Accuracy: 0.8233333230018616 , TrainLoss: 0.4135298586951362 , Test Accuracy: 0.7963333129882812
Epoch 116, Train Accuracy: 0.828000009059906 , TrainLoss: 0.41051464896731904 , Test Accuracy: 0.8006666302680969
Epoch 117, Train Accuracy: 0.8282222151756287 , TrainLoss: 0.40852669800652397 , Test Accuracy: 0.797333300113678
Epoch 118, Train Accuracy: 0.8291110992431641 , TrainLoss: 0.41127620765897965 , Test Accuracy: 0.7989999651908875
Epoch 119, Train Accuracy: 0.8272222280502319 , TrainLoss: 0.411767010529836 , Test Accuracy: 0.797333300113678
