36
augmenting++++++++++++++
validation accuracy: 0.5536666512489319
checkpoint saved
Epoch 0, Train Accuracy: 0.5121111273765564 , TrainLoss: 0.9359532006581625 , validate Accuracy: 0.5536666512489319
validation accuracy: 0.628333330154419
checkpoint saved
Epoch 1, Train Accuracy: 0.5968888998031616 , TrainLoss: 0.817945441140069 , validate Accuracy: 0.628333330154419
validation accuracy: 0.6019999980926514
Epoch 2, Train Accuracy: 0.6303333640098572 , TrainLoss: 0.7588481377495659 , validate Accuracy: 0.6019999980926514
validation accuracy: 0.5989999771118164
Epoch 3, Train Accuracy: 0.6533333659172058 , TrainLoss: 0.7268364700211419 , validate Accuracy: 0.5989999771118164
validation accuracy: 0.6393333077430725
checkpoint saved
Epoch 4, Train Accuracy: 0.6776666641235352 , TrainLoss: 0.6944014693366156 , validate Accuracy: 0.6393333077430725
validation accuracy: 0.6783333420753479
checkpoint saved
Epoch 5, Train Accuracy: 0.6841111183166504 , TrainLoss: 0.6726250546773275 , validate Accuracy: 0.6783333420753479
validation accuracy: 0.6859999895095825
checkpoint saved
Epoch 6, Train Accuracy: 0.7008888721466064 , TrainLoss: 0.6484896762635973 , validate Accuracy: 0.6859999895095825
validation accuracy: 0.6779999732971191
Epoch 7, Train Accuracy: 0.7093333601951599 , TrainLoss: 0.6371919501622518 , validate Accuracy: 0.6779999732971191
validation accuracy: 0.7126666307449341
checkpoint saved
Epoch 8, Train Accuracy: 0.7223333120346069 , TrainLoss: 0.6166731647385492 , validate Accuracy: 0.7126666307449341
validation accuracy: 0.6769999861717224
Epoch 9, Train Accuracy: 0.7191111445426941 , TrainLoss: 0.611766241285536 , validate Accuracy: 0.6769999861717224
validation accuracy: 0.7143333554267883
checkpoint saved
Epoch 10, Train Accuracy: 0.7311111092567444 , TrainLoss: 0.5975118600262536 , validate Accuracy: 0.7143333554267883
validation accuracy: 0.7046666741371155
Epoch 11, Train Accuracy: 0.7329999804496765 , TrainLoss: 0.5931361915800306 , validate Accuracy: 0.7046666741371155
validation accuracy: 0.7210000157356262
checkpoint saved
Epoch 12, Train Accuracy: 0.7380000352859497 , TrainLoss: 0.5814160986476474 , validate Accuracy: 0.7210000157356262
validation accuracy: 0.7416666746139526
checkpoint saved
Epoch 13, Train Accuracy: 0.7430000305175781 , TrainLoss: 0.575320552719964 , validate Accuracy: 0.7416666746139526
validation accuracy: 0.7216666340827942
Epoch 14, Train Accuracy: 0.7512222528457642 , TrainLoss: 0.5592777472601996 , validate Accuracy: 0.7216666340827942
validation accuracy: 0.7363333106040955
Epoch 15, Train Accuracy: 0.7565555572509766 , TrainLoss: 0.5519123022556305 , validate Accuracy: 0.7363333106040955
validation accuracy: 0.7450000047683716
checkpoint saved
Epoch 16, Train Accuracy: 0.7597777843475342 , TrainLoss: 0.5430423420270284 , validate Accuracy: 0.7450000047683716
validation accuracy: 0.6899999976158142
Epoch 17, Train Accuracy: 0.7588889002799988 , TrainLoss: 0.5410739610460069 , validate Accuracy: 0.6899999976158142
validation accuracy: 0.7593333125114441
checkpoint saved
Epoch 18, Train Accuracy: 0.7675555348396301 , TrainLoss: 0.5259114513397217 , validate Accuracy: 0.7593333125114441
validation accuracy: 0.7436666488647461
Epoch 19, Train Accuracy: 0.7703333497047424 , TrainLoss: 0.5236582579347823 , validate Accuracy: 0.7436666488647461
validation accuracy: 0.7406666874885559
Epoch 20, Train Accuracy: 0.7732222080230713 , TrainLoss: 0.5181336187786526 , validate Accuracy: 0.7406666874885559
validation accuracy: 0.7666666507720947
checkpoint saved
Epoch 21, Train Accuracy: 0.7760000228881836 , TrainLoss: 0.5206374697155423 , validate Accuracy: 0.7666666507720947
validation accuracy: 0.7436666488647461
Epoch 22, Train Accuracy: 0.7736666798591614 , TrainLoss: 0.5131877201133305 , validate Accuracy: 0.7436666488647461
validation accuracy: 0.7553333044052124
Epoch 23, Train Accuracy: 0.7718889117240906 , TrainLoss: 0.5120778129233254 , validate Accuracy: 0.7553333044052124
validation accuracy: 0.7436666488647461
Epoch 24, Train Accuracy: 0.7829999923706055 , TrainLoss: 0.4964188174671597 , validate Accuracy: 0.7436666488647461
validation accuracy: 0.7166666388511658
Epoch 25, Train Accuracy: 0.7771111130714417 , TrainLoss: 0.5007472416824764 , validate Accuracy: 0.7166666388511658
validation accuracy: 0.7706666588783264
checkpoint saved
Epoch 26, Train Accuracy: 0.7811111211776733 , TrainLoss: 0.4987431790033976 , validate Accuracy: 0.7706666588783264
validation accuracy: 0.7126666307449341
Epoch 27, Train Accuracy: 0.7877777814865112 , TrainLoss: 0.48622981105910407 , validate Accuracy: 0.7126666307449341
validation accuracy: 0.7739999890327454
checkpoint saved
Epoch 28, Train Accuracy: 0.7876666784286499 , TrainLoss: 0.4920278103086683 , validate Accuracy: 0.7739999890327454
validation accuracy: 0.7693333029747009
Epoch 29, Train Accuracy: 0.7896666526794434 , TrainLoss: 0.48061261626084645 , validate Accuracy: 0.7693333029747009
validation accuracy: 0.7416666746139526
Epoch 30, Train Accuracy: 0.7963333129882812 , TrainLoss: 0.47825366679827375 , validate Accuracy: 0.7416666746139526
validation accuracy: 0.7613333463668823
Epoch 31, Train Accuracy: 0.7990000247955322 , TrainLoss: 0.46977605427636043 , validate Accuracy: 0.7613333463668823
validation accuracy: 0.7896666526794434
checkpoint saved
Epoch 32, Train Accuracy: 0.809333324432373 , TrainLoss: 0.44391927909851076 , validate Accuracy: 0.7896666526794434
validation accuracy: 0.7946666479110718
checkpoint saved
Epoch 33, Train Accuracy: 0.816777765750885 , TrainLoss: 0.42820707803302344 , validate Accuracy: 0.7946666479110718
validation accuracy: 0.7933333516120911
Epoch 34, Train Accuracy: 0.81977778673172 , TrainLoss: 0.4267274515363905 , validate Accuracy: 0.7933333516120911
validation accuracy: 0.7913333177566528
Epoch 35, Train Accuracy: 0.8211111426353455 , TrainLoss: 0.4211559130350749 , validate Accuracy: 0.7913333177566528
validation accuracy: 0.793666660785675
Epoch 36, Train Accuracy: 0.8211111426353455 , TrainLoss: 0.42798727072609793 , validate Accuracy: 0.793666660785675
validation accuracy: 0.7906666398048401
Epoch 37, Train Accuracy: 0.8211111426353455 , TrainLoss: 0.42424752955966527 , validate Accuracy: 0.7906666398048401
validation accuracy: 0.793666660785675
Epoch 38, Train Accuracy: 0.8190000057220459 , TrainLoss: 0.4218701893488566 , validate Accuracy: 0.793666660785675
validation accuracy: 0.7943333387374878
Epoch 39, Train Accuracy: 0.8212222456932068 , TrainLoss: 0.42076431401570635 , validate Accuracy: 0.7943333387374878
validation accuracy: 0.7943333387374878
Epoch 40, Train Accuracy: 0.8245555758476257 , TrainLoss: 0.4222305023405287 , validate Accuracy: 0.7943333387374878
validation accuracy: 0.7929999828338623
Epoch 41, Train Accuracy: 0.8190000057220459 , TrainLoss: 0.4219391108221478 , validate Accuracy: 0.7929999828338623
validation accuracy: 0.793666660785675
Epoch 42, Train Accuracy: 0.8147777915000916 , TrainLoss: 0.42492941506703696 , validate Accuracy: 0.793666660785675
validation accuracy: 0.7950000166893005
checkpoint saved
Epoch 43, Train Accuracy: 0.8183333277702332 , TrainLoss: 0.42327855666478476 , validate Accuracy: 0.7950000166893005
validation accuracy: 0.7950000166893005
Epoch 44, Train Accuracy: 0.8168888688087463 , TrainLoss: 0.42361875592337717 , validate Accuracy: 0.7950000166893005
validation accuracy: 0.7929999828338623
Epoch 45, Train Accuracy: 0.8204444646835327 , TrainLoss: 0.42683990449375575 , validate Accuracy: 0.7929999828338623
validation accuracy: 0.7933333516120911
Epoch 46, Train Accuracy: 0.8217777609825134 , TrainLoss: 0.42281588798099096 , validate Accuracy: 0.7933333516120911
validation accuracy: 0.7953333258628845
checkpoint saved
Epoch 47, Train Accuracy: 0.8203333616256714 , TrainLoss: 0.42371514018376666 , validate Accuracy: 0.7953333258628845
validation accuracy: 0.7943333387374878
Epoch 48, Train Accuracy: 0.8186666965484619 , TrainLoss: 0.4222309752040439 , validate Accuracy: 0.7943333387374878
validation accuracy: 0.7929999828338623
Epoch 49, Train Accuracy: 0.824999988079071 , TrainLoss: 0.41657250622908276 , validate Accuracy: 0.7929999828338623
validation accuracy: 0.7933333516120911
Epoch 50, Train Accuracy: 0.8155555725097656 , TrainLoss: 0.4261515358289083 , validate Accuracy: 0.7933333516120911
validation accuracy: 0.7919999957084656
Epoch 51, Train Accuracy: 0.8207777738571167 , TrainLoss: 0.4194363374180264 , validate Accuracy: 0.7919999957084656
validation accuracy: 0.7943333387374878
Epoch 52, Train Accuracy: 0.8247777819633484 , TrainLoss: 0.4157169876098633 , validate Accuracy: 0.7943333387374878
validation accuracy: 0.7906666398048401
Epoch 53, Train Accuracy: 0.819444477558136 , TrainLoss: 0.42403661574257745 , validate Accuracy: 0.7906666398048401
validation accuracy: 0.7923333048820496
Epoch 54, Train Accuracy: 0.8256666660308838 , TrainLoss: 0.4191135609414842 , validate Accuracy: 0.7923333048820496
validation accuracy: 0.7946666479110718
Epoch 55, Train Accuracy: 0.8216666579246521 , TrainLoss: 0.42193159588178 , validate Accuracy: 0.7946666479110718
validation accuracy: 0.7946666479110718
Epoch 56, Train Accuracy: 0.8206666707992554 , TrainLoss: 0.41983712683783636 , validate Accuracy: 0.7946666479110718
validation accuracy: 0.793666660785675
Epoch 57, Train Accuracy: 0.8199999928474426 , TrainLoss: 0.4232395292123159 , validate Accuracy: 0.793666660785675
validation accuracy: 0.7929999828338623
Epoch 58, Train Accuracy: 0.8228889107704163 , TrainLoss: 0.4206896986431546 , validate Accuracy: 0.7929999828338623
validation accuracy: 0.7946666479110718
Epoch 59, Train Accuracy: 0.8221111297607422 , TrainLoss: 0.42300153077973257 , validate Accuracy: 0.7946666479110718
validation accuracy: 0.7906666398048401
Epoch 60, Train Accuracy: 0.8251110911369324 , TrainLoss: 0.4164349611070421 , validate Accuracy: 0.7906666398048401
validation accuracy: 0.7933333516120911
Epoch 61, Train Accuracy: 0.8182222247123718 , TrainLoss: 0.42247373678949146 , validate Accuracy: 0.7933333516120911
validation accuracy: 0.7933333516120911
Epoch 62, Train Accuracy: 0.8136667013168335 , TrainLoss: 0.4231467811266581 , validate Accuracy: 0.7933333516120911
validation accuracy: 0.7946666479110718
Epoch 63, Train Accuracy: 0.8193333148956299 , TrainLoss: 0.4224174551831351 , validate Accuracy: 0.7946666479110718
validation accuracy: 0.793999969959259
Epoch 64, Train Accuracy: 0.8226667046546936 , TrainLoss: 0.422905117670695 , validate Accuracy: 0.793999969959259
validation accuracy: 0.7946666479110718
Epoch 65, Train Accuracy: 0.8216666579246521 , TrainLoss: 0.4214497700797187 , validate Accuracy: 0.7946666479110718
validation accuracy: 0.7933333516120911
Epoch 66, Train Accuracy: 0.8162222504615784 , TrainLoss: 0.4292311749458313 , validate Accuracy: 0.7933333516120911
validation accuracy: 0.7929999828338623
Epoch 67, Train Accuracy: 0.8152222037315369 , TrainLoss: 0.4272021554576026 , validate Accuracy: 0.7929999828338623
validation accuracy: 0.7926666736602783
Epoch 68, Train Accuracy: 0.8270000219345093 , TrainLoss: 0.41593837812211776 , validate Accuracy: 0.7926666736602783
validation accuracy: 0.7906666398048401
Epoch 69, Train Accuracy: 0.8196666836738586 , TrainLoss: 0.4192226557996538 , validate Accuracy: 0.7906666398048401
validation accuracy: 0.793666660785675
Epoch 70, Train Accuracy: 0.8191111087799072 , TrainLoss: 0.4261588433848487 , validate Accuracy: 0.793666660785675
validation accuracy: 0.7923333048820496
Epoch 71, Train Accuracy: 0.8213333487510681 , TrainLoss: 0.4252939701610141 , validate Accuracy: 0.7923333048820496
validation accuracy: 0.7929999828338623
Epoch 72, Train Accuracy: 0.8203333616256714 , TrainLoss: 0.42188910463121204 , validate Accuracy: 0.7929999828338623
validation accuracy: 0.7950000166893005
Epoch 73, Train Accuracy: 0.8203333616256714 , TrainLoss: 0.4212013324366676 , validate Accuracy: 0.7950000166893005
validation accuracy: 0.7926666736602783
Epoch 74, Train Accuracy: 0.8192222118377686 , TrainLoss: 0.42516462691624957 , validate Accuracy: 0.7926666736602783
validation accuracy: 0.7926666736602783
Epoch 75, Train Accuracy: 0.8162222504615784 , TrainLoss: 0.4269156528049045 , validate Accuracy: 0.7926666736602783
validation accuracy: 0.7923333048820496
Epoch 76, Train Accuracy: 0.8192222118377686 , TrainLoss: 0.4247150689760844 , validate Accuracy: 0.7923333048820496
validation accuracy: 0.796999990940094
checkpoint saved
Epoch 77, Train Accuracy: 0.816111147403717 , TrainLoss: 0.4226864759127299 , validate Accuracy: 0.796999990940094
validation accuracy: 0.793666660785675
Epoch 78, Train Accuracy: 0.820888876914978 , TrainLoss: 0.424199773311615 , validate Accuracy: 0.793666660785675
validation accuracy: 0.7950000166893005
Epoch 79, Train Accuracy: 0.8190000057220459 , TrainLoss: 0.4257056685023838 , validate Accuracy: 0.7950000166893005
validation accuracy: 0.793999969959259
Epoch 80, Train Accuracy: 0.8207777738571167 , TrainLoss: 0.4221606635517544 , validate Accuracy: 0.793999969959259
validation accuracy: 0.7950000166893005
Epoch 81, Train Accuracy: 0.8241111040115356 , TrainLoss: 0.4217599564658271 , validate Accuracy: 0.7950000166893005
validation accuracy: 0.793999969959259
Epoch 82, Train Accuracy: 0.81977778673172 , TrainLoss: 0.42329168902503117 , validate Accuracy: 0.793999969959259
validation accuracy: 0.793666660785675
Epoch 83, Train Accuracy: 0.8216666579246521 , TrainLoss: 0.4164086001714071 , validate Accuracy: 0.793666660785675
validation accuracy: 0.7943333387374878
Epoch 84, Train Accuracy: 0.8202222585678101 , TrainLoss: 0.41998525132073294 , validate Accuracy: 0.7943333387374878
validation accuracy: 0.7943333387374878
Epoch 85, Train Accuracy: 0.8118888735771179 , TrainLoss: 0.43359533188078137 , validate Accuracy: 0.7943333387374878
validation accuracy: 0.793999969959259
Epoch 86, Train Accuracy: 0.823555588722229 , TrainLoss: 0.4204891786045498 , validate Accuracy: 0.793999969959259
validation accuracy: 0.7953333258628845
Epoch 87, Train Accuracy: 0.8191111087799072 , TrainLoss: 0.4223417559199863 , validate Accuracy: 0.7953333258628845
validation accuracy: 0.793666660785675
Epoch 88, Train Accuracy: 0.8155555725097656 , TrainLoss: 0.42583588110076054 , validate Accuracy: 0.793666660785675
validation accuracy: 0.793999969959259
Epoch 89, Train Accuracy: 0.8172222375869751 , TrainLoss: 0.4282924256324768 , validate Accuracy: 0.793999969959259
validation accuracy: 0.7950000166893005
Epoch 90, Train Accuracy: 0.8241111040115356 , TrainLoss: 0.41686605617735123 , validate Accuracy: 0.7950000166893005
validation accuracy: 0.7933333516120911
Epoch 91, Train Accuracy: 0.8136667013168335 , TrainLoss: 0.4318176778157552 , validate Accuracy: 0.7933333516120911
validation accuracy: 0.7923333048820496
Epoch 92, Train Accuracy: 0.8173333406448364 , TrainLoss: 0.42368113176027933 , validate Accuracy: 0.7923333048820496
validation accuracy: 0.7926666736602783
Epoch 93, Train Accuracy: 0.8186666965484619 , TrainLoss: 0.42407499196794296 , validate Accuracy: 0.7926666736602783
validation accuracy: 0.7929999828338623
Epoch 94, Train Accuracy: 0.8163333535194397 , TrainLoss: 0.42657040463553536 , validate Accuracy: 0.7929999828338623
validation accuracy: 0.7883332967758179
Epoch 95, Train Accuracy: 0.8203333616256714 , TrainLoss: 0.42060172208150226 , validate Accuracy: 0.7883332967758179
validation accuracy: 0.7960000038146973
Epoch 96, Train Accuracy: 0.8163333535194397 , TrainLoss: 0.42197508064905803 , validate Accuracy: 0.7960000038146973
validation accuracy: 0.7956666350364685
Epoch 97, Train Accuracy: 0.8181111216545105 , TrainLoss: 0.4302808260387844 , validate Accuracy: 0.7956666350364685
validation accuracy: 0.7926666736602783
Epoch 98, Train Accuracy: 0.8217777609825134 , TrainLoss: 0.4236605992847019 , validate Accuracy: 0.7926666736602783
validation accuracy: 0.793666660785675
Epoch 99, Train Accuracy: 0.8199999928474426 , TrainLoss: 0.42327870523929595 , validate Accuracy: 0.793666660785675
validation accuracy: 0.793999969959259
Epoch 100, Train Accuracy: 0.8196666836738586 , TrainLoss: 0.4252299822171529 , validate Accuracy: 0.793999969959259
validation accuracy: 0.7933333516120911
Epoch 101, Train Accuracy: 0.8227778077125549 , TrainLoss: 0.41933194155163234 , validate Accuracy: 0.7933333516120911
validation accuracy: 0.7943333387374878
Epoch 102, Train Accuracy: 0.8224444389343262 , TrainLoss: 0.41623000099923874 , validate Accuracy: 0.7943333387374878
validation accuracy: 0.7929999828338623
Epoch 103, Train Accuracy: 0.823888897895813 , TrainLoss: 0.4244458366500007 , validate Accuracy: 0.7929999828338623
validation accuracy: 0.7933333516120911
Epoch 104, Train Accuracy: 0.8172222375869751 , TrainLoss: 0.42091380659739175 , validate Accuracy: 0.7933333516120911
validation accuracy: 0.7933333516120911
Epoch 105, Train Accuracy: 0.8213333487510681 , TrainLoss: 0.41944152477052477 , validate Accuracy: 0.7933333516120911
validation accuracy: 0.793666660785675
Epoch 106, Train Accuracy: 0.8204444646835327 , TrainLoss: 0.4235253542529212 , validate Accuracy: 0.793666660785675
validation accuracy: 0.7910000085830688
Epoch 107, Train Accuracy: 0.8175555467605591 , TrainLoss: 0.42612455920378367 , validate Accuracy: 0.7910000085830688
validation accuracy: 0.7933333516120911
Epoch 108, Train Accuracy: 0.8198888897895813 , TrainLoss: 0.41857745207680597 , validate Accuracy: 0.7933333516120911
validation accuracy: 0.7916666865348816
Epoch 109, Train Accuracy: 0.8168888688087463 , TrainLoss: 0.4295983948177762 , validate Accuracy: 0.7916666865348816
validation accuracy: 0.7946666479110718
Epoch 110, Train Accuracy: 0.8177778124809265 , TrainLoss: 0.4224914840592278 , validate Accuracy: 0.7946666479110718
validation accuracy: 0.7929999828338623
Epoch 111, Train Accuracy: 0.8230000138282776 , TrainLoss: 0.42007369883855183 , validate Accuracy: 0.7929999828338623
validation accuracy: 0.7946666479110718
Epoch 112, Train Accuracy: 0.8209999799728394 , TrainLoss: 0.42484410010443796 , validate Accuracy: 0.7946666479110718
validation accuracy: 0.7943333387374878
Epoch 113, Train Accuracy: 0.8185555934906006 , TrainLoss: 0.4268739580578274 , validate Accuracy: 0.7943333387374878
validation accuracy: 0.7926666736602783
Epoch 114, Train Accuracy: 0.81977778673172 , TrainLoss: 0.41912578867541417 , validate Accuracy: 0.7926666736602783
validation accuracy: 0.7943333387374878
Epoch 115, Train Accuracy: 0.8196666836738586 , TrainLoss: 0.4214819375011656 , validate Accuracy: 0.7943333387374878
validation accuracy: 0.793666660785675
Epoch 116, Train Accuracy: 0.8198888897895813 , TrainLoss: 0.4210230062802633 , validate Accuracy: 0.793666660785675
validation accuracy: 0.793999969959259
Epoch 117, Train Accuracy: 0.8173333406448364 , TrainLoss: 0.4272689357863532 , validate Accuracy: 0.793999969959259
validation accuracy: 0.7913333177566528
Epoch 118, Train Accuracy: 0.8162222504615784 , TrainLoss: 0.425258924457762 , validate Accuracy: 0.7913333177566528
validation accuracy: 0.7946666479110718
Epoch 119, Train Accuracy: 0.8172222375869751 , TrainLoss: 0.4261879774199592 , validate Accuracy: 0.7946666479110718
