18
augmenting++++++++++++++
validation accuracy: 0.6203333139419556
checkpoint saved
Epoch 0, Train Accuracy: 0.5540000200271606 , TrainLoss: 0.8780037790934245 , validate Accuracy: 0.6203333139419556
validation accuracy: 0.4416666626930237
Epoch 1, Train Accuracy: 0.6173333525657654 , TrainLoss: 0.7770909505420261 , validate Accuracy: 0.4416666626930237
validation accuracy: 0.640333354473114
checkpoint saved
Epoch 2, Train Accuracy: 0.6354444622993469 , TrainLoss: 0.745977434794108 , validate Accuracy: 0.640333354473114
validation accuracy: 0.6766666769981384
checkpoint saved
Epoch 3, Train Accuracy: 0.6575555801391602 , TrainLoss: 0.7183904041184319 , validate Accuracy: 0.6766666769981384
validation accuracy: 0.671999990940094
Epoch 4, Train Accuracy: 0.6667777895927429 , TrainLoss: 0.696332841237386 , validate Accuracy: 0.671999990940094
validation accuracy: 0.6366666555404663
Epoch 5, Train Accuracy: 0.6748889088630676 , TrainLoss: 0.6824380681779649 , validate Accuracy: 0.6366666555404663
validation accuracy: 0.531000018119812
Epoch 6, Train Accuracy: 0.6890000104904175 , TrainLoss: 0.6749634064568414 , validate Accuracy: 0.531000018119812
validation accuracy: 0.6949999928474426
checkpoint saved
Epoch 7, Train Accuracy: 0.6932222247123718 , TrainLoss: 0.6586236029730903 , validate Accuracy: 0.6949999928474426
validation accuracy: 0.6383333206176758
Epoch 8, Train Accuracy: 0.7010000348091125 , TrainLoss: 0.647548180686103 , validate Accuracy: 0.6383333206176758
validation accuracy: 0.6946666836738586
Epoch 9, Train Accuracy: 0.710777759552002 , TrainLoss: 0.6322347685496013 , validate Accuracy: 0.6946666836738586
validation accuracy: 0.7059999704360962
checkpoint saved
Epoch 10, Train Accuracy: 0.7158889174461365 , TrainLoss: 0.6205092149310641 , validate Accuracy: 0.7059999704360962
validation accuracy: 0.699999988079071
Epoch 11, Train Accuracy: 0.7251111268997192 , TrainLoss: 0.6171990478303697 , validate Accuracy: 0.699999988079071
validation accuracy: 0.6840000152587891
Epoch 12, Train Accuracy: 0.7304444313049316 , TrainLoss: 0.5986622335116069 , validate Accuracy: 0.6840000152587891
validation accuracy: 0.7020000219345093
Epoch 13, Train Accuracy: 0.7263333201408386 , TrainLoss: 0.5938978711234199 , validate Accuracy: 0.7020000219345093
validation accuracy: 0.6993333101272583
Epoch 14, Train Accuracy: 0.7295555472373962 , TrainLoss: 0.5895470570458307 , validate Accuracy: 0.6993333101272583
validation accuracy: 0.67166668176651
Epoch 15, Train Accuracy: 0.7404444813728333 , TrainLoss: 0.5790891780853271 , validate Accuracy: 0.67166668176651
validation accuracy: 0.7106666564941406
checkpoint saved
Epoch 16, Train Accuracy: 0.746666669845581 , TrainLoss: 0.5698402711550394 , validate Accuracy: 0.7106666564941406
validation accuracy: 0.6903333067893982
Epoch 17, Train Accuracy: 0.7426666617393494 , TrainLoss: 0.5716595548523797 , validate Accuracy: 0.6903333067893982
validation accuracy: 0.7476666569709778
checkpoint saved
Epoch 18, Train Accuracy: 0.7463333606719971 , TrainLoss: 0.5646530447536044 , validate Accuracy: 0.7476666569709778
validation accuracy: 0.7436666488647461
Epoch 19, Train Accuracy: 0.7542222142219543 , TrainLoss: 0.5496955171691047 , validate Accuracy: 0.7436666488647461
validation accuracy: 0.7236666679382324
Epoch 20, Train Accuracy: 0.7572222352027893 , TrainLoss: 0.5439713133176168 , validate Accuracy: 0.7236666679382324
validation accuracy: 0.7023333311080933
Epoch 21, Train Accuracy: 0.7624444365501404 , TrainLoss: 0.542280546228091 , validate Accuracy: 0.7023333311080933
validation accuracy: 0.7306666374206543
Epoch 22, Train Accuracy: 0.761555552482605 , TrainLoss: 0.5434561618169149 , validate Accuracy: 0.7306666374206543
validation accuracy: 0.7479999661445618
checkpoint saved
Epoch 23, Train Accuracy: 0.7682222127914429 , TrainLoss: 0.5264983283148872 , validate Accuracy: 0.7479999661445618
validation accuracy: 0.7350000143051147
Epoch 24, Train Accuracy: 0.7637777924537659 , TrainLoss: 0.5317575334442987 , validate Accuracy: 0.7350000143051147
validation accuracy: 0.7483333349227905
checkpoint saved
Epoch 25, Train Accuracy: 0.7705555558204651 , TrainLoss: 0.5253588590092129 , validate Accuracy: 0.7483333349227905
validation accuracy: 0.7680000066757202
checkpoint saved
Epoch 26, Train Accuracy: 0.7745555639266968 , TrainLoss: 0.5153424084451463 , validate Accuracy: 0.7680000066757202
validation accuracy: 0.7419999837875366
Epoch 27, Train Accuracy: 0.7767778038978577 , TrainLoss: 0.5085505643420749 , validate Accuracy: 0.7419999837875366
validation accuracy: 0.7506666779518127
Epoch 28, Train Accuracy: 0.7685555815696716 , TrainLoss: 0.5198384408420986 , validate Accuracy: 0.7506666779518127
validation accuracy: 0.7630000114440918
Epoch 29, Train Accuracy: 0.7763333320617676 , TrainLoss: 0.5144923252529569 , validate Accuracy: 0.7630000114440918
validation accuracy: 0.7519999742507935
Epoch 30, Train Accuracy: 0.7804444432258606 , TrainLoss: 0.4997198862499661 , validate Accuracy: 0.7519999742507935
validation accuracy: 0.7616666555404663
Epoch 31, Train Accuracy: 0.7795555591583252 , TrainLoss: 0.4950251941151089 , validate Accuracy: 0.7616666555404663
validation accuracy: 0.7753333449363708
checkpoint saved
Epoch 32, Train Accuracy: 0.7972222566604614 , TrainLoss: 0.4698455402586195 , validate Accuracy: 0.7753333449363708
validation accuracy: 0.7789999842643738
checkpoint saved
Epoch 33, Train Accuracy: 0.8027777671813965 , TrainLoss: 0.4607767808702257 , validate Accuracy: 0.7789999842643738
validation accuracy: 0.7770000100135803
Epoch 34, Train Accuracy: 0.8058888912200928 , TrainLoss: 0.4553924345970154 , validate Accuracy: 0.7770000100135803
validation accuracy: 0.7773333191871643
Epoch 35, Train Accuracy: 0.7997778058052063 , TrainLoss: 0.45594032128651935 , validate Accuracy: 0.7773333191871643
validation accuracy: 0.778333306312561
Epoch 36, Train Accuracy: 0.801111102104187 , TrainLoss: 0.4562399076885647 , validate Accuracy: 0.778333306312561
validation accuracy: 0.7803333401679993
checkpoint saved
Epoch 37, Train Accuracy: 0.7994444370269775 , TrainLoss: 0.4584448977576362 , validate Accuracy: 0.7803333401679993
validation accuracy: 0.7786666750907898
Epoch 38, Train Accuracy: 0.8086666464805603 , TrainLoss: 0.4503885321882036 , validate Accuracy: 0.7786666750907898
validation accuracy: 0.7726666331291199
Epoch 39, Train Accuracy: 0.8084444403648376 , TrainLoss: 0.4444975742763943 , validate Accuracy: 0.7726666331291199
validation accuracy: 0.7743332982063293
Epoch 40, Train Accuracy: 0.8059999942779541 , TrainLoss: 0.4490804762310452 , validate Accuracy: 0.7743332982063293
validation accuracy: 0.7743332982063293
Epoch 41, Train Accuracy: 0.8087778091430664 , TrainLoss: 0.4523574035432604 , validate Accuracy: 0.7743332982063293
validation accuracy: 0.7736666798591614
Epoch 42, Train Accuracy: 0.8059999942779541 , TrainLoss: 0.4491659478876326 , validate Accuracy: 0.7736666798591614
validation accuracy: 0.7766666412353516
Epoch 43, Train Accuracy: 0.8095555901527405 , TrainLoss: 0.44997862511210973 , validate Accuracy: 0.7766666412353516
validation accuracy: 0.7786666750907898
Epoch 44, Train Accuracy: 0.8002222180366516 , TrainLoss: 0.4563181301222907 , validate Accuracy: 0.7786666750907898
validation accuracy: 0.7759999632835388
Epoch 45, Train Accuracy: 0.8016666769981384 , TrainLoss: 0.45479118172327676 , validate Accuracy: 0.7759999632835388
validation accuracy: 0.7739999890327454
Epoch 46, Train Accuracy: 0.8051111102104187 , TrainLoss: 0.45345834488338893 , validate Accuracy: 0.7739999890327454
validation accuracy: 0.7766666412353516
Epoch 47, Train Accuracy: 0.8022222518920898 , TrainLoss: 0.45635912656784056 , validate Accuracy: 0.7766666412353516
validation accuracy: 0.7789999842643738
Epoch 48, Train Accuracy: 0.8106666803359985 , TrainLoss: 0.4451702735688951 , validate Accuracy: 0.7789999842643738
validation accuracy: 0.7759999632835388
Epoch 49, Train Accuracy: 0.804111123085022 , TrainLoss: 0.4517796829938889 , validate Accuracy: 0.7759999632835388
validation accuracy: 0.7739999890327454
Epoch 50, Train Accuracy: 0.8047778010368347 , TrainLoss: 0.4508137279616462 , validate Accuracy: 0.7739999890327454
validation accuracy: 0.7789999842643738
Epoch 51, Train Accuracy: 0.8043333292007446 , TrainLoss: 0.455355388323466 , validate Accuracy: 0.7789999842643738
validation accuracy: 0.7776666879653931
Epoch 52, Train Accuracy: 0.8100000023841858 , TrainLoss: 0.4531226232581668 , validate Accuracy: 0.7776666879653931
validation accuracy: 0.7759999632835388
Epoch 53, Train Accuracy: 0.7981111407279968 , TrainLoss: 0.458866606897778 , validate Accuracy: 0.7759999632835388
validation accuracy: 0.7753333449363708
Epoch 54, Train Accuracy: 0.8080000281333923 , TrainLoss: 0.44980561473634506 , validate Accuracy: 0.7753333449363708
validation accuracy: 0.7749999761581421
Epoch 55, Train Accuracy: 0.8047778010368347 , TrainLoss: 0.4544297030766805 , validate Accuracy: 0.7749999761581421
validation accuracy: 0.7789999842643738
Epoch 56, Train Accuracy: 0.8076666593551636 , TrainLoss: 0.44595124191708035 , validate Accuracy: 0.7789999842643738
validation accuracy: 0.7806666493415833
checkpoint saved
Epoch 57, Train Accuracy: 0.8061110973358154 , TrainLoss: 0.4510960772832235 , validate Accuracy: 0.7806666493415833
validation accuracy: 0.7799999713897705
Epoch 58, Train Accuracy: 0.8036666512489319 , TrainLoss: 0.45253484585550097 , validate Accuracy: 0.7799999713897705
validation accuracy: 0.7763333320617676
Epoch 59, Train Accuracy: 0.8046666979789734 , TrainLoss: 0.4545861629909939 , validate Accuracy: 0.7763333320617676
validation accuracy: 0.7793333530426025
Epoch 60, Train Accuracy: 0.8081111311912537 , TrainLoss: 0.4476911907725864 , validate Accuracy: 0.7793333530426025
validation accuracy: 0.7803333401679993
Epoch 61, Train Accuracy: 0.8053333163261414 , TrainLoss: 0.45379980903201633 , validate Accuracy: 0.7803333401679993
validation accuracy: 0.7756666541099548
Epoch 62, Train Accuracy: 0.8076666593551636 , TrainLoss: 0.4503260130352444 , validate Accuracy: 0.7756666541099548
validation accuracy: 0.7756666541099548
Epoch 63, Train Accuracy: 0.8026666641235352 , TrainLoss: 0.45866990354326037 , validate Accuracy: 0.7756666541099548
validation accuracy: 0.7806666493415833
Epoch 64, Train Accuracy: 0.8009999990463257 , TrainLoss: 0.4604976910485162 , validate Accuracy: 0.7806666493415833
validation accuracy: 0.7789999842643738
Epoch 65, Train Accuracy: 0.8088889122009277 , TrainLoss: 0.45260677931043836 , validate Accuracy: 0.7789999842643738
validation accuracy: 0.7770000100135803
Epoch 66, Train Accuracy: 0.8034444451332092 , TrainLoss: 0.45525689795282154 , validate Accuracy: 0.7770000100135803
validation accuracy: 0.7770000100135803
Epoch 67, Train Accuracy: 0.8025555610656738 , TrainLoss: 0.4554180547926161 , validate Accuracy: 0.7770000100135803
validation accuracy: 0.7763333320617676
Epoch 68, Train Accuracy: 0.8028888702392578 , TrainLoss: 0.45485425403383045 , validate Accuracy: 0.7763333320617676
validation accuracy: 0.7756666541099548
Epoch 69, Train Accuracy: 0.8057777881622314 , TrainLoss: 0.45495003276401097 , validate Accuracy: 0.7756666541099548
validation accuracy: 0.7739999890327454
Epoch 70, Train Accuracy: 0.8073333501815796 , TrainLoss: 0.4546514138115777 , validate Accuracy: 0.7739999890327454
validation accuracy: 0.7743332982063293
Epoch 71, Train Accuracy: 0.8030000329017639 , TrainLoss: 0.44937770912382335 , validate Accuracy: 0.7743332982063293
validation accuracy: 0.778333306312561
Epoch 72, Train Accuracy: 0.8065555691719055 , TrainLoss: 0.4543072443008423 , validate Accuracy: 0.778333306312561
validation accuracy: 0.7733333110809326
Epoch 73, Train Accuracy: 0.8069999814033508 , TrainLoss: 0.4540541147126092 , validate Accuracy: 0.7733333110809326
validation accuracy: 0.7770000100135803
Epoch 74, Train Accuracy: 0.81122225522995 , TrainLoss: 0.4491171706517537 , validate Accuracy: 0.7770000100135803
validation accuracy: 0.7756666541099548
Epoch 75, Train Accuracy: 0.8050000071525574 , TrainLoss: 0.44944356791178386 , validate Accuracy: 0.7756666541099548
validation accuracy: 0.7756666541099548
Epoch 76, Train Accuracy: 0.8071111440658569 , TrainLoss: 0.45035463020536637 , validate Accuracy: 0.7756666541099548
validation accuracy: 0.7796666622161865
Epoch 77, Train Accuracy: 0.799666702747345 , TrainLoss: 0.45147545777426823 , validate Accuracy: 0.7796666622161865
validation accuracy: 0.7746666669845581
Epoch 78, Train Accuracy: 0.804111123085022 , TrainLoss: 0.44784697845247057 , validate Accuracy: 0.7746666669845581
validation accuracy: 0.7749999761581421
Epoch 79, Train Accuracy: 0.8056666851043701 , TrainLoss: 0.4522864460150401 , validate Accuracy: 0.7749999761581421
validation accuracy: 0.7726666331291199
Epoch 80, Train Accuracy: 0.8086666464805603 , TrainLoss: 0.44551940682199265 , validate Accuracy: 0.7726666331291199
validation accuracy: 0.7756666541099548
Epoch 81, Train Accuracy: 0.8054444789886475 , TrainLoss: 0.44963814232084487 , validate Accuracy: 0.7756666541099548
validation accuracy: 0.7743332982063293
Epoch 82, Train Accuracy: 0.8014444708824158 , TrainLoss: 0.4528493305842082 , validate Accuracy: 0.7743332982063293
validation accuracy: 0.7759999632835388
Epoch 83, Train Accuracy: 0.8045555353164673 , TrainLoss: 0.45314769087897405 , validate Accuracy: 0.7759999632835388
validation accuracy: 0.7746666669845581
Epoch 84, Train Accuracy: 0.7991111278533936 , TrainLoss: 0.45674392244550915 , validate Accuracy: 0.7746666669845581
validation accuracy: 0.7773333191871643
Epoch 85, Train Accuracy: 0.7987777590751648 , TrainLoss: 0.46247117972373963 , validate Accuracy: 0.7773333191871643
validation accuracy: 0.7763333320617676
Epoch 86, Train Accuracy: 0.8087778091430664 , TrainLoss: 0.4415027572049035 , validate Accuracy: 0.7763333320617676
validation accuracy: 0.7766666412353516
Epoch 87, Train Accuracy: 0.8132222294807434 , TrainLoss: 0.4447263987991545 , validate Accuracy: 0.7766666412353516
validation accuracy: 0.7793333530426025
Epoch 88, Train Accuracy: 0.8050000071525574 , TrainLoss: 0.4517239010069105 , validate Accuracy: 0.7793333530426025
validation accuracy: 0.7733333110809326
Epoch 89, Train Accuracy: 0.8016666769981384 , TrainLoss: 0.455270867506663 , validate Accuracy: 0.7733333110809326
validation accuracy: 0.7749999761581421
Epoch 90, Train Accuracy: 0.803777813911438 , TrainLoss: 0.45531241099039715 , validate Accuracy: 0.7749999761581421
validation accuracy: 0.7766666412353516
Epoch 91, Train Accuracy: 0.8053333163261414 , TrainLoss: 0.4528097165690528 , validate Accuracy: 0.7766666412353516
validation accuracy: 0.7756666541099548
Epoch 92, Train Accuracy: 0.8008888959884644 , TrainLoss: 0.4545456840462155 , validate Accuracy: 0.7756666541099548
validation accuracy: 0.7763333320617676
Epoch 93, Train Accuracy: 0.8065555691719055 , TrainLoss: 0.45600698216756186 , validate Accuracy: 0.7763333320617676
validation accuracy: 0.7753333449363708
Epoch 94, Train Accuracy: 0.8069999814033508 , TrainLoss: 0.45774523509873283 , validate Accuracy: 0.7753333449363708
validation accuracy: 0.7766666412353516
Epoch 95, Train Accuracy: 0.8057777881622314 , TrainLoss: 0.447068869776196 , validate Accuracy: 0.7766666412353516
validation accuracy: 0.7739999890327454
Epoch 96, Train Accuracy: 0.8034444451332092 , TrainLoss: 0.45316089296340945 , validate Accuracy: 0.7739999890327454
validation accuracy: 0.7746666669845581
Epoch 97, Train Accuracy: 0.8075555562973022 , TrainLoss: 0.45378245290120445 , validate Accuracy: 0.7746666669845581
validation accuracy: 0.7759999632835388
Epoch 98, Train Accuracy: 0.8058888912200928 , TrainLoss: 0.4566839352713691 , validate Accuracy: 0.7759999632835388
validation accuracy: 0.7799999713897705
Epoch 99, Train Accuracy: 0.80522221326828 , TrainLoss: 0.4566703862614102 , validate Accuracy: 0.7799999713897705
validation accuracy: 0.7739999890327454
Epoch 100, Train Accuracy: 0.8077777624130249 , TrainLoss: 0.4520609416431851 , validate Accuracy: 0.7739999890327454
validation accuracy: 0.7789999842643738
Epoch 101, Train Accuracy: 0.8067777752876282 , TrainLoss: 0.45519674293200174 , validate Accuracy: 0.7789999842643738
validation accuracy: 0.7766666412353516
Epoch 102, Train Accuracy: 0.8081111311912537 , TrainLoss: 0.44721466472413807 , validate Accuracy: 0.7766666412353516
validation accuracy: 0.778333306312561
Epoch 103, Train Accuracy: 0.8053333163261414 , TrainLoss: 0.45303397002485063 , validate Accuracy: 0.778333306312561
validation accuracy: 0.7753333449363708
Epoch 104, Train Accuracy: 0.803777813911438 , TrainLoss: 0.4562862164709303 , validate Accuracy: 0.7753333449363708
validation accuracy: 0.7749999761581421
Epoch 105, Train Accuracy: 0.8077777624130249 , TrainLoss: 0.44805162461598713 , validate Accuracy: 0.7749999761581421
validation accuracy: 0.7749999761581421
Epoch 106, Train Accuracy: 0.8069999814033508 , TrainLoss: 0.4514009521139993 , validate Accuracy: 0.7749999761581421
validation accuracy: 0.7763333320617676
Epoch 107, Train Accuracy: 0.8088889122009277 , TrainLoss: 0.45063026950094437 , validate Accuracy: 0.7763333320617676
validation accuracy: 0.7746666669845581
Epoch 108, Train Accuracy: 0.8040000200271606 , TrainLoss: 0.45336830298105874 , validate Accuracy: 0.7746666669845581
validation accuracy: 0.7749999761581421
Epoch 109, Train Accuracy: 0.8053333163261414 , TrainLoss: 0.454184690952301 , validate Accuracy: 0.7749999761581421
validation accuracy: 0.7753333449363708
Epoch 110, Train Accuracy: 0.812666654586792 , TrainLoss: 0.4450975383652581 , validate Accuracy: 0.7753333449363708
validation accuracy: 0.7736666798591614
Epoch 111, Train Accuracy: 0.808222234249115 , TrainLoss: 0.44722010850906374 , validate Accuracy: 0.7736666798591614
validation accuracy: 0.7756666541099548
Epoch 112, Train Accuracy: 0.8034444451332092 , TrainLoss: 0.4475748761494954 , validate Accuracy: 0.7756666541099548
validation accuracy: 0.7776666879653931
Epoch 113, Train Accuracy: 0.804111123085022 , TrainLoss: 0.45177690018547906 , validate Accuracy: 0.7776666879653931
validation accuracy: 0.778333306312561
Epoch 114, Train Accuracy: 0.8043333292007446 , TrainLoss: 0.4507890948984358 , validate Accuracy: 0.778333306312561
validation accuracy: 0.7749999761581421
Epoch 115, Train Accuracy: 0.8096666932106018 , TrainLoss: 0.451468441857232 , validate Accuracy: 0.7749999761581421
validation accuracy: 0.7759999632835388
Epoch 116, Train Accuracy: 0.8072222471237183 , TrainLoss: 0.45078161870108713 , validate Accuracy: 0.7759999632835388
validation accuracy: 0.7753333449363708
Epoch 117, Train Accuracy: 0.8058888912200928 , TrainLoss: 0.45179456498887804 , validate Accuracy: 0.7753333449363708
validation accuracy: 0.7749999761581421
Epoch 118, Train Accuracy: 0.8065555691719055 , TrainLoss: 0.45017681418524846 , validate Accuracy: 0.7749999761581421
validation accuracy: 0.777999997138977
Epoch 119, Train Accuracy: 0.8056666851043701 , TrainLoss: 0.45113535843955144 , validate Accuracy: 0.777999997138977
