72
augmenting++++++++++++++
validation accuracy: 0.5999999642372131
checkpoint saved
Epoch 0, Train Accuracy: 0.5532222390174866 , TrainLoss: 0.880134414407942 , validate Accuracy: 0.5999999642372131
validation accuracy: 0.6169999837875366
checkpoint saved
Epoch 1, Train Accuracy: 0.6198889017105103 , TrainLoss: 0.7758616754743788 , validate Accuracy: 0.6169999837875366
validation accuracy: 0.6603333353996277
checkpoint saved
Epoch 2, Train Accuracy: 0.6512222290039062 , TrainLoss: 0.7294220374955072 , validate Accuracy: 0.6603333353996277
validation accuracy: 0.6756666302680969
checkpoint saved
Epoch 3, Train Accuracy: 0.6692222356796265 , TrainLoss: 0.692944486618042 , validate Accuracy: 0.6756666302680969
validation accuracy: 0.7036666870117188
checkpoint saved
Epoch 4, Train Accuracy: 0.6905555725097656 , TrainLoss: 0.6723834910392761 , validate Accuracy: 0.7036666870117188
validation accuracy: 0.7053333520889282
checkpoint saved
Epoch 5, Train Accuracy: 0.7114444375038147 , TrainLoss: 0.6466229338116116 , validate Accuracy: 0.7053333520889282
validation accuracy: 0.6783333420753479
Epoch 6, Train Accuracy: 0.7056666612625122 , TrainLoss: 0.6368030381732517 , validate Accuracy: 0.6783333420753479
validation accuracy: 0.684666633605957
Epoch 7, Train Accuracy: 0.718999981880188 , TrainLoss: 0.6200008176697626 , validate Accuracy: 0.684666633605957
validation accuracy: 0.718666672706604
checkpoint saved
Epoch 8, Train Accuracy: 0.7248889207839966 , TrainLoss: 0.6062717333899604 , validate Accuracy: 0.718666672706604
validation accuracy: 0.7249999642372131
checkpoint saved
Epoch 9, Train Accuracy: 0.7307778000831604 , TrainLoss: 0.5885122827953763 , validate Accuracy: 0.7249999642372131
validation accuracy: 0.7286666631698608
checkpoint saved
Epoch 10, Train Accuracy: 0.7405555844306946 , TrainLoss: 0.5815544098218282 , validate Accuracy: 0.7286666631698608
validation accuracy: 0.7369999885559082
checkpoint saved
Epoch 11, Train Accuracy: 0.7504444718360901 , TrainLoss: 0.5633157904413011 , validate Accuracy: 0.7369999885559082
validation accuracy: 0.7269999980926514
Epoch 12, Train Accuracy: 0.7501111030578613 , TrainLoss: 0.5579641964170667 , validate Accuracy: 0.7269999980926514
validation accuracy: 0.7379999756813049
checkpoint saved
Epoch 13, Train Accuracy: 0.7528889179229736 , TrainLoss: 0.5557315298716228 , validate Accuracy: 0.7379999756813049
validation accuracy: 0.7133333086967468
Epoch 14, Train Accuracy: 0.7566666603088379 , TrainLoss: 0.539447710302141 , validate Accuracy: 0.7133333086967468
validation accuracy: 0.7096666693687439
Epoch 15, Train Accuracy: 0.7693333625793457 , TrainLoss: 0.529653407825364 , validate Accuracy: 0.7096666693687439
validation accuracy: 0.7369999885559082
Epoch 16, Train Accuracy: 0.7648888826370239 , TrainLoss: 0.5250864485369788 , validate Accuracy: 0.7369999885559082
validation accuracy: 0.7493333220481873
checkpoint saved
Epoch 17, Train Accuracy: 0.7682222127914429 , TrainLoss: 0.517263287279341 , validate Accuracy: 0.7493333220481873
validation accuracy: 0.7680000066757202
checkpoint saved
Epoch 18, Train Accuracy: 0.7766667008399963 , TrainLoss: 0.5096257875230578 , validate Accuracy: 0.7680000066757202
validation accuracy: 0.7333333492279053
Epoch 19, Train Accuracy: 0.7781111001968384 , TrainLoss: 0.5084700799253252 , validate Accuracy: 0.7333333492279053
validation accuracy: 0.7663333415985107
Epoch 20, Train Accuracy: 0.7878888845443726 , TrainLoss: 0.4923322284486559 , validate Accuracy: 0.7663333415985107
validation accuracy: 0.7739999890327454
checkpoint saved
Epoch 21, Train Accuracy: 0.795555591583252 , TrainLoss: 0.4815565137863159 , validate Accuracy: 0.7739999890327454
validation accuracy: 0.7806666493415833
checkpoint saved
Epoch 22, Train Accuracy: 0.7883333563804626 , TrainLoss: 0.48500621143976846 , validate Accuracy: 0.7806666493415833
validation accuracy: 0.7693333029747009
Epoch 23, Train Accuracy: 0.795555591583252 , TrainLoss: 0.4710887648794386 , validate Accuracy: 0.7693333029747009
validation accuracy: 0.7709999680519104
Epoch 24, Train Accuracy: 0.7954444289207458 , TrainLoss: 0.4698554967774285 , validate Accuracy: 0.7709999680519104
validation accuracy: 0.7833333015441895
checkpoint saved
Epoch 25, Train Accuracy: 0.8047778010368347 , TrainLoss: 0.46223509057362877 , validate Accuracy: 0.7833333015441895
validation accuracy: 0.7796666622161865
Epoch 26, Train Accuracy: 0.804888904094696 , TrainLoss: 0.45745061453183494 , validate Accuracy: 0.7796666622161865
validation accuracy: 0.7763333320617676
Epoch 27, Train Accuracy: 0.8050000071525574 , TrainLoss: 0.4540962180826399 , validate Accuracy: 0.7763333320617676
validation accuracy: 0.765666663646698
Epoch 28, Train Accuracy: 0.8084444403648376 , TrainLoss: 0.4522607303990258 , validate Accuracy: 0.765666663646698
validation accuracy: 0.7836666703224182
checkpoint saved
Epoch 29, Train Accuracy: 0.8103333711624146 , TrainLoss: 0.4493456516265869 , validate Accuracy: 0.7836666703224182
validation accuracy: 0.7823333144187927
Epoch 30, Train Accuracy: 0.812000036239624 , TrainLoss: 0.43776083254814147 , validate Accuracy: 0.7823333144187927
validation accuracy: 0.7839999794960022
checkpoint saved
Epoch 31, Train Accuracy: 0.8158888816833496 , TrainLoss: 0.43193757735358346 , validate Accuracy: 0.7839999794960022
validation accuracy: 0.7929999828338623
checkpoint saved
Epoch 32, Train Accuracy: 0.8370000123977661 , TrainLoss: 0.3915140251053704 , validate Accuracy: 0.7929999828338623
validation accuracy: 0.7956666350364685
checkpoint saved
Epoch 33, Train Accuracy: 0.8408889174461365 , TrainLoss: 0.38059000764952766 , validate Accuracy: 0.7956666350364685
validation accuracy: 0.793666660785675
Epoch 34, Train Accuracy: 0.8363333344459534 , TrainLoss: 0.3816862554550171 , validate Accuracy: 0.793666660785675
validation accuracy: 0.7933333516120911
Epoch 35, Train Accuracy: 0.8374444246292114 , TrainLoss: 0.383547913286421 , validate Accuracy: 0.7933333516120911
validation accuracy: 0.793999969959259
Epoch 36, Train Accuracy: 0.8407778143882751 , TrainLoss: 0.378859639538659 , validate Accuracy: 0.793999969959259
validation accuracy: 0.7963333129882812
checkpoint saved
Epoch 37, Train Accuracy: 0.8374444246292114 , TrainLoss: 0.3812863051626417 , validate Accuracy: 0.7963333129882812
validation accuracy: 0.7953333258628845
Epoch 38, Train Accuracy: 0.8457778096199036 , TrainLoss: 0.3749163313176897 , validate Accuracy: 0.7953333258628845
validation accuracy: 0.7933333516120911
Epoch 39, Train Accuracy: 0.8437777757644653 , TrainLoss: 0.3809636775917477 , validate Accuracy: 0.7933333516120911
validation accuracy: 0.793999969959259
Epoch 40, Train Accuracy: 0.8343333601951599 , TrainLoss: 0.3882629970974392 , validate Accuracy: 0.793999969959259
validation accuracy: 0.793999969959259
Epoch 41, Train Accuracy: 0.8412222266197205 , TrainLoss: 0.3810389396746953 , validate Accuracy: 0.793999969959259
validation accuracy: 0.793666660785675
Epoch 42, Train Accuracy: 0.8423333168029785 , TrainLoss: 0.3746387289630042 , validate Accuracy: 0.793666660785675
validation accuracy: 0.7943333387374878
Epoch 43, Train Accuracy: 0.840666651725769 , TrainLoss: 0.37913420295715333 , validate Accuracy: 0.7943333387374878
validation accuracy: 0.7896666526794434
Epoch 44, Train Accuracy: 0.843666672706604 , TrainLoss: 0.377718351787991 , validate Accuracy: 0.7896666526794434
validation accuracy: 0.7946666479110718
Epoch 45, Train Accuracy: 0.8405555486679077 , TrainLoss: 0.38103027002016704 , validate Accuracy: 0.7946666479110718
validation accuracy: 0.793999969959259
Epoch 46, Train Accuracy: 0.8431110978126526 , TrainLoss: 0.3772606618669298 , validate Accuracy: 0.793999969959259
validation accuracy: 0.793999969959259
Epoch 47, Train Accuracy: 0.8418889045715332 , TrainLoss: 0.38270706486701966 , validate Accuracy: 0.793999969959259
validation accuracy: 0.7943333387374878
Epoch 48, Train Accuracy: 0.8426666855812073 , TrainLoss: 0.37783406567573546 , validate Accuracy: 0.7943333387374878
validation accuracy: 0.7946666479110718
Epoch 49, Train Accuracy: 0.84333336353302 , TrainLoss: 0.3743099857436286 , validate Accuracy: 0.7946666479110718
validation accuracy: 0.7923333048820496
Epoch 50, Train Accuracy: 0.8421111106872559 , TrainLoss: 0.37946174999078114 , validate Accuracy: 0.7923333048820496
validation accuracy: 0.793999969959259
Epoch 51, Train Accuracy: 0.8404444456100464 , TrainLoss: 0.3810705589718289 , validate Accuracy: 0.793999969959259
validation accuracy: 0.7976666688919067
checkpoint saved
Epoch 52, Train Accuracy: 0.8401111364364624 , TrainLoss: 0.3780701288382212 , validate Accuracy: 0.7976666688919067
validation accuracy: 0.7933333516120911
Epoch 53, Train Accuracy: 0.839888870716095 , TrainLoss: 0.3816151183711158 , validate Accuracy: 0.7933333516120911
validation accuracy: 0.7903333306312561
Epoch 54, Train Accuracy: 0.8379999995231628 , TrainLoss: 0.37717390966415404 , validate Accuracy: 0.7903333306312561
validation accuracy: 0.7943333387374878
Epoch 55, Train Accuracy: 0.843999981880188 , TrainLoss: 0.3751626196437412 , validate Accuracy: 0.7943333387374878
validation accuracy: 0.793666660785675
Epoch 56, Train Accuracy: 0.8402222394943237 , TrainLoss: 0.3816871620549096 , validate Accuracy: 0.793666660785675
validation accuracy: 0.7953333258628845
Epoch 57, Train Accuracy: 0.8413333296775818 , TrainLoss: 0.3789632899231381 , validate Accuracy: 0.7953333258628845
validation accuracy: 0.7953333258628845
Epoch 58, Train Accuracy: 0.8405555486679077 , TrainLoss: 0.380929744137658 , validate Accuracy: 0.7953333258628845
validation accuracy: 0.7923333048820496
Epoch 59, Train Accuracy: 0.8400000333786011 , TrainLoss: 0.3842834011713664 , validate Accuracy: 0.7923333048820496
validation accuracy: 0.7963333129882812
Epoch 60, Train Accuracy: 0.846666693687439 , TrainLoss: 0.37829736328125 , validate Accuracy: 0.7963333129882812
validation accuracy: 0.7933333516120911
Epoch 61, Train Accuracy: 0.8384444713592529 , TrainLoss: 0.37793187983830767 , validate Accuracy: 0.7933333516120911
validation accuracy: 0.793999969959259
Epoch 62, Train Accuracy: 0.8432222604751587 , TrainLoss: 0.3839109254413181 , validate Accuracy: 0.793999969959259
validation accuracy: 0.7946666479110718
Epoch 63, Train Accuracy: 0.839222252368927 , TrainLoss: 0.38093794724676344 , validate Accuracy: 0.7946666479110718
validation accuracy: 0.7963333129882812
Epoch 64, Train Accuracy: 0.8385555744171143 , TrainLoss: 0.38261523331536185 , validate Accuracy: 0.7963333129882812
validation accuracy: 0.7933333516120911
Epoch 65, Train Accuracy: 0.8377777934074402 , TrainLoss: 0.38238015858332314 , validate Accuracy: 0.7933333516120911
validation accuracy: 0.7950000166893005
Epoch 66, Train Accuracy: 0.8432222604751587 , TrainLoss: 0.37666034372647605 , validate Accuracy: 0.7950000166893005
validation accuracy: 0.7943333387374878
Epoch 67, Train Accuracy: 0.8427777886390686 , TrainLoss: 0.37261123898294235 , validate Accuracy: 0.7943333387374878
validation accuracy: 0.7943333387374878
Epoch 68, Train Accuracy: 0.8426666855812073 , TrainLoss: 0.37890053743786284 , validate Accuracy: 0.7943333387374878
validation accuracy: 0.7933333516120911
Epoch 69, Train Accuracy: 0.8444444537162781 , TrainLoss: 0.37555758412679036 , validate Accuracy: 0.7933333516120911
validation accuracy: 0.79666668176651
Epoch 70, Train Accuracy: 0.8415555357933044 , TrainLoss: 0.38169278870688544 , validate Accuracy: 0.79666668176651
validation accuracy: 0.7956666350364685
Epoch 71, Train Accuracy: 0.839222252368927 , TrainLoss: 0.3817056124475267 , validate Accuracy: 0.7956666350364685
validation accuracy: 0.7960000038146973
Epoch 72, Train Accuracy: 0.8444444537162781 , TrainLoss: 0.3791589404212104 , validate Accuracy: 0.7960000038146973
validation accuracy: 0.7946666479110718
Epoch 73, Train Accuracy: 0.8412222266197205 , TrainLoss: 0.3762229815589057 , validate Accuracy: 0.7946666479110718
validation accuracy: 0.7953333258628845
Epoch 74, Train Accuracy: 0.8438888788223267 , TrainLoss: 0.37885473990440366 , validate Accuracy: 0.7953333258628845
validation accuracy: 0.7953333258628845
Epoch 75, Train Accuracy: 0.8431110978126526 , TrainLoss: 0.3784562075932821 , validate Accuracy: 0.7953333258628845
validation accuracy: 0.7946666479110718
Epoch 76, Train Accuracy: 0.8404444456100464 , TrainLoss: 0.38255273485183716 , validate Accuracy: 0.7946666479110718
validation accuracy: 0.793666660785675
Epoch 77, Train Accuracy: 0.836555540561676 , TrainLoss: 0.38556850078370836 , validate Accuracy: 0.793666660785675
validation accuracy: 0.793666660785675
Epoch 78, Train Accuracy: 0.8422222137451172 , TrainLoss: 0.3790006864865621 , validate Accuracy: 0.793666660785675
validation accuracy: 0.796999990940094
Epoch 79, Train Accuracy: 0.839888870716095 , TrainLoss: 0.3760571236080594 , validate Accuracy: 0.796999990940094
validation accuracy: 0.7923333048820496
Epoch 80, Train Accuracy: 0.835111141204834 , TrainLoss: 0.39001532287067836 , validate Accuracy: 0.7923333048820496
validation accuracy: 0.793999969959259
Epoch 81, Train Accuracy: 0.8379999995231628 , TrainLoss: 0.378760832839542 , validate Accuracy: 0.793999969959259
validation accuracy: 0.79666668176651
Epoch 82, Train Accuracy: 0.8420000076293945 , TrainLoss: 0.3793625746568044 , validate Accuracy: 0.79666668176651
validation accuracy: 0.7929999828338623
Epoch 83, Train Accuracy: 0.8467777967453003 , TrainLoss: 0.37430343675613403 , validate Accuracy: 0.7929999828338623
validation accuracy: 0.7963333129882812
Epoch 84, Train Accuracy: 0.8394444584846497 , TrainLoss: 0.3810107510089874 , validate Accuracy: 0.7963333129882812
validation accuracy: 0.7960000038146973
Epoch 85, Train Accuracy: 0.8393333554267883 , TrainLoss: 0.3809444468286302 , validate Accuracy: 0.7960000038146973
validation accuracy: 0.7950000166893005
Epoch 86, Train Accuracy: 0.8416666984558105 , TrainLoss: 0.38140196912818486 , validate Accuracy: 0.7950000166893005
validation accuracy: 0.7963333129882812
Epoch 87, Train Accuracy: 0.8407778143882751 , TrainLoss: 0.3828849919637044 , validate Accuracy: 0.7963333129882812
validation accuracy: 0.7963333129882812
Epoch 88, Train Accuracy: 0.8404444456100464 , TrainLoss: 0.3761002525223626 , validate Accuracy: 0.7963333129882812
validation accuracy: 0.7963333129882812
Epoch 89, Train Accuracy: 0.8403333425521851 , TrainLoss: 0.38146775571505226 , validate Accuracy: 0.7963333129882812
validation accuracy: 0.793666660785675
Epoch 90, Train Accuracy: 0.8385555744171143 , TrainLoss: 0.3852403399944305 , validate Accuracy: 0.793666660785675
validation accuracy: 0.7929999828338623
Epoch 91, Train Accuracy: 0.8416666984558105 , TrainLoss: 0.3693661267757416 , validate Accuracy: 0.7929999828338623
validation accuracy: 0.79666668176651
Epoch 92, Train Accuracy: 0.8442222476005554 , TrainLoss: 0.3795632986492581 , validate Accuracy: 0.79666668176651
validation accuracy: 0.7933333516120911
Epoch 93, Train Accuracy: 0.84333336353302 , TrainLoss: 0.37280277936988404 , validate Accuracy: 0.7933333516120911
validation accuracy: 0.7960000038146973
Epoch 94, Train Accuracy: 0.8426666855812073 , TrainLoss: 0.3832546965281169 , validate Accuracy: 0.7960000038146973
validation accuracy: 0.79666668176651
Epoch 95, Train Accuracy: 0.8442222476005554 , TrainLoss: 0.37892020535469056 , validate Accuracy: 0.79666668176651
validation accuracy: 0.7960000038146973
Epoch 96, Train Accuracy: 0.842555582523346 , TrainLoss: 0.3804910730785794 , validate Accuracy: 0.7960000038146973
validation accuracy: 0.7916666865348816
Epoch 97, Train Accuracy: 0.8411111235618591 , TrainLoss: 0.38082145788934496 , validate Accuracy: 0.7916666865348816
validation accuracy: 0.796999990940094
Epoch 98, Train Accuracy: 0.8423333168029785 , TrainLoss: 0.37452031734254626 , validate Accuracy: 0.796999990940094
validation accuracy: 0.79666668176651
Epoch 99, Train Accuracy: 0.8435555696487427 , TrainLoss: 0.3864496011469099 , validate Accuracy: 0.79666668176651
validation accuracy: 0.7960000038146973
Epoch 100, Train Accuracy: 0.8442222476005554 , TrainLoss: 0.37308767239252727 , validate Accuracy: 0.7960000038146973
validation accuracy: 0.7926666736602783
Epoch 101, Train Accuracy: 0.8495555520057678 , TrainLoss: 0.37682770336998833 , validate Accuracy: 0.7926666736602783
validation accuracy: 0.793666660785675
Epoch 102, Train Accuracy: 0.8372222185134888 , TrainLoss: 0.38510579522450766 , validate Accuracy: 0.793666660785675
validation accuracy: 0.7946666479110718
Epoch 103, Train Accuracy: 0.8447777628898621 , TrainLoss: 0.3844500374926461 , validate Accuracy: 0.7946666479110718
validation accuracy: 0.7950000166893005
Epoch 104, Train Accuracy: 0.8396666646003723 , TrainLoss: 0.3797851224475437 , validate Accuracy: 0.7950000166893005
validation accuracy: 0.7950000166893005
Epoch 105, Train Accuracy: 0.839222252368927 , TrainLoss: 0.3838068825403849 , validate Accuracy: 0.7950000166893005
validation accuracy: 0.7946666479110718
Epoch 106, Train Accuracy: 0.8435555696487427 , TrainLoss: 0.38188248795933194 , validate Accuracy: 0.7946666479110718
validation accuracy: 0.7913333177566528
Epoch 107, Train Accuracy: 0.8404444456100464 , TrainLoss: 0.38056099355220796 , validate Accuracy: 0.7913333177566528
validation accuracy: 0.7926666736602783
Epoch 108, Train Accuracy: 0.8417778015136719 , TrainLoss: 0.37929309952259066 , validate Accuracy: 0.7926666736602783
validation accuracy: 0.7976666688919067
Epoch 109, Train Accuracy: 0.843666672706604 , TrainLoss: 0.38181956333584255 , validate Accuracy: 0.7976666688919067
validation accuracy: 0.7946666479110718
Epoch 110, Train Accuracy: 0.8434444665908813 , TrainLoss: 0.37721491641468474 , validate Accuracy: 0.7946666479110718
validation accuracy: 0.7943333387374878
Epoch 111, Train Accuracy: 0.8404444456100464 , TrainLoss: 0.3784319207933214 , validate Accuracy: 0.7943333387374878
validation accuracy: 0.7926666736602783
Epoch 112, Train Accuracy: 0.8415555357933044 , TrainLoss: 0.38287530159950256 , validate Accuracy: 0.7926666736602783
validation accuracy: 0.7953333258628845
Epoch 113, Train Accuracy: 0.8437777757644653 , TrainLoss: 0.3763992454475827 , validate Accuracy: 0.7953333258628845
validation accuracy: 0.7956666350364685
Epoch 114, Train Accuracy: 0.8423333168029785 , TrainLoss: 0.37583588208092583 , validate Accuracy: 0.7956666350364685
validation accuracy: 0.796999990940094
Epoch 115, Train Accuracy: 0.8447777628898621 , TrainLoss: 0.37626921712027656 , validate Accuracy: 0.796999990940094
validation accuracy: 0.7963333129882812
Epoch 116, Train Accuracy: 0.8424444794654846 , TrainLoss: 0.3795561043156518 , validate Accuracy: 0.7963333129882812
validation accuracy: 0.7950000166893005
Epoch 117, Train Accuracy: 0.839888870716095 , TrainLoss: 0.3808608496454027 , validate Accuracy: 0.7950000166893005
validation accuracy: 0.7943333387374878
Epoch 118, Train Accuracy: 0.8420000076293945 , TrainLoss: 0.3811608402199215 , validate Accuracy: 0.7943333387374878
validation accuracy: 0.7953333258628845
Epoch 119, Train Accuracy: 0.8460000157356262 , TrainLoss: 0.38041226657231647 , validate Accuracy: 0.7953333258628845
