18
augmenting++++++++++++++
validation accuracy: 0.5999999642372131
checkpoint saved
Epoch 0, Train Accuracy: 0.5403333306312561 , TrainLoss: 0.8981093117396037 , validate Accuracy: 0.5999999642372131
validation accuracy: 0.5386666655540466
Epoch 1, Train Accuracy: 0.6162222027778625 , TrainLoss: 0.7879498778449164 , validate Accuracy: 0.5386666655540466
validation accuracy: 0.6549999713897705
checkpoint saved
Epoch 2, Train Accuracy: 0.6451111435890198 , TrainLoss: 0.7431192514101664 , validate Accuracy: 0.6549999713897705
validation accuracy: 0.668999969959259
checkpoint saved
Epoch 3, Train Accuracy: 0.6610000133514404 , TrainLoss: 0.7165163725217183 , validate Accuracy: 0.668999969959259
validation accuracy: 0.5953333377838135
Epoch 4, Train Accuracy: 0.6710000038146973 , TrainLoss: 0.694361109468672 , validate Accuracy: 0.5953333377838135
validation accuracy: 0.6983333230018616
checkpoint saved
Epoch 5, Train Accuracy: 0.6834444403648376 , TrainLoss: 0.6752452622519599 , validate Accuracy: 0.6983333230018616
validation accuracy: 0.7013333439826965
checkpoint saved
Epoch 6, Train Accuracy: 0.7023333311080933 , TrainLoss: 0.654085181289249 , validate Accuracy: 0.7013333439826965
validation accuracy: 0.7146666646003723
checkpoint saved
Epoch 7, Train Accuracy: 0.7051111459732056 , TrainLoss: 0.6368649252785576 , validate Accuracy: 0.7146666646003723
validation accuracy: 0.6653333306312561
Epoch 8, Train Accuracy: 0.7122222185134888 , TrainLoss: 0.6244475147459242 , validate Accuracy: 0.6653333306312561
validation accuracy: 0.7103333473205566
Epoch 9, Train Accuracy: 0.7228888869285583 , TrainLoss: 0.6126974426640405 , validate Accuracy: 0.7103333473205566
validation accuracy: 0.7093333005905151
Epoch 10, Train Accuracy: 0.7286666631698608 , TrainLoss: 0.6000170284377204 , validate Accuracy: 0.7093333005905151
validation accuracy: 0.6299999952316284
Epoch 11, Train Accuracy: 0.7412222027778625 , TrainLoss: 0.5871979150242276 , validate Accuracy: 0.6299999952316284
validation accuracy: 0.7336666584014893
checkpoint saved
Epoch 12, Train Accuracy: 0.7398889064788818 , TrainLoss: 0.5844617531034682 , validate Accuracy: 0.7336666584014893
validation accuracy: 0.7129999995231628
Epoch 13, Train Accuracy: 0.7483333349227905 , TrainLoss: 0.5722736963960859 , validate Accuracy: 0.7129999995231628
validation accuracy: 0.7463333010673523
checkpoint saved
Epoch 14, Train Accuracy: 0.7457777857780457 , TrainLoss: 0.5713032088809543 , validate Accuracy: 0.7463333010673523
validation accuracy: 0.7329999804496765
Epoch 15, Train Accuracy: 0.7563333511352539 , TrainLoss: 0.5543171325392193 , validate Accuracy: 0.7329999804496765
validation accuracy: 0.6973333358764648
Epoch 16, Train Accuracy: 0.7517777681350708 , TrainLoss: 0.5597733498149448 , validate Accuracy: 0.6973333358764648
validation accuracy: 0.7073333263397217
Epoch 17, Train Accuracy: 0.7507777810096741 , TrainLoss: 0.5550814185142517 , validate Accuracy: 0.7073333263397217
validation accuracy: 0.7569999694824219
checkpoint saved
Epoch 18, Train Accuracy: 0.7639999985694885 , TrainLoss: 0.5380341974364387 , validate Accuracy: 0.7569999694824219
validation accuracy: 0.7416666746139526
Epoch 19, Train Accuracy: 0.7633333206176758 , TrainLoss: 0.5404591722488403 , validate Accuracy: 0.7416666746139526
validation accuracy: 0.746999979019165
Epoch 20, Train Accuracy: 0.7664444446563721 , TrainLoss: 0.5281570869816674 , validate Accuracy: 0.746999979019165
validation accuracy: 0.7516666650772095
Epoch 21, Train Accuracy: 0.769444465637207 , TrainLoss: 0.5221228201919131 , validate Accuracy: 0.7516666650772095
validation accuracy: 0.7689999938011169
checkpoint saved
Epoch 22, Train Accuracy: 0.7742222547531128 , TrainLoss: 0.5179150180021922 , validate Accuracy: 0.7689999938011169
validation accuracy: 0.7553333044052124
Epoch 23, Train Accuracy: 0.7678889036178589 , TrainLoss: 0.5186155480808682 , validate Accuracy: 0.7553333044052124
validation accuracy: 0.7743332982063293
checkpoint saved
Epoch 24, Train Accuracy: 0.7773333191871643 , TrainLoss: 0.5070453270276387 , validate Accuracy: 0.7743332982063293
validation accuracy: 0.7490000128746033
Epoch 25, Train Accuracy: 0.7804444432258606 , TrainLoss: 0.5076685984929402 , validate Accuracy: 0.7490000128746033
validation accuracy: 0.7609999775886536
Epoch 26, Train Accuracy: 0.7782222032546997 , TrainLoss: 0.5032962142626445 , validate Accuracy: 0.7609999775886536
validation accuracy: 0.7456666827201843
Epoch 27, Train Accuracy: 0.7873333692550659 , TrainLoss: 0.49341298064920636 , validate Accuracy: 0.7456666827201843
validation accuracy: 0.7746666669845581
checkpoint saved
Epoch 28, Train Accuracy: 0.7872222065925598 , TrainLoss: 0.4968414340549045 , validate Accuracy: 0.7746666669845581
validation accuracy: 0.7676666378974915
Epoch 29, Train Accuracy: 0.7808889150619507 , TrainLoss: 0.4950440974235535 , validate Accuracy: 0.7676666378974915
validation accuracy: 0.7606666684150696
Epoch 30, Train Accuracy: 0.7891111373901367 , TrainLoss: 0.48393257464302913 , validate Accuracy: 0.7606666684150696
validation accuracy: 0.7699999809265137
Epoch 31, Train Accuracy: 0.7941111326217651 , TrainLoss: 0.476919565571679 , validate Accuracy: 0.7699999809265137
validation accuracy: 0.7883332967758179
checkpoint saved
Epoch 32, Train Accuracy: 0.8098888993263245 , TrainLoss: 0.44243896039326985 , validate Accuracy: 0.7883332967758179
validation accuracy: 0.7856666445732117
Epoch 33, Train Accuracy: 0.8122222423553467 , TrainLoss: 0.4362420987288157 , validate Accuracy: 0.7856666445732117
validation accuracy: 0.7860000133514404
Epoch 34, Train Accuracy: 0.8175555467605591 , TrainLoss: 0.43064430824915567 , validate Accuracy: 0.7860000133514404
validation accuracy: 0.7839999794960022
Epoch 35, Train Accuracy: 0.8203333616256714 , TrainLoss: 0.43011915686395435 , validate Accuracy: 0.7839999794960022
validation accuracy: 0.7876666784286499
Epoch 36, Train Accuracy: 0.816111147403717 , TrainLoss: 0.43465630161762236 , validate Accuracy: 0.7876666784286499
validation accuracy: 0.7866666316986084
Epoch 37, Train Accuracy: 0.812333345413208 , TrainLoss: 0.43771908643510604 , validate Accuracy: 0.7866666316986084
validation accuracy: 0.7876666784286499
Epoch 38, Train Accuracy: 0.8168888688087463 , TrainLoss: 0.4297109722428852 , validate Accuracy: 0.7876666784286499
validation accuracy: 0.784333348274231
Epoch 39, Train Accuracy: 0.8173333406448364 , TrainLoss: 0.43217544772889877 , validate Accuracy: 0.784333348274231
validation accuracy: 0.7846666574478149
Epoch 40, Train Accuracy: 0.8218889236450195 , TrainLoss: 0.4270724015235901 , validate Accuracy: 0.7846666574478149
validation accuracy: 0.7853333353996277
Epoch 41, Train Accuracy: 0.8140000104904175 , TrainLoss: 0.43088161035378775 , validate Accuracy: 0.7853333353996277
validation accuracy: 0.7886666655540466
checkpoint saved
Epoch 42, Train Accuracy: 0.8187777996063232 , TrainLoss: 0.43152475590176054 , validate Accuracy: 0.7886666655540466
validation accuracy: 0.7853333353996277
Epoch 43, Train Accuracy: 0.8155555725097656 , TrainLoss: 0.4334464026292165 , validate Accuracy: 0.7853333353996277
validation accuracy: 0.7866666316986084
Epoch 44, Train Accuracy: 0.8180000185966492 , TrainLoss: 0.4312689090304905 , validate Accuracy: 0.7866666316986084
validation accuracy: 0.7883332967758179
Epoch 45, Train Accuracy: 0.8117777705192566 , TrainLoss: 0.43574276410208806 , validate Accuracy: 0.7883332967758179
validation accuracy: 0.7866666316986084
Epoch 46, Train Accuracy: 0.8142222166061401 , TrainLoss: 0.4322450204425388 , validate Accuracy: 0.7866666316986084
validation accuracy: 0.7849999666213989
Epoch 47, Train Accuracy: 0.8124444484710693 , TrainLoss: 0.43476467233233984 , validate Accuracy: 0.7849999666213989
validation accuracy: 0.7849999666213989
Epoch 48, Train Accuracy: 0.8175555467605591 , TrainLoss: 0.43655892176098293 , validate Accuracy: 0.7849999666213989
validation accuracy: 0.7886666655540466
Epoch 49, Train Accuracy: 0.8130000233650208 , TrainLoss: 0.4280263652536604 , validate Accuracy: 0.7886666655540466
validation accuracy: 0.7856666445732117
Epoch 50, Train Accuracy: 0.8144444823265076 , TrainLoss: 0.4335242420832316 , validate Accuracy: 0.7856666445732117
validation accuracy: 0.7866666316986084
Epoch 51, Train Accuracy: 0.8185555934906006 , TrainLoss: 0.4287181520991855 , validate Accuracy: 0.7866666316986084
validation accuracy: 0.7873333096504211
Epoch 52, Train Accuracy: 0.8158888816833496 , TrainLoss: 0.4327063709894816 , validate Accuracy: 0.7873333096504211
validation accuracy: 0.7849999666213989
Epoch 53, Train Accuracy: 0.815333366394043 , TrainLoss: 0.4323670503298442 , validate Accuracy: 0.7849999666213989
validation accuracy: 0.7856666445732117
Epoch 54, Train Accuracy: 0.8181111216545105 , TrainLoss: 0.43449746017985874 , validate Accuracy: 0.7856666445732117
validation accuracy: 0.7860000133514404
Epoch 55, Train Accuracy: 0.8111110925674438 , TrainLoss: 0.4399030050171746 , validate Accuracy: 0.7860000133514404
validation accuracy: 0.7849999666213989
Epoch 56, Train Accuracy: 0.8211111426353455 , TrainLoss: 0.4284066310458713 , validate Accuracy: 0.7849999666213989
validation accuracy: 0.7876666784286499
Epoch 57, Train Accuracy: 0.815333366394043 , TrainLoss: 0.43298975716696847 , validate Accuracy: 0.7876666784286499
validation accuracy: 0.7853333353996277
Epoch 58, Train Accuracy: 0.8141111135482788 , TrainLoss: 0.43296795527140297 , validate Accuracy: 0.7853333353996277
validation accuracy: 0.7866666316986084
Epoch 59, Train Accuracy: 0.8162222504615784 , TrainLoss: 0.4368585418065389 , validate Accuracy: 0.7866666316986084
validation accuracy: 0.7886666655540466
Epoch 60, Train Accuracy: 0.8191111087799072 , TrainLoss: 0.4269293836487664 , validate Accuracy: 0.7886666655540466
validation accuracy: 0.7856666445732117
Epoch 61, Train Accuracy: 0.8140000104904175 , TrainLoss: 0.4339591530428992 , validate Accuracy: 0.7856666445732117
validation accuracy: 0.7863333225250244
Epoch 62, Train Accuracy: 0.81977778673172 , TrainLoss: 0.43058613329463535 , validate Accuracy: 0.7863333225250244
validation accuracy: 0.7893333435058594
checkpoint saved
Epoch 63, Train Accuracy: 0.8172222375869751 , TrainLoss: 0.4331173333591885 , validate Accuracy: 0.7893333435058594
validation accuracy: 0.7849999666213989
Epoch 64, Train Accuracy: 0.8145555853843689 , TrainLoss: 0.4403156042098999 , validate Accuracy: 0.7849999666213989
validation accuracy: 0.7896666526794434
checkpoint saved
Epoch 65, Train Accuracy: 0.8131111264228821 , TrainLoss: 0.43025483073128595 , validate Accuracy: 0.7896666526794434
validation accuracy: 0.7889999747276306
Epoch 66, Train Accuracy: 0.8157777786254883 , TrainLoss: 0.43503339269426133 , validate Accuracy: 0.7889999747276306
validation accuracy: 0.7906666398048401
checkpoint saved
Epoch 67, Train Accuracy: 0.8165555596351624 , TrainLoss: 0.43451744929949443 , validate Accuracy: 0.7906666398048401
validation accuracy: 0.7870000004768372
Epoch 68, Train Accuracy: 0.8140000104904175 , TrainLoss: 0.4358546970685323 , validate Accuracy: 0.7870000004768372
validation accuracy: 0.7873333096504211
Epoch 69, Train Accuracy: 0.81977778673172 , TrainLoss: 0.42798662507534024 , validate Accuracy: 0.7873333096504211
validation accuracy: 0.7860000133514404
Epoch 70, Train Accuracy: 0.8114444613456726 , TrainLoss: 0.43897474548551774 , validate Accuracy: 0.7860000133514404
validation accuracy: 0.7883332967758179
Epoch 71, Train Accuracy: 0.8172222375869751 , TrainLoss: 0.43411624399820964 , validate Accuracy: 0.7883332967758179
validation accuracy: 0.7839999794960022
Epoch 72, Train Accuracy: 0.8159999847412109 , TrainLoss: 0.43281864680184257 , validate Accuracy: 0.7839999794960022
validation accuracy: 0.7876666784286499
Epoch 73, Train Accuracy: 0.815666675567627 , TrainLoss: 0.43160135618845624 , validate Accuracy: 0.7876666784286499
validation accuracy: 0.7876666784286499
Epoch 74, Train Accuracy: 0.8183333277702332 , TrainLoss: 0.4288908202383253 , validate Accuracy: 0.7876666784286499
validation accuracy: 0.7853333353996277
Epoch 75, Train Accuracy: 0.8182222247123718 , TrainLoss: 0.43203144749005634 , validate Accuracy: 0.7853333353996277
validation accuracy: 0.7860000133514404
Epoch 76, Train Accuracy: 0.816111147403717 , TrainLoss: 0.43609536594814724 , validate Accuracy: 0.7860000133514404
validation accuracy: 0.7846666574478149
Epoch 77, Train Accuracy: 0.8152222037315369 , TrainLoss: 0.4321319782998827 , validate Accuracy: 0.7846666574478149
validation accuracy: 0.7846666574478149
Epoch 78, Train Accuracy: 0.8185555934906006 , TrainLoss: 0.4322684770160251 , validate Accuracy: 0.7846666574478149
validation accuracy: 0.7860000133514404
Epoch 79, Train Accuracy: 0.8191111087799072 , TrainLoss: 0.43111441151301066 , validate Accuracy: 0.7860000133514404
validation accuracy: 0.7860000133514404
Epoch 80, Train Accuracy: 0.8176666498184204 , TrainLoss: 0.43152159224616154 , validate Accuracy: 0.7860000133514404
validation accuracy: 0.7860000133514404
Epoch 81, Train Accuracy: 0.8135555386543274 , TrainLoss: 0.4375839040544298 , validate Accuracy: 0.7860000133514404
validation accuracy: 0.7876666784286499
Epoch 82, Train Accuracy: 0.8145555853843689 , TrainLoss: 0.4337281440496445 , validate Accuracy: 0.7876666784286499
validation accuracy: 0.7860000133514404
Epoch 83, Train Accuracy: 0.815333366394043 , TrainLoss: 0.4310201926496294 , validate Accuracy: 0.7860000133514404
validation accuracy: 0.7873333096504211
Epoch 84, Train Accuracy: 0.8103333711624146 , TrainLoss: 0.4335925357606676 , validate Accuracy: 0.7873333096504211
validation accuracy: 0.7863333225250244
Epoch 85, Train Accuracy: 0.8134444355964661 , TrainLoss: 0.4345129316647848 , validate Accuracy: 0.7863333225250244
validation accuracy: 0.7886666655540466
Epoch 86, Train Accuracy: 0.819444477558136 , TrainLoss: 0.4267757955127292 , validate Accuracy: 0.7886666655540466
validation accuracy: 0.7863333225250244
Epoch 87, Train Accuracy: 0.8183333277702332 , TrainLoss: 0.43429950290256075 , validate Accuracy: 0.7863333225250244
validation accuracy: 0.7856666445732117
Epoch 88, Train Accuracy: 0.8159999847412109 , TrainLoss: 0.4283921118312412 , validate Accuracy: 0.7856666445732117
validation accuracy: 0.7896666526794434
Epoch 89, Train Accuracy: 0.8158888816833496 , TrainLoss: 0.4343796679708693 , validate Accuracy: 0.7896666526794434
validation accuracy: 0.7870000004768372
Epoch 90, Train Accuracy: 0.8125555515289307 , TrainLoss: 0.4401179901229011 , validate Accuracy: 0.7870000004768372
validation accuracy: 0.7839999794960022
Epoch 91, Train Accuracy: 0.8140000104904175 , TrainLoss: 0.43498169427447847 , validate Accuracy: 0.7839999794960022
validation accuracy: 0.7873333096504211
Epoch 92, Train Accuracy: 0.8162222504615784 , TrainLoss: 0.4299605982303619 , validate Accuracy: 0.7873333096504211
validation accuracy: 0.784333348274231
Epoch 93, Train Accuracy: 0.8128889203071594 , TrainLoss: 0.43432231516308256 , validate Accuracy: 0.784333348274231
validation accuracy: 0.7866666316986084
Epoch 94, Train Accuracy: 0.8141111135482788 , TrainLoss: 0.4316027785407172 , validate Accuracy: 0.7866666316986084
validation accuracy: 0.7870000004768372
Epoch 95, Train Accuracy: 0.8176666498184204 , TrainLoss: 0.4307335019906362 , validate Accuracy: 0.7870000004768372
validation accuracy: 0.7870000004768372
Epoch 96, Train Accuracy: 0.8094444274902344 , TrainLoss: 0.43565116413434346 , validate Accuracy: 0.7870000004768372
validation accuracy: 0.7839999794960022
Epoch 97, Train Accuracy: 0.8142222166061401 , TrainLoss: 0.42825109537442524 , validate Accuracy: 0.7839999794960022
validation accuracy: 0.7870000004768372
Epoch 98, Train Accuracy: 0.8158888816833496 , TrainLoss: 0.43044861724641587 , validate Accuracy: 0.7870000004768372
validation accuracy: 0.784333348274231
Epoch 99, Train Accuracy: 0.8131111264228821 , TrainLoss: 0.438625832411978 , validate Accuracy: 0.784333348274231
validation accuracy: 0.7876666784286499
Epoch 100, Train Accuracy: 0.8180000185966492 , TrainLoss: 0.42958859634399416 , validate Accuracy: 0.7876666784286499
validation accuracy: 0.7856666445732117
Epoch 101, Train Accuracy: 0.8125555515289307 , TrainLoss: 0.4321539938979679 , validate Accuracy: 0.7856666445732117
validation accuracy: 0.7866666316986084
Epoch 102, Train Accuracy: 0.8109999895095825 , TrainLoss: 0.43147952951987584 , validate Accuracy: 0.7866666316986084
validation accuracy: 0.7870000004768372
Epoch 103, Train Accuracy: 0.8170000314712524 , TrainLoss: 0.4317373376687368 , validate Accuracy: 0.7870000004768372
validation accuracy: 0.7886666655540466
Epoch 104, Train Accuracy: 0.8131111264228821 , TrainLoss: 0.43229258754518296 , validate Accuracy: 0.7886666655540466
validation accuracy: 0.7873333096504211
Epoch 105, Train Accuracy: 0.8095555901527405 , TrainLoss: 0.44161982078022427 , validate Accuracy: 0.7873333096504211
validation accuracy: 0.7860000133514404
Epoch 106, Train Accuracy: 0.8149999976158142 , TrainLoss: 0.43306063980526394 , validate Accuracy: 0.7860000133514404
validation accuracy: 0.7899999618530273
Epoch 107, Train Accuracy: 0.8151111006736755 , TrainLoss: 0.4353169685999552 , validate Accuracy: 0.7899999618530273
validation accuracy: 0.7839999794960022
Epoch 108, Train Accuracy: 0.8157777786254883 , TrainLoss: 0.42640089390012953 , validate Accuracy: 0.7839999794960022
validation accuracy: 0.7866666316986084
Epoch 109, Train Accuracy: 0.812333345413208 , TrainLoss: 0.43684305895699393 , validate Accuracy: 0.7866666316986084
validation accuracy: 0.7873333096504211
Epoch 110, Train Accuracy: 0.8151111006736755 , TrainLoss: 0.43152684842215644 , validate Accuracy: 0.7873333096504211
validation accuracy: 0.7856666445732117
Epoch 111, Train Accuracy: 0.8140000104904175 , TrainLoss: 0.43746274728245205 , validate Accuracy: 0.7856666445732117
validation accuracy: 0.7853333353996277
Epoch 112, Train Accuracy: 0.8165555596351624 , TrainLoss: 0.4302952258321974 , validate Accuracy: 0.7853333353996277
validation accuracy: 0.7860000133514404
Epoch 113, Train Accuracy: 0.8144444823265076 , TrainLoss: 0.43539664787716337 , validate Accuracy: 0.7860000133514404
validation accuracy: 0.7849999666213989
Epoch 114, Train Accuracy: 0.8207777738571167 , TrainLoss: 0.42795906167560155 , validate Accuracy: 0.7849999666213989
validation accuracy: 0.7889999747276306
Epoch 115, Train Accuracy: 0.8144444823265076 , TrainLoss: 0.4335346408420139 , validate Accuracy: 0.7889999747276306
validation accuracy: 0.7839999794960022
Epoch 116, Train Accuracy: 0.816777765750885 , TrainLoss: 0.4276869725651211 , validate Accuracy: 0.7839999794960022
validation accuracy: 0.7866666316986084
Epoch 117, Train Accuracy: 0.8163333535194397 , TrainLoss: 0.4314299407667584 , validate Accuracy: 0.7866666316986084
validation accuracy: 0.7866666316986084
Epoch 118, Train Accuracy: 0.8100000023841858 , TrainLoss: 0.4340655150413513 , validate Accuracy: 0.7866666316986084
validation accuracy: 0.7876666784286499
Epoch 119, Train Accuracy: 0.8148888945579529 , TrainLoss: 0.4297072803179423 , validate Accuracy: 0.7876666784286499
